#
# A fatal error has been detected by the Java Runtime Environment:
#
#  EXCEPTION_ACCESS_VIOLATION (0xc0000005) at pc=0x00007ffa21f742b0, pid=8812, tid=11204
#
# JRE version: OpenJDK Runtime Environment (17.0.1+12) (build 17.0.1+12-39)
# Java VM: OpenJDK 64-Bit Server VM (17.0.1+12-39, mixed mode, sharing, tiered, compressed oops, compressed class ptrs, g1 gc, windows-amd64)
# Problematic frame:
# V  [jvm.dll+0x6742b0]
#
# No core dump will be written. Minidumps are not enabled by default on client versions of Windows
#
# If you would like to submit a bug report, please visit:
#   https://bugreport.java.com/bugreport/crash.jsp
#

---------------  S U M M A R Y ------------

Command Line: --add-opens=java.base/java.util=ALL-UNNAMED --add-opens=java.base/java.lang=ALL-UNNAMED --add-opens=java.base/java.lang.invoke=ALL-UNNAMED --add-opens=java.base/java.util=ALL-UNNAMED --add-opens=java.prefs/java.util.prefs=ALL-UNNAMED --add-opens=java.prefs/java.util.prefs=ALL-UNNAMED --add-opens=java.base/java.nio.charset=ALL-UNNAMED --add-opens=java.base/java.net=ALL-UNNAMED --add-opens=java.base/java.util.concurrent.atomic=ALL-UNNAMED -XX:MaxMetaspaceSize=256m -XX:+HeapDumpOnOutOfMemoryError -Xms256m -Xmx512m -Dfile.encoding=x-windows-949 -Duser.country=KR -Duser.language=ko -Duser.variant org.gradle.launcher.daemon.bootstrap.GradleDaemon 7.4

Host: Intel(R) Core(TM) i7-8700 CPU @ 3.20GHz, 12 cores, 15G,  Windows 10 , 64 bit Build 19041 (10.0.19041.1566)
Time: Thu Mar 24 16:41:53 2022  Windows 10 , 64 bit Build 19041 (10.0.19041.1566) elapsed time: 10.397209 seconds (0d 0h 0m 10s)

---------------  T H R E A D  ---------------

Current thread (0x0000025734dd2fe0):  JavaThread "C2 CompilerThread0" daemon [_thread_in_native, id=11204, stack(0x000000a995600000,0x000000a995700000)]


Current CompileTask:
C2:  10397 1992   !   4       java.lang.ClassLoader::loadClass (121 bytes)

Stack: [0x000000a995600000,0x000000a995700000],  sp=0x000000a9956fb9b0,  free space=1006k
Native frames: (J=compiled Java code, j=interpreted, Vv=VM code, C=native code)
V  [jvm.dll+0x6742b0]
V  [jvm.dll+0x6751e9]
V  [jvm.dll+0x6768d4]
V  [jvm.dll+0x674f5d]
V  [jvm.dll+0x215fbf]
V  [jvm.dll+0x215011]
V  [jvm.dll+0x1a168d]
V  [jvm.dll+0x224848]
V  [jvm.dll+0x2229ac]
V  [jvm.dll+0x78435b]
V  [jvm.dll+0x77e91a]
V  [jvm.dll+0x66e845]
C  [ucrtbase.dll+0x21bb2]
C  [KERNEL32.DLL+0x17034]
C  [ntdll.dll+0x52651]


siginfo: EXCEPTION_ACCESS_VIOLATION (0xc0000005), reading address 0x0000000000000000


Register to memory mapping:

RIP=0x00007ffa21f742b0 jvm.dll
RAX=0x0000000000000021 is an unknown value
RBX=0x000000000000000b is an unknown value
RCX=0x000000a9956fd050 is pointing into the stack for thread: 0x0000025734dd2fe0
RDX=0x000000000000000b is an unknown value
RSP=0x000000a9956fb9b0 is pointing into the stack for thread: 0x0000025734dd2fe0
RBP=0x000000a9956fba18 is pointing into the stack for thread: 0x0000025734dd2fe0
RSI=0x00000000e0000001 is pointing into object: [B 
{0x00000000e0000000} - klass: {type array byte}
 - length: 617651
RDI=0x00000257376b4d50 points into unknown readable memory: 0x200000080000000b | 0b 00 00 00 08 00 00 20
R8 =0x00000257374b0598 points into unknown readable memory: 0x00007ffa2217fa28 | 28 fa 17 22 fa 7f 00 00
R9 =0x000000000000000b is an unknown value
R10=0x0 is NULL
R11=0x000000a9956fb940 is pointing into the stack for thread: 0x0000025734dd2fe0
R12=0x00000257379bb3a0 points into unknown readable memory: 0x00000257379bb3e0 | e0 b3 9b 37 57 02 00 00
R13=0x000000a9956fd050 is pointing into the stack for thread: 0x0000025734dd2fe0
R14=0x00000257376b4ae0 points into unknown readable memory: 0x0000000200000000 | 00 00 00 00 02 00 00 00
R15=0x0 is NULL


Registers:
RAX=0x0000000000000021, RBX=0x000000000000000b, RCX=0x000000a9956fd050, RDX=0x000000000000000b
RSP=0x000000a9956fb9b0, RBP=0x000000a9956fba18, RSI=0x00000000e0000001, RDI=0x00000257376b4d50
R8 =0x00000257374b0598, R9 =0x000000000000000b, R10=0x0000000000000000, R11=0x000000a9956fb940
R12=0x00000257379bb3a0, R13=0x000000a9956fd050, R14=0x00000257376b4ae0, R15=0x0000000000000000
RIP=0x00007ffa21f742b0, EFLAGS=0x0000000000010246

Top of Stack: (sp=0x000000a9956fb9b0)
0x000000a9956fb9b0:   0000000000000001 000002573580a288
0x000000a9956fb9c0:   000000a9956fba18 0000000000000000
0x000000a9956fb9d0:   0000000000000000 0000000000000000
0x000000a9956fb9e0:   000000a9956fd050 0000025736a9d3d0
0x000000a9956fb9f0:   0000000000000000 0000000000000000
0x000000a9956fba00:   00000257376b4ae0 00007ffa219aa5ec
0x000000a9956fba10:   00000000e0000001 000000a9956fd050
0x000000a9956fba20:   00000257376b4d50 0000000020000008
0x000000a9956fba30:   00000257374b0598 00007ffa21f751e9
0x000000a9956fba40:   000000a9956fd050 00000257374b0598
0x000000a9956fba50:   00000257374b0598 000000000000000a
0x000000a9956fba60:   00000257376b4d50 00000257376b4ae0
0x000000a9956fba70:   00000048ffffff00 0000000000000000
0x000000a9956fba80:   00007ffa2213af00 0000000000000000
0x000000a9956fba90:   000000a900000000 0000000000000000
0x000000a9956fbaa0:   00000000000000ee 0000000000000000 

Instructions: (pc=0x00007ffa21f742b0)
0x00007ffa21f741b0:   eb 3e 80 e1 03 80 f9 02 75 67 49 8b 45 00 49 8b
0x00007ffa21f741c0:   cd ff 90 60 01 00 00 84 c0 74 56 48 8b 46 40 48
0x00007ffa21f741d0:   8b 08 80 b9 88 00 00 00 00 74 15 0f 1f 44 00 00
0x00007ffa21f741e0:   48 8b 41 40 48 8b 08 80 b9 88 00 00 00 00 75 f0
0x00007ffa21f741f0:   8b 41 4c 48 8d 0c 80 48 8b 45 7f 44 8b 04 c8 48
0x00007ffa21f74200:   8b 4d 77 41 8b c6 41 c1 f8 02 8b 14 81 49 8d 8c
0x00007ffa21f74210:   24 c8 01 00 00 e8 76 4d c4 ff 41 ff c6 44 89 75
0x00007ffa21f74220:   ef 49 8b 54 24 08 41 ff c7 44 89 7d f3 48 8b 82
0x00007ffa21f74230:   40 08 00 00 44 3b 78 40 0f 82 52 fb ff ff 4c 8b
0x00007ffa21f74240:   ac 24 90 00 00 00 48 8b bc 24 98 00 00 00 48 8b
0x00007ffa21f74250:   b4 24 a0 00 00 00 48 8b 9c 24 d8 00 00 00 48 81
0x00007ffa21f74260:   c4 a8 00 00 00 41 5f 41 5e 41 5c 5d c3 cc cc cc
0x00007ffa21f74270:   4c 89 44 24 18 48 89 4c 24 08 55 57 41 55 41 57
0x00007ffa21f74280:   48 8b ec 48 83 ec 68 48 8b 7d 48 4d 8b f9 4c 8b
0x00007ffa21f74290:   e9 44 8b 0f 44 3b ca 74 17 48 8b 41 08 4c 3b b8
0x00007ffa21f742a0:   d0 02 00 00 0f 84 95 05 00 00 41 8d 41 ff 89 07
0x00007ffa21f742b0:   49 8b 07 49 8b cf 48 89 9c 24 a8 00 00 00 48 89
0x00007ffa21f742c0:   74 24 60 4c 89 74 24 50 ff 50 28 41 80 7f 2c 84
0x00007ffa21f742d0:   48 8b f0 0f 85 64 01 00 00 4c 89 64 24 58 33 db
0x00007ffa21f742e0:   4c 8b 65 50 49 63 04 24 85 c0 7e 2d 45 8b 47 28
0x00007ffa21f742f0:   48 8b d0 49 8b 44 24 08 8b cb 66 0f 1f 44 00 00
0x00007ffa21f74300:   4c 8b 30 45 39 46 08 0f 84 16 01 00 00 48 ff c1
0x00007ffa21f74310:   48 83 c0 08 48 3b ca 7c e7 48 8b 06 48 8b ce ff
0x00007ffa21f74320:   90 d8 00 00 00 33 d2 4c 8b f0 8d 4a 10 e8 ee 17
0x00007ffa21f74330:   05 00 48 8b f0 48 85 c0 74 24 49 8b 16 49 8b ce
0x00007ffa21f74340:   ff 92 80 00 00 00 48 8b c8 e8 c2 4e ac ff 48 8d
0x00007ffa21f74350:   0d eb f7 24 00 48 89 46 08 48 89 0e eb 03 48 8b
0x00007ffa21f74360:   f3 33 d2 41 38 5f 48 74 21 8d 4a 48 e8 af 17 05
0x00007ffa21f74370:   00 48 85 c0 74 37 41 8b 57 28 4c 8b c6 48 8b c8
0x00007ffa21f74380:   e8 5b 36 db ff 4c 8b f0 eb 26 b9 40 00 00 00 e8
0x00007ffa21f74390:   8c 17 05 00 48 85 c0 74 14 41 8b 57 28 4c 8b c6
0x00007ffa21f743a0:   48 8b c8 e8 a8 36 db ff 4c 8b f0 eb 03 4c 8b f3 


Stack slot to memory mapping:
stack at sp + 0 slots: 0x0000000000000001 is an unknown value
stack at sp + 1 slots: 0x000002573580a288 points into unknown readable memory: 0x00007ffa2225ac98 | 98 ac 25 22 fa 7f 00 00
stack at sp + 2 slots: 0x000000a9956fba18 is pointing into the stack for thread: 0x0000025734dd2fe0
stack at sp + 3 slots: 0x0 is NULL
stack at sp + 4 slots: 0x0 is NULL
stack at sp + 5 slots: 0x0 is NULL
stack at sp + 6 slots: 0x000000a9956fd050 is pointing into the stack for thread: 0x0000025734dd2fe0
stack at sp + 7 slots: 0x0000025736a9d3d0 points into unknown readable memory: 0x00007ffa223e9378 | 78 93 3e 22 fa 7f 00 00


---------------  P R O C E S S  ---------------

Threads class SMR info:
_java_thread_list=0x000002583aa01f00, length=34, elements={
0x00000257181de270, 0x0000025734dacf20, 0x0000025734dadca0, 0x0000025734dce8e0,
0x0000025734dd01b0, 0x0000025734dd0a70, 0x0000025734dd2340, 0x0000025734dd2fe0,
0x0000025734dd59a0, 0x0000025734dd82b0, 0x0000025735909090, 0x000002573590b980,
0x0000025735a65ab0, 0x0000025736ed3210, 0x0000025736728f30, 0x000002573733d440,
0x0000025736efb030, 0x0000025735a0e400, 0x0000025735a0c720, 0x0000025735a0e8d0,
0x0000025735a0cbf0, 0x0000025735a0df30, 0x0000025735a0c250, 0x0000025735a0eda0,
0x0000025735a0d0c0, 0x0000025735a0f270, 0x0000025735a0f740, 0x0000025735a0bd80,
0x0000025735a0d590, 0x0000025735a0da60, 0x00000257399413f0, 0x000002573993cbc0,
0x000002573993df00, 0x000002573993d560
}

Java Threads: ( => current thread )
  0x00000257181de270 JavaThread "main" [_thread_blocked, id=12360, stack(0x000000a994900000,0x000000a994a00000)]
  0x0000025734dacf20 JavaThread "Reference Handler" daemon [_thread_blocked, id=13448, stack(0x000000a995000000,0x000000a995100000)]
  0x0000025734dadca0 JavaThread "Finalizer" daemon [_thread_blocked, id=1956, stack(0x000000a995100000,0x000000a995200000)]
  0x0000025734dce8e0 JavaThread "Signal Dispatcher" daemon [_thread_blocked, id=14420, stack(0x000000a995200000,0x000000a995300000)]
  0x0000025734dd01b0 JavaThread "Attach Listener" daemon [_thread_blocked, id=1336, stack(0x000000a995300000,0x000000a995400000)]
  0x0000025734dd0a70 JavaThread "Service Thread" daemon [_thread_blocked, id=13360, stack(0x000000a995400000,0x000000a995500000)]
  0x0000025734dd2340 JavaThread "Monitor Deflation Thread" daemon [_thread_blocked, id=13308, stack(0x000000a995500000,0x000000a995600000)]
=>0x0000025734dd2fe0 JavaThread "C2 CompilerThread0" daemon [_thread_in_native, id=11204, stack(0x000000a995600000,0x000000a995700000)]
  0x0000025734dd59a0 JavaThread "C1 CompilerThread0" daemon [_thread_in_native, id=3888, stack(0x000000a995700000,0x000000a995800000)]
  0x0000025734dd82b0 JavaThread "Sweeper thread" daemon [_thread_blocked, id=7276, stack(0x000000a995800000,0x000000a995900000)]
  0x0000025735909090 JavaThread "Common-Cleaner" daemon [_thread_blocked, id=7356, stack(0x000000a995900000,0x000000a995a00000)]
  0x000002573590b980 JavaThread "Notification Thread" daemon [_thread_blocked, id=12904, stack(0x000000a995a00000,0x000000a995b00000)]
  0x0000025735a65ab0 JavaThread "Daemon health stats" [_thread_blocked, id=6736, stack(0x000000a996200000,0x000000a996300000)]
  0x0000025736ed3210 JavaThread "Incoming local TCP Connector on port 54670" [_thread_in_native, id=5584, stack(0x000000a995c00000,0x000000a995d00000)]
  0x0000025736728f30 JavaThread "Daemon periodic checks" [_thread_blocked, id=7552, stack(0x000000a996300000,0x000000a996400000)]
  0x000002573733d440 JavaThread "Daemon" [_thread_blocked, id=7568, stack(0x000000a996400000,0x000000a996500000)]
  0x0000025736efb030 JavaThread "Handler for socket connection from /127.0.0.1:54670 to /127.0.0.1:54671" [_thread_in_native, id=5588, stack(0x000000a996500000,0x000000a996600000)]
  0x0000025735a0e400 JavaThread "Cancel handler" [_thread_blocked, id=7448, stack(0x000000a996600000,0x000000a996700000)]
  0x0000025735a0c720 JavaThread "Daemon worker" [_thread_in_vm, id=6592, stack(0x000000a996700000,0x000000a996800000)]
  0x0000025735a0e8d0 JavaThread "Asynchronous log dispatcher for DefaultDaemonConnection: socket connection from /127.0.0.1:54670 to /127.0.0.1:54671" [_thread_blocked, id=10084, stack(0x000000a996800000,0x000000a996900000)]
  0x0000025735a0cbf0 JavaThread "Stdin handler" [_thread_blocked, id=6544, stack(0x000000a996900000,0x000000a996a00000)]
  0x0000025735a0df30 JavaThread "Daemon client event forwarder" [_thread_blocked, id=15252, stack(0x000000a996a00000,0x000000a996b00000)]
  0x0000025735a0c250 JavaThread "Cache worker for journal cache (C:\Users\smrhd\.gradle\caches\journal-1)" [_thread_blocked, id=12884, stack(0x000000a996b00000,0x000000a996c00000)]
  0x0000025735a0eda0 JavaThread "File lock request listener" [_thread_in_native, id=4212, stack(0x000000a996c00000,0x000000a996d00000)]
  0x0000025735a0d0c0 JavaThread "Cache worker for file hash cache (C:\Users\smrhd\.gradle\caches\7.4\fileHashes)" [_thread_blocked, id=11980, stack(0x000000a996d00000,0x000000a996e00000)]
  0x0000025735a0f270 JavaThread "File watcher server" daemon [_thread_in_native, id=3980, stack(0x000000a997000000,0x000000a997100000)]
  0x0000025735a0f740 JavaThread "File watcher consumer" daemon [_thread_blocked, id=3624, stack(0x000000a997100000,0x000000a997200000)]
  0x0000025735a0bd80 JavaThread "Cache worker for checksums cache (C:\Users\smrhd\Desktop\mindchat\backend\.gradle\7.4\checksums)" [_thread_blocked, id=11988, stack(0x000000a997200000,0x000000a997300000)]
  0x0000025735a0d590 JavaThread "Cache worker for cache directory md-rule (C:\Users\smrhd\.gradle\caches\7.4\md-rule)" [_thread_blocked, id=15024, stack(0x000000a997300000,0x000000a997400000)]
  0x0000025735a0da60 JavaThread "Cache worker for file hash cache (C:\Users\smrhd\Desktop\mindchat\backend\.gradle\7.4\fileHashes)" [_thread_blocked, id=14880, stack(0x000000a997400000,0x000000a997500000)]
  0x00000257399413f0 JavaThread "Cache worker for cache directory md-supplier (C:\Users\smrhd\.gradle\caches\7.4\md-supplier)" [_thread_blocked, id=14828, stack(0x000000a996f00000,0x000000a997000000)]
  0x000002573993cbc0 JavaThread "Cache worker for execution history cache (C:\Users\smrhd\.gradle\caches\7.4\executionHistory)" [_thread_blocked, id=3988, stack(0x000000a996e00000,0x000000a996f00000)]
  0x000002573993df00 JavaThread "jar transforms" [_thread_blocked, id=7500, stack(0x000000a997c00000,0x000000a997d00000)]
  0x000002573993d560 JavaThread "jar transforms Thread 2" [_thread_blocked, id=10888, stack(0x000000a997d00000,0x000000a997e00000)]

Other Threads:
  0x0000025734da8410 VMThread "VM Thread" [stack: 0x000000a994f00000,0x000000a995000000] [id=7396]
  0x0000025718213150 WatcherThread [stack: 0x000000a995b00000,0x000000a995c00000] [id=7052]
  0x0000025718205550 GCTaskThread "GC Thread#0" [stack: 0x000000a994a00000,0x000000a994b00000] [id=2072]
  0x0000025735ebe990 GCTaskThread "GC Thread#1" [stack: 0x000000a995d00000,0x000000a995e00000] [id=14548]
  0x0000025736938070 GCTaskThread "GC Thread#2" [stack: 0x000000a995e00000,0x000000a995f00000] [id=11288]
  0x0000025736938320 GCTaskThread "GC Thread#3" [stack: 0x000000a995f00000,0x000000a996000000] [id=13884]
  0x0000025736aaa010 GCTaskThread "GC Thread#4" [stack: 0x000000a996000000,0x000000a996100000] [id=7640]
  0x0000025736aaa2c0 GCTaskThread "GC Thread#5" [stack: 0x000000a996100000,0x000000a996200000] [id=12996]
  0x000002583a33d150 GCTaskThread "GC Thread#6" [stack: 0x000000a997500000,0x000000a997600000] [id=13756]
  0x000002583a33b920 GCTaskThread "GC Thread#7" [stack: 0x000000a997600000,0x000000a997700000] [id=14360]
  0x000002583a33c690 GCTaskThread "GC Thread#8" [stack: 0x000000a997700000,0x000000a997800000] [id=14860]
  0x000002583a33be80 GCTaskThread "GC Thread#9" [stack: 0x000000a997800000,0x000000a997900000] [id=4376]
  0x000002571820b3b0 ConcurrentGCThread "G1 Main Marker" [stack: 0x000000a994b00000,0x000000a994c00000] [id=10020]
  0x000002571820c470 ConcurrentGCThread "G1 Conc#0" [stack: 0x000000a994c00000,0x000000a994d00000] [id=13424]
  0x000002583a33cea0 ConcurrentGCThread "G1 Conc#1" [stack: 0x000000a997900000,0x000000a997a00000] [id=8660]
  0x000002583a33c130 ConcurrentGCThread "G1 Conc#2" [stack: 0x000000a997a00000,0x000000a997b00000] [id=9068]
  0x00000257182bd640 ConcurrentGCThread "G1 Refine#0" [stack: 0x000000a994d00000,0x000000a994e00000] [id=7652]
  0x00000257182bdf70 ConcurrentGCThread "G1 Service" [stack: 0x000000a994e00000,0x000000a994f00000] [id=4420]

Threads with active compile tasks:
C2 CompilerThread0    10500 1992   !   4       java.lang.ClassLoader::loadClass (121 bytes)

VM state: not at safepoint (normal execution)

VM Mutex/Monitor currently owned by a thread: None

Heap address: 0x00000000e0000000, size: 512 MB, Compressed Oops mode: 32-bit

CDS archive(s) mapped at: [0x0000000800000000-0x0000000800bc0000-0x0000000800bc0000), size 12320768, SharedBaseAddress: 0x0000000800000000, ArchiveRelocationMode: 0.
Compressed class space mapped at: 0x0000000800c00000-0x000000080dc00000, reserved size: 218103808
Narrow klass base: 0x0000000800000000, Narrow klass shift: 0, Narrow klass range: 0x100000000

GC Precious Log:
 CPUs: 12 total, 12 available
 Memory: 16225M
 Large Page Support: Disabled
 NUMA Support: Disabled
 Compressed Oops: Enabled (32-bit)
 Heap Region Size: 1M
 Heap Min Capacity: 256M
 Heap Initial Capacity: 256M
 Heap Max Capacity: 512M
 Pre-touch: Disabled
 Parallel Workers: 10
 Concurrent Workers: 3
 Concurrent Refinement Workers: 10
 Periodic GC: Disabled

Heap:
 garbage-first heap   total 262144K, used 36096K [0x00000000e0000000, 0x0000000100000000)
  region size 1024K, 28 young (28672K), 12 survivors (12288K)
 Metaspace       used 23766K, committed 24064K, reserved 237568K
  class space    used 3585K, committed 3712K, reserved 212992K

Heap Regions: E=young(eden), S=young(survivor), O=old, HS=humongous(starts), HC=humongous(continues), CS=collection set, F=free, OA=open archive, CA=closed archive, TAMS=top-at-mark-start (previous, next)
|   0|0x00000000e0000000, 0x00000000e0000000, 0x00000000e0100000|  0%| F|  |TAMS 0x00000000e0000000, 0x00000000e0000000| Untracked 
|   1|0x00000000e0100000, 0x00000000e0200000, 0x00000000e0200000|100%| O|  |TAMS 0x00000000e0200000, 0x00000000e0100000| Untracked 
|   2|0x00000000e0200000, 0x00000000e0300000, 0x00000000e0300000|100%| O|  |TAMS 0x00000000e0300000, 0x00000000e0200000| Untracked 
|   3|0x00000000e0300000, 0x00000000e0400000, 0x00000000e0400000|100%|HS|  |TAMS 0x00000000e0400000, 0x00000000e0300000| Complete 
|   4|0x00000000e0400000, 0x00000000e0500000, 0x00000000e0500000|100%|HC|  |TAMS 0x00000000e0500000, 0x00000000e0400000| Complete 
|   5|0x00000000e0500000, 0x00000000e0600000, 0x00000000e0600000|100%|HC|  |TAMS 0x00000000e0600000, 0x00000000e0500000| Complete 
|   6|0x00000000e0600000, 0x00000000e0700000, 0x00000000e0700000|100%| O|  |TAMS 0x00000000e0700000, 0x00000000e0600000| Untracked 
|   7|0x00000000e0700000, 0x00000000e0800000, 0x00000000e0800000|100%| O|  |TAMS 0x00000000e0800000, 0x00000000e0700000| Untracked 
|   8|0x00000000e0800000, 0x00000000e0900000, 0x00000000e0900000|100%| O|  |TAMS 0x00000000e0900000, 0x00000000e0800000| Untracked 
|   9|0x00000000e0900000, 0x00000000e0a00000, 0x00000000e0a00000|100%| O|  |TAMS 0x00000000e0a00000, 0x00000000e0900000| Untracked 
|  10|0x00000000e0a00000, 0x00000000e0a2cc00, 0x00000000e0b00000| 17%| O|  |TAMS 0x00000000e0a2cc00, 0x00000000e0a00000| Untracked 
|  11|0x00000000e0b00000, 0x00000000e0b00000, 0x00000000e0c00000|  0%| F|  |TAMS 0x00000000e0b00000, 0x00000000e0b00000| Untracked 
|  12|0x00000000e0c00000, 0x00000000e0c00000, 0x00000000e0d00000|  0%| F|  |TAMS 0x00000000e0c00000, 0x00000000e0c00000| Untracked 
|  13|0x00000000e0d00000, 0x00000000e0d00000, 0x00000000e0e00000|  0%| F|  |TAMS 0x00000000e0d00000, 0x00000000e0d00000| Untracked 
|  14|0x00000000e0e00000, 0x00000000e0e00000, 0x00000000e0f00000|  0%| F|  |TAMS 0x00000000e0e00000, 0x00000000e0e00000| Untracked 
|  15|0x00000000e0f00000, 0x00000000e0f00000, 0x00000000e1000000|  0%| F|  |TAMS 0x00000000e0f00000, 0x00000000e0f00000| Untracked 
|  16|0x00000000e1000000, 0x00000000e1000000, 0x00000000e1100000|  0%| F|  |TAMS 0x00000000e1000000, 0x00000000e1000000| Untracked 
|  17|0x00000000e1100000, 0x00000000e1100000, 0x00000000e1200000|  0%| F|  |TAMS 0x00000000e1100000, 0x00000000e1100000| Untracked 
|  18|0x00000000e1200000, 0x00000000e1200000, 0x00000000e1300000|  0%| F|  |TAMS 0x00000000e1200000, 0x00000000e1200000| Untracked 
|  19|0x00000000e1300000, 0x00000000e1300000, 0x00000000e1400000|  0%| F|  |TAMS 0x00000000e1300000, 0x00000000e1300000| Untracked 
|  20|0x00000000e1400000, 0x00000000e1400000, 0x00000000e1500000|  0%| F|  |TAMS 0x00000000e1400000, 0x00000000e1400000| Untracked 
|  21|0x00000000e1500000, 0x00000000e1500000, 0x00000000e1600000|  0%| F|  |TAMS 0x00000000e1500000, 0x00000000e1500000| Untracked 
|  22|0x00000000e1600000, 0x00000000e1600000, 0x00000000e1700000|  0%| F|  |TAMS 0x00000000e1600000, 0x00000000e1600000| Untracked 
|  23|0x00000000e1700000, 0x00000000e1700000, 0x00000000e1800000|  0%| F|  |TAMS 0x00000000e1700000, 0x00000000e1700000| Untracked 
|  24|0x00000000e1800000, 0x00000000e1800000, 0x00000000e1900000|  0%| F|  |TAMS 0x00000000e1800000, 0x00000000e1800000| Untracked 
|  25|0x00000000e1900000, 0x00000000e1900000, 0x00000000e1a00000|  0%| F|  |TAMS 0x00000000e1900000, 0x00000000e1900000| Untracked 
|  26|0x00000000e1a00000, 0x00000000e1a00000, 0x00000000e1b00000|  0%| F|  |TAMS 0x00000000e1a00000, 0x00000000e1a00000| Untracked 
|  27|0x00000000e1b00000, 0x00000000e1b00000, 0x00000000e1c00000|  0%| F|  |TAMS 0x00000000e1b00000, 0x00000000e1b00000| Untracked 
|  28|0x00000000e1c00000, 0x00000000e1c00000, 0x00000000e1d00000|  0%| F|  |TAMS 0x00000000e1c00000, 0x00000000e1c00000| Untracked 
|  29|0x00000000e1d00000, 0x00000000e1d00000, 0x00000000e1e00000|  0%| F|  |TAMS 0x00000000e1d00000, 0x00000000e1d00000| Untracked 
|  30|0x00000000e1e00000, 0x00000000e1e00000, 0x00000000e1f00000|  0%| F|  |TAMS 0x00000000e1e00000, 0x00000000e1e00000| Untracked 
|  31|0x00000000e1f00000, 0x00000000e1f00000, 0x00000000e2000000|  0%| F|  |TAMS 0x00000000e1f00000, 0x00000000e1f00000| Untracked 
|  32|0x00000000e2000000, 0x00000000e2000000, 0x00000000e2100000|  0%| F|  |TAMS 0x00000000e2000000, 0x00000000e2000000| Untracked 
|  33|0x00000000e2100000, 0x00000000e2100000, 0x00000000e2200000|  0%| F|  |TAMS 0x00000000e2100000, 0x00000000e2100000| Untracked 
|  34|0x00000000e2200000, 0x00000000e2200000, 0x00000000e2300000|  0%| F|  |TAMS 0x00000000e2200000, 0x00000000e2200000| Untracked 
|  35|0x00000000e2300000, 0x00000000e2300000, 0x00000000e2400000|  0%| F|  |TAMS 0x00000000e2300000, 0x00000000e2300000| Untracked 
|  36|0x00000000e2400000, 0x00000000e2400000, 0x00000000e2500000|  0%| F|  |TAMS 0x00000000e2400000, 0x00000000e2400000| Untracked 
|  37|0x00000000e2500000, 0x00000000e2500000, 0x00000000e2600000|  0%| F|  |TAMS 0x00000000e2500000, 0x00000000e2500000| Untracked 
|  38|0x00000000e2600000, 0x00000000e2600000, 0x00000000e2700000|  0%| F|  |TAMS 0x00000000e2600000, 0x00000000e2600000| Untracked 
|  39|0x00000000e2700000, 0x00000000e2700000, 0x00000000e2800000|  0%| F|  |TAMS 0x00000000e2700000, 0x00000000e2700000| Untracked 
|  40|0x00000000e2800000, 0x00000000e2800000, 0x00000000e2900000|  0%| F|  |TAMS 0x00000000e2800000, 0x00000000e2800000| Untracked 
|  41|0x00000000e2900000, 0x00000000e2900000, 0x00000000e2a00000|  0%| F|  |TAMS 0x00000000e2900000, 0x00000000e2900000| Untracked 
|  42|0x00000000e2a00000, 0x00000000e2a00000, 0x00000000e2b00000|  0%| F|  |TAMS 0x00000000e2a00000, 0x00000000e2a00000| Untracked 
|  43|0x00000000e2b00000, 0x00000000e2b00000, 0x00000000e2c00000|  0%| F|  |TAMS 0x00000000e2b00000, 0x00000000e2b00000| Untracked 
|  44|0x00000000e2c00000, 0x00000000e2c00000, 0x00000000e2d00000|  0%| F|  |TAMS 0x00000000e2c00000, 0x00000000e2c00000| Untracked 
|  45|0x00000000e2d00000, 0x00000000e2d00000, 0x00000000e2e00000|  0%| F|  |TAMS 0x00000000e2d00000, 0x00000000e2d00000| Untracked 
|  46|0x00000000e2e00000, 0x00000000e2e00000, 0x00000000e2f00000|  0%| F|  |TAMS 0x00000000e2e00000, 0x00000000e2e00000| Untracked 
|  47|0x00000000e2f00000, 0x00000000e2f00000, 0x00000000e3000000|  0%| F|  |TAMS 0x00000000e2f00000, 0x00000000e2f00000| Untracked 
|  48|0x00000000e3000000, 0x00000000e3000000, 0x00000000e3100000|  0%| F|  |TAMS 0x00000000e3000000, 0x00000000e3000000| Untracked 
|  49|0x00000000e3100000, 0x00000000e3100000, 0x00000000e3200000|  0%| F|  |TAMS 0x00000000e3100000, 0x00000000e3100000| Untracked 
|  50|0x00000000e3200000, 0x00000000e3200000, 0x00000000e3300000|  0%| F|  |TAMS 0x00000000e3200000, 0x00000000e3200000| Untracked 
|  51|0x00000000e3300000, 0x00000000e3300000, 0x00000000e3400000|  0%| F|  |TAMS 0x00000000e3300000, 0x00000000e3300000| Untracked 
|  52|0x00000000e3400000, 0x00000000e3400000, 0x00000000e3500000|  0%| F|  |TAMS 0x00000000e3400000, 0x00000000e3400000| Untracked 
|  53|0x00000000e3500000, 0x00000000e3500000, 0x00000000e3600000|  0%| F|  |TAMS 0x00000000e3500000, 0x00000000e3500000| Untracked 
|  54|0x00000000e3600000, 0x00000000e3600000, 0x00000000e3700000|  0%| F|  |TAMS 0x00000000e3600000, 0x00000000e3600000| Untracked 
|  55|0x00000000e3700000, 0x00000000e3700000, 0x00000000e3800000|  0%| F|  |TAMS 0x00000000e3700000, 0x00000000e3700000| Untracked 
|  56|0x00000000e3800000, 0x00000000e3800000, 0x00000000e3900000|  0%| F|  |TAMS 0x00000000e3800000, 0x00000000e3800000| Untracked 
|  57|0x00000000e3900000, 0x00000000e3900000, 0x00000000e3a00000|  0%| F|  |TAMS 0x00000000e3900000, 0x00000000e3900000| Untracked 
|  58|0x00000000e3a00000, 0x00000000e3a00000, 0x00000000e3b00000|  0%| F|  |TAMS 0x00000000e3a00000, 0x00000000e3a00000| Untracked 
|  59|0x00000000e3b00000, 0x00000000e3b00000, 0x00000000e3c00000|  0%| F|  |TAMS 0x00000000e3b00000, 0x00000000e3b00000| Untracked 
|  60|0x00000000e3c00000, 0x00000000e3c00000, 0x00000000e3d00000|  0%| F|  |TAMS 0x00000000e3c00000, 0x00000000e3c00000| Untracked 
|  61|0x00000000e3d00000, 0x00000000e3d00000, 0x00000000e3e00000|  0%| F|  |TAMS 0x00000000e3d00000, 0x00000000e3d00000| Untracked 
|  62|0x00000000e3e00000, 0x00000000e3e00000, 0x00000000e3f00000|  0%| F|  |TAMS 0x00000000e3e00000, 0x00000000e3e00000| Untracked 
|  63|0x00000000e3f00000, 0x00000000e3f00000, 0x00000000e4000000|  0%| F|  |TAMS 0x00000000e3f00000, 0x00000000e3f00000| Untracked 
|  64|0x00000000e4000000, 0x00000000e4000000, 0x00000000e4100000|  0%| F|  |TAMS 0x00000000e4000000, 0x00000000e4000000| Untracked 
|  65|0x00000000e4100000, 0x00000000e4100000, 0x00000000e4200000|  0%| F|  |TAMS 0x00000000e4100000, 0x00000000e4100000| Untracked 
|  66|0x00000000e4200000, 0x00000000e4200000, 0x00000000e4300000|  0%| F|  |TAMS 0x00000000e4200000, 0x00000000e4200000| Untracked 
|  67|0x00000000e4300000, 0x00000000e4300000, 0x00000000e4400000|  0%| F|  |TAMS 0x00000000e4300000, 0x00000000e4300000| Untracked 
|  68|0x00000000e4400000, 0x00000000e4400000, 0x00000000e4500000|  0%| F|  |TAMS 0x00000000e4400000, 0x00000000e4400000| Untracked 
|  69|0x00000000e4500000, 0x00000000e4500000, 0x00000000e4600000|  0%| F|  |TAMS 0x00000000e4500000, 0x00000000e4500000| Untracked 
|  70|0x00000000e4600000, 0x00000000e4600000, 0x00000000e4700000|  0%| F|  |TAMS 0x00000000e4600000, 0x00000000e4600000| Untracked 
|  71|0x00000000e4700000, 0x00000000e4700000, 0x00000000e4800000|  0%| F|  |TAMS 0x00000000e4700000, 0x00000000e4700000| Untracked 
|  72|0x00000000e4800000, 0x00000000e4800000, 0x00000000e4900000|  0%| F|  |TAMS 0x00000000e4800000, 0x00000000e4800000| Untracked 
|  73|0x00000000e4900000, 0x00000000e4900000, 0x00000000e4a00000|  0%| F|  |TAMS 0x00000000e4900000, 0x00000000e4900000| Untracked 
|  74|0x00000000e4a00000, 0x00000000e4a00000, 0x00000000e4b00000|  0%| F|  |TAMS 0x00000000e4a00000, 0x00000000e4a00000| Untracked 
|  75|0x00000000e4b00000, 0x00000000e4b00000, 0x00000000e4c00000|  0%| F|  |TAMS 0x00000000e4b00000, 0x00000000e4b00000| Untracked 
|  76|0x00000000e4c00000, 0x00000000e4c00000, 0x00000000e4d00000|  0%| F|  |TAMS 0x00000000e4c00000, 0x00000000e4c00000| Untracked 
|  77|0x00000000e4d00000, 0x00000000e4d00000, 0x00000000e4e00000|  0%| F|  |TAMS 0x00000000e4d00000, 0x00000000e4d00000| Untracked 
|  78|0x00000000e4e00000, 0x00000000e4e00000, 0x00000000e4f00000|  0%| F|  |TAMS 0x00000000e4e00000, 0x00000000e4e00000| Untracked 
|  79|0x00000000e4f00000, 0x00000000e4f00000, 0x00000000e5000000|  0%| F|  |TAMS 0x00000000e4f00000, 0x00000000e4f00000| Untracked 
|  80|0x00000000e5000000, 0x00000000e5000000, 0x00000000e5100000|  0%| F|  |TAMS 0x00000000e5000000, 0x00000000e5000000| Untracked 
|  81|0x00000000e5100000, 0x00000000e5100000, 0x00000000e5200000|  0%| F|  |TAMS 0x00000000e5100000, 0x00000000e5100000| Untracked 
|  82|0x00000000e5200000, 0x00000000e5200000, 0x00000000e5300000|  0%| F|  |TAMS 0x00000000e5200000, 0x00000000e5200000| Untracked 
|  83|0x00000000e5300000, 0x00000000e5300000, 0x00000000e5400000|  0%| F|  |TAMS 0x00000000e5300000, 0x00000000e5300000| Untracked 
|  84|0x00000000e5400000, 0x00000000e5400000, 0x00000000e5500000|  0%| F|  |TAMS 0x00000000e5400000, 0x00000000e5400000| Untracked 
|  85|0x00000000e5500000, 0x00000000e5500000, 0x00000000e5600000|  0%| F|  |TAMS 0x00000000e5500000, 0x00000000e5500000| Untracked 
|  86|0x00000000e5600000, 0x00000000e5600000, 0x00000000e5700000|  0%| F|  |TAMS 0x00000000e5600000, 0x00000000e5600000| Untracked 
|  87|0x00000000e5700000, 0x00000000e5700000, 0x00000000e5800000|  0%| F|  |TAMS 0x00000000e5700000, 0x00000000e5700000| Untracked 
|  88|0x00000000e5800000, 0x00000000e5800000, 0x00000000e5900000|  0%| F|  |TAMS 0x00000000e5800000, 0x00000000e5800000| Untracked 
|  89|0x00000000e5900000, 0x00000000e5900000, 0x00000000e5a00000|  0%| F|  |TAMS 0x00000000e5900000, 0x00000000e5900000| Untracked 
|  90|0x00000000e5a00000, 0x00000000e5a00000, 0x00000000e5b00000|  0%| F|  |TAMS 0x00000000e5a00000, 0x00000000e5a00000| Untracked 
|  91|0x00000000e5b00000, 0x00000000e5b00000, 0x00000000e5c00000|  0%| F|  |TAMS 0x00000000e5b00000, 0x00000000e5b00000| Untracked 
|  92|0x00000000e5c00000, 0x00000000e5c00000, 0x00000000e5d00000|  0%| F|  |TAMS 0x00000000e5c00000, 0x00000000e5c00000| Untracked 
|  93|0x00000000e5d00000, 0x00000000e5d00000, 0x00000000e5e00000|  0%| F|  |TAMS 0x00000000e5d00000, 0x00000000e5d00000| Untracked 
|  94|0x00000000e5e00000, 0x00000000e5e00000, 0x00000000e5f00000|  0%| F|  |TAMS 0x00000000e5e00000, 0x00000000e5e00000| Untracked 
|  95|0x00000000e5f00000, 0x00000000e5f00000, 0x00000000e6000000|  0%| F|  |TAMS 0x00000000e5f00000, 0x00000000e5f00000| Untracked 
|  96|0x00000000e6000000, 0x00000000e6000000, 0x00000000e6100000|  0%| F|  |TAMS 0x00000000e6000000, 0x00000000e6000000| Untracked 
|  97|0x00000000e6100000, 0x00000000e6100000, 0x00000000e6200000|  0%| F|  |TAMS 0x00000000e6100000, 0x00000000e6100000| Untracked 
|  98|0x00000000e6200000, 0x00000000e6200000, 0x00000000e6300000|  0%| F|  |TAMS 0x00000000e6200000, 0x00000000e6200000| Untracked 
|  99|0x00000000e6300000, 0x00000000e6300000, 0x00000000e6400000|  0%| F|  |TAMS 0x00000000e6300000, 0x00000000e6300000| Untracked 
| 100|0x00000000e6400000, 0x00000000e6400000, 0x00000000e6500000|  0%| F|  |TAMS 0x00000000e6400000, 0x00000000e6400000| Untracked 
| 101|0x00000000e6500000, 0x00000000e6500000, 0x00000000e6600000|  0%| F|  |TAMS 0x00000000e6500000, 0x00000000e6500000| Untracked 
| 102|0x00000000e6600000, 0x00000000e6600000, 0x00000000e6700000|  0%| F|  |TAMS 0x00000000e6600000, 0x00000000e6600000| Untracked 
| 103|0x00000000e6700000, 0x00000000e6700000, 0x00000000e6800000|  0%| F|  |TAMS 0x00000000e6700000, 0x00000000e6700000| Untracked 
| 104|0x00000000e6800000, 0x00000000e6800000, 0x00000000e6900000|  0%| F|  |TAMS 0x00000000e6800000, 0x00000000e6800000| Untracked 
| 105|0x00000000e6900000, 0x00000000e6900000, 0x00000000e6a00000|  0%| F|  |TAMS 0x00000000e6900000, 0x00000000e6900000| Untracked 
| 106|0x00000000e6a00000, 0x00000000e6a00000, 0x00000000e6b00000|  0%| F|  |TAMS 0x00000000e6a00000, 0x00000000e6a00000| Untracked 
| 107|0x00000000e6b00000, 0x00000000e6b00000, 0x00000000e6c00000|  0%| F|  |TAMS 0x00000000e6b00000, 0x00000000e6b00000| Untracked 
| 108|0x00000000e6c00000, 0x00000000e6c00000, 0x00000000e6d00000|  0%| F|  |TAMS 0x00000000e6c00000, 0x00000000e6c00000| Untracked 
| 109|0x00000000e6d00000, 0x00000000e6d00000, 0x00000000e6e00000|  0%| F|  |TAMS 0x00000000e6d00000, 0x00000000e6d00000| Untracked 
| 110|0x00000000e6e00000, 0x00000000e6e00000, 0x00000000e6f00000|  0%| F|  |TAMS 0x00000000e6e00000, 0x00000000e6e00000| Untracked 
| 111|0x00000000e6f00000, 0x00000000e6f00000, 0x00000000e7000000|  0%| F|  |TAMS 0x00000000e6f00000, 0x00000000e6f00000| Untracked 
| 112|0x00000000e7000000, 0x00000000e7000000, 0x00000000e7100000|  0%| F|  |TAMS 0x00000000e7000000, 0x00000000e7000000| Untracked 
| 113|0x00000000e7100000, 0x00000000e7100000, 0x00000000e7200000|  0%| F|  |TAMS 0x00000000e7100000, 0x00000000e7100000| Untracked 
| 114|0x00000000e7200000, 0x00000000e7200000, 0x00000000e7300000|  0%| F|  |TAMS 0x00000000e7200000, 0x00000000e7200000| Untracked 
| 115|0x00000000e7300000, 0x00000000e7300000, 0x00000000e7400000|  0%| F|  |TAMS 0x00000000e7300000, 0x00000000e7300000| Untracked 
| 116|0x00000000e7400000, 0x00000000e7400000, 0x00000000e7500000|  0%| F|  |TAMS 0x00000000e7400000, 0x00000000e7400000| Untracked 
| 117|0x00000000e7500000, 0x00000000e7500000, 0x00000000e7600000|  0%| F|  |TAMS 0x00000000e7500000, 0x00000000e7500000| Untracked 
| 118|0x00000000e7600000, 0x00000000e7600000, 0x00000000e7700000|  0%| F|  |TAMS 0x00000000e7600000, 0x00000000e7600000| Untracked 
| 119|0x00000000e7700000, 0x00000000e7700000, 0x00000000e7800000|  0%| F|  |TAMS 0x00000000e7700000, 0x00000000e7700000| Untracked 
| 120|0x00000000e7800000, 0x00000000e7800000, 0x00000000e7900000|  0%| F|  |TAMS 0x00000000e7800000, 0x00000000e7800000| Untracked 
| 121|0x00000000e7900000, 0x00000000e7900000, 0x00000000e7a00000|  0%| F|  |TAMS 0x00000000e7900000, 0x00000000e7900000| Untracked 
| 122|0x00000000e7a00000, 0x00000000e7a00000, 0x00000000e7b00000|  0%| F|  |TAMS 0x00000000e7a00000, 0x00000000e7a00000| Untracked 
| 123|0x00000000e7b00000, 0x00000000e7b00000, 0x00000000e7c00000|  0%| F|  |TAMS 0x00000000e7b00000, 0x00000000e7b00000| Untracked 
| 124|0x00000000e7c00000, 0x00000000e7c00000, 0x00000000e7d00000|  0%| F|  |TAMS 0x00000000e7c00000, 0x00000000e7c00000| Untracked 
| 125|0x00000000e7d00000, 0x00000000e7d00000, 0x00000000e7e00000|  0%| F|  |TAMS 0x00000000e7d00000, 0x00000000e7d00000| Untracked 
| 126|0x00000000e7e00000, 0x00000000e7e00000, 0x00000000e7f00000|  0%| F|  |TAMS 0x00000000e7e00000, 0x00000000e7e00000| Untracked 
| 127|0x00000000e7f00000, 0x00000000e7f00000, 0x00000000e8000000|  0%| F|  |TAMS 0x00000000e7f00000, 0x00000000e7f00000| Untracked 
| 128|0x00000000e8000000, 0x00000000e8000000, 0x00000000e8100000|  0%| F|  |TAMS 0x00000000e8000000, 0x00000000e8000000| Untracked 
| 129|0x00000000e8100000, 0x00000000e8100000, 0x00000000e8200000|  0%| F|  |TAMS 0x00000000e8100000, 0x00000000e8100000| Untracked 
| 130|0x00000000e8200000, 0x00000000e8200000, 0x00000000e8300000|  0%| F|  |TAMS 0x00000000e8200000, 0x00000000e8200000| Untracked 
| 131|0x00000000e8300000, 0x00000000e8300000, 0x00000000e8400000|  0%| F|  |TAMS 0x00000000e8300000, 0x00000000e8300000| Untracked 
| 132|0x00000000e8400000, 0x00000000e8400000, 0x00000000e8500000|  0%| F|  |TAMS 0x00000000e8400000, 0x00000000e8400000| Untracked 
| 133|0x00000000e8500000, 0x00000000e8500000, 0x00000000e8600000|  0%| F|  |TAMS 0x00000000e8500000, 0x00000000e8500000| Untracked 
| 134|0x00000000e8600000, 0x00000000e8600000, 0x00000000e8700000|  0%| F|  |TAMS 0x00000000e8600000, 0x00000000e8600000| Untracked 
| 135|0x00000000e8700000, 0x00000000e8713588, 0x00000000e8800000|  7%| S|CS|TAMS 0x00000000e8700000, 0x00000000e8700000| Complete 
| 136|0x00000000e8800000, 0x00000000e8900000, 0x00000000e8900000|100%| S|CS|TAMS 0x00000000e8800000, 0x00000000e8800000| Complete 
| 137|0x00000000e8900000, 0x00000000e8a00000, 0x00000000e8a00000|100%| S|CS|TAMS 0x00000000e8900000, 0x00000000e8900000| Complete 
| 138|0x00000000e8a00000, 0x00000000e8b00000, 0x00000000e8b00000|100%| S|CS|TAMS 0x00000000e8a00000, 0x00000000e8a00000| Complete 
| 139|0x00000000e8b00000, 0x00000000e8c00000, 0x00000000e8c00000|100%| S|CS|TAMS 0x00000000e8b00000, 0x00000000e8b00000| Complete 
| 140|0x00000000e8c00000, 0x00000000e8d00000, 0x00000000e8d00000|100%| S|CS|TAMS 0x00000000e8c00000, 0x00000000e8c00000| Complete 
| 141|0x00000000e8d00000, 0x00000000e8e00000, 0x00000000e8e00000|100%| S|CS|TAMS 0x00000000e8d00000, 0x00000000e8d00000| Complete 
| 142|0x00000000e8e00000, 0x00000000e8f00000, 0x00000000e8f00000|100%| S|CS|TAMS 0x00000000e8e00000, 0x00000000e8e00000| Complete 
| 143|0x00000000e8f00000, 0x00000000e9000000, 0x00000000e9000000|100%| S|CS|TAMS 0x00000000e8f00000, 0x00000000e8f00000| Complete 
| 144|0x00000000e9000000, 0x00000000e9100000, 0x00000000e9100000|100%| S|CS|TAMS 0x00000000e9000000, 0x00000000e9000000| Complete 
| 145|0x00000000e9100000, 0x00000000e9200000, 0x00000000e9200000|100%| S|CS|TAMS 0x00000000e9100000, 0x00000000e9100000| Complete 
| 146|0x00000000e9200000, 0x00000000e9300000, 0x00000000e9300000|100%| S|CS|TAMS 0x00000000e9200000, 0x00000000e9200000| Complete 
| 147|0x00000000e9300000, 0x00000000e9300000, 0x00000000e9400000|  0%| F|  |TAMS 0x00000000e9300000, 0x00000000e9300000| Untracked 
| 148|0x00000000e9400000, 0x00000000e9400000, 0x00000000e9500000|  0%| F|  |TAMS 0x00000000e9400000, 0x00000000e9400000| Untracked 
| 149|0x00000000e9500000, 0x00000000e9500000, 0x00000000e9600000|  0%| F|  |TAMS 0x00000000e9500000, 0x00000000e9500000| Untracked 
| 150|0x00000000e9600000, 0x00000000e9600000, 0x00000000e9700000|  0%| F|  |TAMS 0x00000000e9600000, 0x00000000e9600000| Untracked 
| 151|0x00000000e9700000, 0x00000000e9700000, 0x00000000e9800000|  0%| F|  |TAMS 0x00000000e9700000, 0x00000000e9700000| Untracked 
| 152|0x00000000e9800000, 0x00000000e9800000, 0x00000000e9900000|  0%| F|  |TAMS 0x00000000e9800000, 0x00000000e9800000| Untracked 
| 153|0x00000000e9900000, 0x00000000e9900000, 0x00000000e9a00000|  0%| F|  |TAMS 0x00000000e9900000, 0x00000000e9900000| Untracked 
| 154|0x00000000e9a00000, 0x00000000e9a00000, 0x00000000e9b00000|  0%| F|  |TAMS 0x00000000e9a00000, 0x00000000e9a00000| Untracked 
| 155|0x00000000e9b00000, 0x00000000e9b00000, 0x00000000e9c00000|  0%| F|  |TAMS 0x00000000e9b00000, 0x00000000e9b00000| Untracked 
| 156|0x00000000e9c00000, 0x00000000e9c00000, 0x00000000e9d00000|  0%| F|  |TAMS 0x00000000e9c00000, 0x00000000e9c00000| Untracked 
| 157|0x00000000e9d00000, 0x00000000e9d00000, 0x00000000e9e00000|  0%| F|  |TAMS 0x00000000e9d00000, 0x00000000e9d00000| Untracked 
| 158|0x00000000e9e00000, 0x00000000e9e00000, 0x00000000e9f00000|  0%| F|  |TAMS 0x00000000e9e00000, 0x00000000e9e00000| Untracked 
| 159|0x00000000e9f00000, 0x00000000e9f00000, 0x00000000ea000000|  0%| F|  |TAMS 0x00000000e9f00000, 0x00000000e9f00000| Untracked 
| 160|0x00000000ea000000, 0x00000000ea000000, 0x00000000ea100000|  0%| F|  |TAMS 0x00000000ea000000, 0x00000000ea000000| Untracked 
| 161|0x00000000ea100000, 0x00000000ea100000, 0x00000000ea200000|  0%| F|  |TAMS 0x00000000ea100000, 0x00000000ea100000| Untracked 
| 162|0x00000000ea200000, 0x00000000ea200000, 0x00000000ea300000|  0%| F|  |TAMS 0x00000000ea200000, 0x00000000ea200000| Untracked 
| 163|0x00000000ea300000, 0x00000000ea300000, 0x00000000ea400000|  0%| F|  |TAMS 0x00000000ea300000, 0x00000000ea300000| Untracked 
| 164|0x00000000ea400000, 0x00000000ea400000, 0x00000000ea500000|  0%| F|  |TAMS 0x00000000ea400000, 0x00000000ea400000| Untracked 
| 165|0x00000000ea500000, 0x00000000ea500000, 0x00000000ea600000|  0%| F|  |TAMS 0x00000000ea500000, 0x00000000ea500000| Untracked 
| 166|0x00000000ea600000, 0x00000000ea600000, 0x00000000ea700000|  0%| F|  |TAMS 0x00000000ea600000, 0x00000000ea600000| Untracked 
| 167|0x00000000ea700000, 0x00000000ea700000, 0x00000000ea800000|  0%| F|  |TAMS 0x00000000ea700000, 0x00000000ea700000| Untracked 
| 168|0x00000000ea800000, 0x00000000ea800000, 0x00000000ea900000|  0%| F|  |TAMS 0x00000000ea800000, 0x00000000ea800000| Untracked 
| 169|0x00000000ea900000, 0x00000000ea900000, 0x00000000eaa00000|  0%| F|  |TAMS 0x00000000ea900000, 0x00000000ea900000| Untracked 
| 170|0x00000000eaa00000, 0x00000000eaa00000, 0x00000000eab00000|  0%| F|  |TAMS 0x00000000eaa00000, 0x00000000eaa00000| Untracked 
| 171|0x00000000eab00000, 0x00000000eab00000, 0x00000000eac00000|  0%| F|  |TAMS 0x00000000eab00000, 0x00000000eab00000| Untracked 
| 172|0x00000000eac00000, 0x00000000eac00000, 0x00000000ead00000|  0%| F|  |TAMS 0x00000000eac00000, 0x00000000eac00000| Untracked 
| 173|0x00000000ead00000, 0x00000000ead00000, 0x00000000eae00000|  0%| F|  |TAMS 0x00000000ead00000, 0x00000000ead00000| Untracked 
| 174|0x00000000eae00000, 0x00000000eae00000, 0x00000000eaf00000|  0%| F|  |TAMS 0x00000000eae00000, 0x00000000eae00000| Untracked 
| 175|0x00000000eaf00000, 0x00000000eaf00000, 0x00000000eb000000|  0%| F|  |TAMS 0x00000000eaf00000, 0x00000000eaf00000| Untracked 
| 176|0x00000000eb000000, 0x00000000eb000000, 0x00000000eb100000|  0%| F|  |TAMS 0x00000000eb000000, 0x00000000eb000000| Untracked 
| 177|0x00000000eb100000, 0x00000000eb100000, 0x00000000eb200000|  0%| F|  |TAMS 0x00000000eb100000, 0x00000000eb100000| Untracked 
| 178|0x00000000eb200000, 0x00000000eb200000, 0x00000000eb300000|  0%| F|  |TAMS 0x00000000eb200000, 0x00000000eb200000| Untracked 
| 179|0x00000000eb300000, 0x00000000eb300000, 0x00000000eb400000|  0%| F|  |TAMS 0x00000000eb300000, 0x00000000eb300000| Untracked 
| 180|0x00000000eb400000, 0x00000000eb400000, 0x00000000eb500000|  0%| F|  |TAMS 0x00000000eb400000, 0x00000000eb400000| Untracked 
| 181|0x00000000eb500000, 0x00000000eb500000, 0x00000000eb600000|  0%| F|  |TAMS 0x00000000eb500000, 0x00000000eb500000| Untracked 
| 182|0x00000000eb600000, 0x00000000eb600000, 0x00000000eb700000|  0%| F|  |TAMS 0x00000000eb600000, 0x00000000eb600000| Untracked 
| 183|0x00000000eb700000, 0x00000000eb700000, 0x00000000eb800000|  0%| F|  |TAMS 0x00000000eb700000, 0x00000000eb700000| Untracked 
| 184|0x00000000eb800000, 0x00000000eb800000, 0x00000000eb900000|  0%| F|  |TAMS 0x00000000eb800000, 0x00000000eb800000| Untracked 
| 185|0x00000000eb900000, 0x00000000eb900000, 0x00000000eba00000|  0%| F|  |TAMS 0x00000000eb900000, 0x00000000eb900000| Untracked 
| 186|0x00000000eba00000, 0x00000000eba00000, 0x00000000ebb00000|  0%| F|  |TAMS 0x00000000eba00000, 0x00000000eba00000| Untracked 
| 187|0x00000000ebb00000, 0x00000000ebb00000, 0x00000000ebc00000|  0%| F|  |TAMS 0x00000000ebb00000, 0x00000000ebb00000| Untracked 
| 188|0x00000000ebc00000, 0x00000000ebc00000, 0x00000000ebd00000|  0%| F|  |TAMS 0x00000000ebc00000, 0x00000000ebc00000| Untracked 
| 189|0x00000000ebd00000, 0x00000000ebd00000, 0x00000000ebe00000|  0%| F|  |TAMS 0x00000000ebd00000, 0x00000000ebd00000| Untracked 
| 190|0x00000000ebe00000, 0x00000000ebe00000, 0x00000000ebf00000|  0%| F|  |TAMS 0x00000000ebe00000, 0x00000000ebe00000| Untracked 
| 191|0x00000000ebf00000, 0x00000000ebf00000, 0x00000000ec000000|  0%| F|  |TAMS 0x00000000ebf00000, 0x00000000ebf00000| Untracked 
| 192|0x00000000ec000000, 0x00000000ec000000, 0x00000000ec100000|  0%| F|  |TAMS 0x00000000ec000000, 0x00000000ec000000| Untracked 
| 193|0x00000000ec100000, 0x00000000ec100000, 0x00000000ec200000|  0%| F|  |TAMS 0x00000000ec100000, 0x00000000ec100000| Untracked 
| 194|0x00000000ec200000, 0x00000000ec200000, 0x00000000ec300000|  0%| F|  |TAMS 0x00000000ec200000, 0x00000000ec200000| Untracked 
| 195|0x00000000ec300000, 0x00000000ec300000, 0x00000000ec400000|  0%| F|  |TAMS 0x00000000ec300000, 0x00000000ec300000| Untracked 
| 196|0x00000000ec400000, 0x00000000ec400000, 0x00000000ec500000|  0%| F|  |TAMS 0x00000000ec400000, 0x00000000ec400000| Untracked 
| 197|0x00000000ec500000, 0x00000000ec500000, 0x00000000ec600000|  0%| F|  |TAMS 0x00000000ec500000, 0x00000000ec500000| Untracked 
| 198|0x00000000ec600000, 0x00000000ec600000, 0x00000000ec700000|  0%| F|  |TAMS 0x00000000ec600000, 0x00000000ec600000| Untracked 
| 199|0x00000000ec700000, 0x00000000ec700000, 0x00000000ec800000|  0%| F|  |TAMS 0x00000000ec700000, 0x00000000ec700000| Untracked 
| 200|0x00000000ec800000, 0x00000000ec800000, 0x00000000ec900000|  0%| F|  |TAMS 0x00000000ec800000, 0x00000000ec800000| Untracked 
| 201|0x00000000ec900000, 0x00000000ec900000, 0x00000000eca00000|  0%| F|  |TAMS 0x00000000ec900000, 0x00000000ec900000| Untracked 
| 202|0x00000000eca00000, 0x00000000eca00000, 0x00000000ecb00000|  0%| F|  |TAMS 0x00000000eca00000, 0x00000000eca00000| Untracked 
| 203|0x00000000ecb00000, 0x00000000ecb00000, 0x00000000ecc00000|  0%| F|  |TAMS 0x00000000ecb00000, 0x00000000ecb00000| Untracked 
| 204|0x00000000ecc00000, 0x00000000ecc00000, 0x00000000ecd00000|  0%| F|  |TAMS 0x00000000ecc00000, 0x00000000ecc00000| Untracked 
| 205|0x00000000ecd00000, 0x00000000ecd00000, 0x00000000ece00000|  0%| F|  |TAMS 0x00000000ecd00000, 0x00000000ecd00000| Untracked 
| 206|0x00000000ece00000, 0x00000000ece00000, 0x00000000ecf00000|  0%| F|  |TAMS 0x00000000ece00000, 0x00000000ece00000| Untracked 
| 207|0x00000000ecf00000, 0x00000000ecf00000, 0x00000000ed000000|  0%| F|  |TAMS 0x00000000ecf00000, 0x00000000ecf00000| Untracked 
| 208|0x00000000ed000000, 0x00000000ed000000, 0x00000000ed100000|  0%| F|  |TAMS 0x00000000ed000000, 0x00000000ed000000| Untracked 
| 209|0x00000000ed100000, 0x00000000ed100000, 0x00000000ed200000|  0%| F|  |TAMS 0x00000000ed100000, 0x00000000ed100000| Untracked 
| 210|0x00000000ed200000, 0x00000000ed200000, 0x00000000ed300000|  0%| F|  |TAMS 0x00000000ed200000, 0x00000000ed200000| Untracked 
| 211|0x00000000ed300000, 0x00000000ed300000, 0x00000000ed400000|  0%| F|  |TAMS 0x00000000ed300000, 0x00000000ed300000| Untracked 
| 212|0x00000000ed400000, 0x00000000ed400000, 0x00000000ed500000|  0%| F|  |TAMS 0x00000000ed400000, 0x00000000ed400000| Untracked 
| 213|0x00000000ed500000, 0x00000000ed500000, 0x00000000ed600000|  0%| F|  |TAMS 0x00000000ed500000, 0x00000000ed500000| Untracked 
| 214|0x00000000ed600000, 0x00000000ed600000, 0x00000000ed700000|  0%| F|  |TAMS 0x00000000ed600000, 0x00000000ed600000| Untracked 
| 215|0x00000000ed700000, 0x00000000ed700000, 0x00000000ed800000|  0%| F|  |TAMS 0x00000000ed700000, 0x00000000ed700000| Untracked 
| 216|0x00000000ed800000, 0x00000000ed800000, 0x00000000ed900000|  0%| F|  |TAMS 0x00000000ed800000, 0x00000000ed800000| Untracked 
| 217|0x00000000ed900000, 0x00000000ed900000, 0x00000000eda00000|  0%| F|  |TAMS 0x00000000ed900000, 0x00000000ed900000| Untracked 
| 218|0x00000000eda00000, 0x00000000eda00000, 0x00000000edb00000|  0%| F|  |TAMS 0x00000000eda00000, 0x00000000eda00000| Untracked 
| 219|0x00000000edb00000, 0x00000000edb00000, 0x00000000edc00000|  0%| F|  |TAMS 0x00000000edb00000, 0x00000000edb00000| Untracked 
| 220|0x00000000edc00000, 0x00000000edc00000, 0x00000000edd00000|  0%| F|  |TAMS 0x00000000edc00000, 0x00000000edc00000| Untracked 
| 221|0x00000000edd00000, 0x00000000edd00000, 0x00000000ede00000|  0%| F|  |TAMS 0x00000000edd00000, 0x00000000edd00000| Untracked 
| 222|0x00000000ede00000, 0x00000000ede00000, 0x00000000edf00000|  0%| F|  |TAMS 0x00000000ede00000, 0x00000000ede00000| Untracked 
| 223|0x00000000edf00000, 0x00000000edf00000, 0x00000000ee000000|  0%| F|  |TAMS 0x00000000edf00000, 0x00000000edf00000| Untracked 
| 224|0x00000000ee000000, 0x00000000ee000000, 0x00000000ee100000|  0%| F|  |TAMS 0x00000000ee000000, 0x00000000ee000000| Untracked 
| 225|0x00000000ee100000, 0x00000000ee100000, 0x00000000ee200000|  0%| F|  |TAMS 0x00000000ee100000, 0x00000000ee100000| Untracked 
| 226|0x00000000ee200000, 0x00000000ee200000, 0x00000000ee300000|  0%| F|  |TAMS 0x00000000ee200000, 0x00000000ee200000| Untracked 
| 227|0x00000000ee300000, 0x00000000ee300000, 0x00000000ee400000|  0%| F|  |TAMS 0x00000000ee300000, 0x00000000ee300000| Untracked 
| 228|0x00000000ee400000, 0x00000000ee400000, 0x00000000ee500000|  0%| F|  |TAMS 0x00000000ee400000, 0x00000000ee400000| Untracked 
| 229|0x00000000ee500000, 0x00000000ee500000, 0x00000000ee600000|  0%| F|  |TAMS 0x00000000ee500000, 0x00000000ee500000| Untracked 
| 230|0x00000000ee600000, 0x00000000ee600000, 0x00000000ee700000|  0%| F|  |TAMS 0x00000000ee600000, 0x00000000ee600000| Untracked 
| 231|0x00000000ee700000, 0x00000000ee700000, 0x00000000ee800000|  0%| F|  |TAMS 0x00000000ee700000, 0x00000000ee700000| Untracked 
| 232|0x00000000ee800000, 0x00000000ee800000, 0x00000000ee900000|  0%| F|  |TAMS 0x00000000ee800000, 0x00000000ee800000| Untracked 
| 233|0x00000000ee900000, 0x00000000ee900000, 0x00000000eea00000|  0%| F|  |TAMS 0x00000000ee900000, 0x00000000ee900000| Untracked 
| 234|0x00000000eea00000, 0x00000000eea00000, 0x00000000eeb00000|  0%| F|  |TAMS 0x00000000eea00000, 0x00000000eea00000| Untracked 
| 235|0x00000000eeb00000, 0x00000000eeb00000, 0x00000000eec00000|  0%| F|  |TAMS 0x00000000eeb00000, 0x00000000eeb00000| Untracked 
| 236|0x00000000eec00000, 0x00000000eec00000, 0x00000000eed00000|  0%| F|  |TAMS 0x00000000eec00000, 0x00000000eec00000| Untracked 
| 237|0x00000000eed00000, 0x00000000eed00000, 0x00000000eee00000|  0%| F|  |TAMS 0x00000000eed00000, 0x00000000eed00000| Untracked 
| 238|0x00000000eee00000, 0x00000000eee00000, 0x00000000eef00000|  0%| F|  |TAMS 0x00000000eee00000, 0x00000000eee00000| Untracked 
| 239|0x00000000eef00000, 0x00000000eef87000, 0x00000000ef000000| 52%| E|  |TAMS 0x00000000eef00000, 0x00000000eef00000| Complete 
| 240|0x00000000ef000000, 0x00000000ef100000, 0x00000000ef100000|100%| E|CS|TAMS 0x00000000ef000000, 0x00000000ef000000| Complete 
| 241|0x00000000ef100000, 0x00000000ef200000, 0x00000000ef200000|100%| E|CS|TAMS 0x00000000ef100000, 0x00000000ef100000| Complete 
| 242|0x00000000ef200000, 0x00000000ef300000, 0x00000000ef300000|100%| E|CS|TAMS 0x00000000ef200000, 0x00000000ef200000| Complete 
| 243|0x00000000ef300000, 0x00000000ef400000, 0x00000000ef400000|100%| E|CS|TAMS 0x00000000ef300000, 0x00000000ef300000| Complete 
| 244|0x00000000ef400000, 0x00000000ef500000, 0x00000000ef500000|100%| E|CS|TAMS 0x00000000ef400000, 0x00000000ef400000| Complete 
| 245|0x00000000ef500000, 0x00000000ef600000, 0x00000000ef600000|100%| E|CS|TAMS 0x00000000ef500000, 0x00000000ef500000| Complete 
| 246|0x00000000ef600000, 0x00000000ef700000, 0x00000000ef700000|100%| E|CS|TAMS 0x00000000ef600000, 0x00000000ef600000| Complete 
| 247|0x00000000ef700000, 0x00000000ef800000, 0x00000000ef800000|100%| E|CS|TAMS 0x00000000ef700000, 0x00000000ef700000| Complete 
| 248|0x00000000ef800000, 0x00000000ef900000, 0x00000000ef900000|100%| E|CS|TAMS 0x00000000ef800000, 0x00000000ef800000| Complete 
| 249|0x00000000ef900000, 0x00000000efa00000, 0x00000000efa00000|100%| E|CS|TAMS 0x00000000ef900000, 0x00000000ef900000| Complete 
| 250|0x00000000efa00000, 0x00000000efb00000, 0x00000000efb00000|100%| E|CS|TAMS 0x00000000efa00000, 0x00000000efa00000| Complete 
| 251|0x00000000efb00000, 0x00000000efc00000, 0x00000000efc00000|100%| E|CS|TAMS 0x00000000efb00000, 0x00000000efb00000| Complete 
| 252|0x00000000efc00000, 0x00000000efd00000, 0x00000000efd00000|100%| E|CS|TAMS 0x00000000efc00000, 0x00000000efc00000| Complete 
| 253|0x00000000efd00000, 0x00000000efe00000, 0x00000000efe00000|100%| E|CS|TAMS 0x00000000efd00000, 0x00000000efd00000| Complete 
| 254|0x00000000efe00000, 0x00000000eff00000, 0x00000000eff00000|100%| E|CS|TAMS 0x00000000efe00000, 0x00000000efe00000| Complete 
| 255|0x00000000eff00000, 0x00000000f0000000, 0x00000000f0000000|100%| E|CS|TAMS 0x00000000eff00000, 0x00000000eff00000| Complete 

Card table byte_map: [0x0000025730f40000,0x0000025731040000] _byte_map_base: 0x0000025730840000

Marking Bits (Prev, Next): (CMBitMap*) 0x0000025718206ac0, (CMBitMap*) 0x0000025718206a80
 Prev Bits: [0x0000025731940000, 0x0000025732140000)
 Next Bits: [0x0000025731140000, 0x0000025731940000)

Polling page: 0x00000257182c0000

Metaspace:

Usage:
  Non-class:     19.82 MB used.
      Class:      3.51 MB used.
       Both:     23.34 MB used.

Virtual space:
  Non-class space:       24.00 MB reserved,      20.00 MB ( 83%) committed,  3 nodes.
      Class space:      208.00 MB reserved,       3.62 MB (  2%) committed,  1 nodes.
             Both:      232.00 MB reserved,      23.62 MB ( 10%) committed. 

Chunk freelists:
   Non-Class:  3.66 MB
       Class:  352.00 KB
        Both:  4.00 MB

MaxMetaspaceSize: 256.00 MB
CompressedClassSpaceSize: 208.00 MB
Initial GC threshold: 21.00 MB
Current GC threshold: 35.25 MB
CDS: on
MetaspaceReclaimPolicy: balanced
 - commit_granule_bytes: 65536.
 - commit_granule_words: 8192.
 - virtual_space_node_default_size: 1048576.
 - enlarge_chunks_in_place: 1.
 - new_chunks_are_fully_committed: 0.
 - uncommit_free_chunks: 1.
 - use_allocation_guard: 0.
 - handle_deallocations: 1.


Internal statistics:

num_allocs_failed_limit: 3.
num_arena_births: 238.
num_arena_deaths: 0.
num_vsnodes_births: 4.
num_vsnodes_deaths: 0.
num_space_committed: 378.
num_space_uncommitted: 0.
num_chunks_returned_to_freelist: 3.
num_chunks_taken_from_freelist: 1103.
num_chunk_merges: 3.
num_chunk_splits: 742.
num_chunks_enlarged: 540.
num_purges: 0.
num_inconsistent_stats: 0.

CodeHeap 'non-profiled nmethods': size=120000Kb used=1419Kb max_used=1419Kb free=118580Kb
 bounds [0x0000025728c90000, 0x0000025728f00000, 0x00000257301c0000]
CodeHeap 'profiled nmethods': size=120000Kb used=5663Kb max_used=5663Kb free=114336Kb
 bounds [0x0000025721760000, 0x0000025721cf0000, 0x0000025728c90000]
CodeHeap 'non-nmethods': size=5760Kb used=1306Kb max_used=1390Kb free=4453Kb
 bounds [0x00000257211c0000, 0x0000025721430000, 0x0000025721760000]
 total_blobs=3245 nmethods=2706 adapters=449
 compilation: enabled
              stopped_count=0, restarted_count=0
 full_count=0

Compilation events (20 events):
Event: 10.143 Thread 0x0000025734dd59a0 nmethod 2670 0x0000025721cdb090 code [0x0000025721cdb280, 0x0000025721cdb958]
Event: 10.143 Thread 0x0000025734dd59a0 2674       3       java.lang.reflect.Method::isBridge (16 bytes)
Event: 10.143 Thread 0x0000025734dd59a0 nmethod 2674 0x0000025721cdba90 code [0x0000025721cdbc20, 0x0000025721cdbd98]
Event: 10.143 Thread 0x0000025734dd59a0 2673       3       org.gradle.internal.instantiation.generator.AbstractClassGenerator::access$2200 (5 bytes)
Event: 10.143 Thread 0x0000025734dd59a0 nmethod 2673 0x0000025721cdbe10 code [0x0000025721cdbfa0, 0x0000025721cdc0a8]
Event: 10.143 Thread 0x0000025734dd59a0 2672       1       org.gradle.internal.instantiation.generator.AbstractClassGenerator$ClassGenerationHandler::claimPropertyImplementation (2 bytes)
Event: 10.143 Thread 0x0000025734dd59a0 nmethod 2672 0x0000025728dee510 code [0x0000025728dee6a0, 0x0000025728dee778]
Event: 10.143 Thread 0x0000025734dd59a0 2677       1       com.google.common.collect.LinkedHashMultimap::access$300 (5 bytes)
Event: 10.144 Thread 0x0000025734dd59a0 nmethod 2677 0x0000025728dee810 code [0x0000025728dee9a0, 0x0000025728deea58]
Event: 10.144 Thread 0x0000025734dd59a0 2675       1       org.gradle.internal.instantiation.generator.AbstractClassGenerator$PropertyMetadata::access$600 (5 bytes)
Event: 10.144 Thread 0x0000025734dd59a0 nmethod 2675 0x0000025728deeb10 code [0x0000025728deeca0, 0x0000025728deed58]
Event: 10.144 Thread 0x0000025734dd59a0 2676       1       org.gradle.internal.instantiation.generator.AbstractClassGenerator$PropertyMetadata::getMainGetter (5 bytes)
Event: 10.144 Thread 0x00000257368ca9d0 nmethod 2671 0x0000025728deee10 code [0x0000025728deef80, 0x0000025728def058]
Event: 10.145 Thread 0x0000025734dd59a0 nmethod 2676 0x0000025728def190 code [0x0000025728def320, 0x0000025728def3f8]
Event: 10.145 Thread 0x00000257368ca9d0 2678   !   4       java.lang.reflect.Executable::declaredAnnotations (85 bytes)
Event: 10.145 Thread 0x0000025734dd59a0 2679       3       java.lang.reflect.Constructor::getParameterTypes (11 bytes)
Event: 10.146 Thread 0x0000025734dd59a0 nmethod 2679 0x0000025721cdc190 code [0x0000025721cdc340, 0x0000025721cdc608]
Event: 10.163 Thread 0x00000257368ca9d0 nmethod 2678 0x0000025728def490 code [0x0000025728def740, 0x0000025728df0ba0]
Event: 10.188 Thread 0x0000025734dd59a0 2680       3       java.lang.ClassLoader::getClassLoadingLock (35 bytes)
Event: 10.189 Thread 0x0000025734dd59a0 nmethod 2680 0x0000025721cdc710 code [0x0000025721cdc8c0, 0x0000025721cdcba8]

GC Heap History (6 events):
Event: 4.092 GC heap before
{Heap before GC invocations=0 (full 0):
 garbage-first heap   total 262144K, used 28672K [0x00000000e0000000, 0x0000000100000000)
  region size 1024K, 23 young (23552K), 0 survivors (0K)
 Metaspace       used 2979K, committed 3136K, reserved 221184K
  class space    used 385K, committed 448K, reserved 212992K
}
Event: 4.095 GC heap after
{Heap after GC invocations=1 (full 0):
 garbage-first heap   total 262144K, used 9491K [0x00000000e0000000, 0x0000000100000000)
  region size 1024K, 3 young (3072K), 3 survivors (3072K)
 Metaspace       used 2979K, committed 3136K, reserved 221184K
  class space    used 385K, committed 448K, reserved 212992K
}
Event: 6.128 GC heap before
{Heap before GC invocations=1 (full 0):
 garbage-first heap   total 262144K, used 37139K [0x00000000e0000000, 0x0000000100000000)
  region size 1024K, 30 young (30720K), 3 survivors (3072K)
 Metaspace       used 3878K, committed 4096K, reserved 221184K
  class space    used 480K, committed 576K, reserved 212992K
}
Event: 6.130 GC heap after
{Heap after GC invocations=2 (full 0):
 garbage-first heap   total 262144K, used 12455K [0x00000000e0000000, 0x0000000100000000)
  region size 1024K, 2 young (2048K), 2 survivors (2048K)
 Metaspace       used 3878K, committed 4096K, reserved 221184K
  class space    used 480K, committed 576K, reserved 212992K
}
Event: 9.483 GC heap before
{Heap before GC invocations=2 (full 0):
 garbage-first heap   total 262144K, used 119975K [0x00000000e0000000, 0x0000000100000000)
  region size 1024K, 109 young (111616K), 2 survivors (2048K)
 Metaspace       used 21195K, committed 21504K, reserved 237568K
  class space    used 3174K, committed 3328K, reserved 212992K
}
Event: 9.508 GC heap after
{Heap after GC invocations=3 (full 0):
 garbage-first heap   total 262144K, used 20736K [0x00000000e0000000, 0x0000000100000000)
  region size 1024K, 12 young (12288K), 12 survivors (12288K)
 Metaspace       used 21195K, committed 21504K, reserved 237568K
  class space    used 3174K, committed 3328K, reserved 212992K
}

Deoptimization events (20 events):
Event: 8.229 Thread 0x0000025735a0c720 DEOPT PACKING pc=0x0000025721b5606a sp=0x000000a9967f6470
Event: 8.229 Thread 0x0000025735a0c720 DEOPT UNPACKING pc=0x0000025721212b43 sp=0x000000a9967f5980 mode 0
Event: 8.245 Thread 0x0000025735a0c720 DEOPT PACKING pc=0x0000025721b56049 sp=0x000000a9967f9d40
Event: 8.245 Thread 0x0000025735a0c720 DEOPT UNPACKING pc=0x0000025721212b43 sp=0x000000a9967f9250 mode 0
Event: 9.048 Thread 0x0000025735a0c720 Uncommon trap: trap_request=0xffffff45 fr.pc=0x0000025728cdfa8c relative=0x00000000000004cc
Event: 9.048 Thread 0x0000025735a0c720 Uncommon trap: reason=unstable_if action=reinterpret pc=0x0000025728cdfa8c method=java.util.HashMap.hash(Ljava/lang/Object;)I @ 1 c2
Event: 9.048 Thread 0x0000025735a0c720 DEOPT PACKING pc=0x0000025728cdfa8c sp=0x000000a9967f7db0
Event: 9.048 Thread 0x0000025735a0c720 DEOPT UNPACKING pc=0x00000257212123a3 sp=0x000000a9967f7c58 mode 2
Event: 10.120 Thread 0x0000025735a0c720 Uncommon trap: trap_request=0xffffff45 fr.pc=0x0000025728dc0f58 relative=0x0000000000006338
Event: 10.120 Thread 0x0000025735a0c720 Uncommon trap: reason=unstable_if action=reinterpret pc=0x0000025728dc0f58 method=java.net.URLClassLoader.defineClass(Ljava/lang/String;Ljdk/internal/loader/Resource;)Ljava/lang/Class; @ 21 c2
Event: 10.120 Thread 0x0000025735a0c720 DEOPT PACKING pc=0x0000025728dc0f58 sp=0x000000a9967fa6d0
Event: 10.120 Thread 0x0000025735a0c720 DEOPT UNPACKING pc=0x00000257212123a3 sp=0x000000a9967fa4c0 mode 2
Event: 10.120 Thread 0x0000025735a0c720 Uncommon trap: trap_request=0xffffff45 fr.pc=0x0000025728d8028c relative=0x00000000000000ec
Event: 10.120 Thread 0x0000025735a0c720 Uncommon trap: reason=unstable_if action=reinterpret pc=0x0000025728d8028c method=java.lang.ClassLoader.getClassLoadingLock(Ljava/lang/String;)Ljava/lang/Object; @ 6 c2
Event: 10.120 Thread 0x0000025735a0c720 DEOPT PACKING pc=0x0000025728d8028c sp=0x000000a9967f8b20
Event: 10.120 Thread 0x0000025735a0c720 DEOPT UNPACKING pc=0x00000257212123a3 sp=0x000000a9967f8ab0 mode 2
Event: 10.122 Thread 0x0000025735a0c720 Uncommon trap: trap_request=0xffffff45 fr.pc=0x0000025728dba134 relative=0x00000000000007f4
Event: 10.122 Thread 0x0000025735a0c720 Uncommon trap: reason=unstable_if action=reinterpret pc=0x0000025728dba134 method=java.lang.Class.getPackageName()Ljava/lang/String; @ 55 c2
Event: 10.122 Thread 0x0000025735a0c720 DEOPT PACKING pc=0x0000025728dba134 sp=0x000000a9967fa290
Event: 10.122 Thread 0x0000025735a0c720 DEOPT UNPACKING pc=0x00000257212123a3 sp=0x000000a9967fa250 mode 2

Classes unloaded (0 events):
No events

Classes redefined (0 events):
No events

Internal exceptions (20 events):
Event: 8.587 Thread 0x0000025735a0c720 Exception <a 'java/lang/NoSuchMethodError'{0x00000000ead5ee58}: 'java.lang.Object java.lang.invoke.DirectMethodHandle$Holder.invokeVirtual(java.lang.Object, java.lang.Object, java.lang.Object)'> (0x00000000ead5ee58) 
thrown [t:\workspace\open\src\hotspot\share\interpreter\linkResolver.cpp, line 766]
Event: 8.668 Thread 0x0000025735a0c720 Exception <a 'java/lang/NoSuchMethodError'{0x00000000eac06120}: 'int java.lang.invoke.DirectMethodHandle$Holder.invokeVirtual(java.lang.Object, java.lang.Object, java.lang.Object)'> (0x00000000eac06120) 
thrown [t:\workspace\open\src\hotspot\share\interpreter\linkResolver.cpp, line 766]
Event: 8.856 Thread 0x0000025735a0c720 Exception <a 'java/lang/NoSuchMethodError'{0x00000000ea304ae0}: 'java.lang.Object java.lang.invoke.DirectMethodHandle$Holder.invokeSpecialIFC(java.lang.Object, java.lang.Object, java.lang.Object, java.lang.Object)'> (0x00000000ea304ae0) 
thrown [t:\workspace\open\src\hotspot\share\interpreter\linkResolver.cpp, line 766]
Event: 9.048 Thread 0x0000025735a0c720 Implicit null exception at 0x0000025728cdf613 to 0x0000025728cdfa70
Event: 9.157 Thread 0x0000025735a0c720 Exception <a 'java/lang/NoSuchMethodError'{0x00000000e9c3f380}: 'java.lang.Object java.lang.invoke.DirectMethodHandle$Holder.invokeSpecial(java.lang.Object, java.lang.Object, java.lang.Object, java.lang.Object, java.lang.Object, java.lang.Object, java.lang.Object, java.lang.Object, java.lang.Object, java.lang.Object, java.lang.Object, java.lang.Object, java.lang.Object)'> (0x00000000e9c3f380) 
thrown [t:\workspace\open\src\hotspot\share\interpreter\linkResolver.cpp, line 766]
Event: 9.157 Thread 0x0000025735a0c720 Exception <a 'java/lang/NoSuchMethodError'{0x00000000e9c50ba8}: 'java.lang.Object java.lang.invoke.DirectMethodHandle$Holder.newInvokeSpecial(java.lang.Object, java.lang.Object, java.lang.Object, java.lang.Object, java.lang.Object, java.lang.Object, java.lang.Object, java.lang.Object, java.lang.Object, java.lang.Object, java.lang.Object)'> (0x00000000e9c50ba8) 
thrown [t:\workspace\open\src\hotspot\share\interpreter\linkResolver.cpp, line 766]
Event: 9.157 Thread 0x0000025735a0c720 Exception <a 'java/lang/NoSuchMethodError'{0x00000000e9c567d8}: 'java.lang.Object java.lang.invoke.DirectMethodHandle$Holder.invokeSpecial(java.lang.Object, java.lang.Object, java.lang.Object, java.lang.Object, java.lang.Object, java.lang.Object, java.lang.Object, java.lang.Object, java.lang.Object, java.lang.Object, java.lang.Object, java.lang.Object)'> (0x00000000e9c567d8) 
thrown [t:\workspace\open\src\hotspot\share\interpreter\linkResolver.cpp, line 766]
Event: 9.158 Thread 0x0000025735a0c720 Exception <a 'java/lang/NoSuchMethodError'{0x00000000e9c5bbc8}: 'java.lang.Object java.lang.invoke.Invokers$Holder.linkToTargetMethod(java.lang.Object, java.lang.Object, java.lang.Object, java.lang.Object, java.lang.Object, java.lang.Object, java.lang.Object, java.lang.Object, java.lang.Object, java.lang.Object, java.lang.Object)'> (0x00000000e9c5bbc8) 
thrown [t:\workspace\open\src\hotspot\share\interpreter\linkResolver.cpp, line 766]
Event: 9.166 Thread 0x0000025735a0c720 Exception <a 'java/lang/NoSuchMethodError'{0x00000000e9c9f9e0}: 'java.lang.Object java.lang.invoke.DirectMethodHandle$Holder.invokeSpecial(java.lang.Object, java.lang.Object, java.lang.Object, java.lang.Object, java.lang.Object, java.lang.Object, java.lang.Object, java.lang.Object, java.lang.Object, java.lang.Object, java.lang.Object, java.lang.Object, java.lang.Object, java.lang.Object)'> (0x00000000e9c9f9e0) 
thrown [t:\workspace\open\src\hotspot\share\interpreter\linkResolver.cpp, line 766]
Event: 9.167 Thread 0x0000025735a0c720 Exception <a 'java/lang/NoSuchMethodError'{0x00000000e9cb1db0}: 'java.lang.Object java.lang.invoke.DirectMethodHandle$Holder.newInvokeSpecial(java.lang.Object, java.lang.Object, java.lang.Object, java.lang.Object, java.lang.Object, java.lang.Object, java.lang.Object, java.lang.Object, java.lang.Object, java.lang.Object, java.lang.Object, java.lang.Object)'> (0x00000000e9cb1db0) 
thrown [t:\workspace\open\src\hotspot\share\interpreter\linkResolver.cpp, line 766]
Event: 9.168 Thread 0x0000025735a0c720 Exception <a 'java/lang/NoSuchMethodError'{0x00000000e9cb74a0}: 'java.lang.Object java.lang.invoke.Invokers$Holder.linkToTargetMethod(java.lang.Object, java.lang.Object, java.lang.Object, java.lang.Object, java.lang.Object, java.lang.Object, java.lang.Object, java.lang.Object, java.lang.Object, java.lang.Object, java.lang.Object, java.lang.Object)'> (0x00000000e9cb74a0) 
thrown [t:\workspace\open\src\hotspot\share\interpreter\linkResolver.cpp, line 766]
Event: 9.228 Thread 0x0000025735a0c720 Exception <a 'java/lang/NoSuchMethodError'{0x00000000e9b43618}: 'java.lang.Object java.lang.invoke.DirectMethodHandle$Holder.invokeStaticInit(java.lang.Object, java.lang.Object, java.lang.Object, java.lang.Object)'> (0x00000000e9b43618) 
thrown [t:\workspace\open\src\hotspot\share\interpreter\linkResolver.cpp, line 766]
Event: 9.373 Thread 0x0000025735a0c720 Exception <a 'java/lang/NoSuchMethodError'{0x00000000e96e5710}: 'java.lang.Object java.lang.invoke.DirectMethodHandle$Holder.newInvokeSpecial(java.lang.Object, java.lang.Object, java.lang.Object, java.lang.Object, java.lang.Object, java.lang.Object, java.lang.Object, java.lang.Object)'> (0x00000000e96e5710) 
thrown [t:\workspace\open\src\hotspot\share\interpreter\linkResolver.cpp, line 766]
Event: 9.373 Thread 0x0000025735a0c720 Exception <a 'java/lang/NoSuchMethodError'{0x00000000e96eb4f0}: 'java.lang.Object java.lang.invoke.Invokers$Holder.linkToTargetMethod(java.lang.Object, java.lang.Object, java.lang.Object, java.lang.Object, java.lang.Object, java.lang.Object, java.lang.Object, java.lang.Object)'> (0x00000000e96eb4f0) 
thrown [t:\workspace\open\src\hotspot\share\interpreter\linkResolver.cpp, line 766]
Event: 9.376 Thread 0x0000025735a0c720 Exception <a 'java/lang/NoSuchMethodError'{0x00000000e9522ad8}: 'java.lang.Object java.lang.invoke.DirectMethodHandle$Holder.newInvokeSpecial(java.lang.Object, java.lang.Object, java.lang.Object, java.lang.Object, java.lang.Object, java.lang.Object, java.lang.Object)'> (0x00000000e9522ad8) 
thrown [t:\workspace\open\src\hotspot\share\interpreter\linkResolver.cpp, line 766]
Event: 9.376 Thread 0x0000025735a0c720 Exception <a 'java/lang/NoSuchMethodError'{0x00000000e9527cf8}: 'java.lang.Object java.lang.invoke.Invokers$Holder.linkToTargetMethod(java.lang.Object, java.lang.Object, java.lang.Object, java.lang.Object, java.lang.Object, java.lang.Object, java.lang.Object)'> (0x00000000e9527cf8) 
thrown [t:\workspace\open\src\hotspot\share\interpreter\linkResolver.cpp, line 766]
Event: 9.380 Thread 0x0000025735a0c720 Exception <a 'java/lang/IncompatibleClassChangeError'{0x00000000e9566e98}: Found class java.lang.Object, but interface was expected> (0x00000000e9566e98) 
thrown [t:\workspace\open\src\hotspot\share\interpreter\linkResolver.cpp, line 833]
Event: 9.935 Thread 0x0000025735a0c720 Exception <a 'java/lang/NoSuchMethodError'{0x00000000ef630be8}: 'java.lang.Object java.lang.invoke.DirectMethodHandle$Holder.invokeStatic(java.lang.Object, java.lang.Object, int, java.lang.Object)'> (0x00000000ef630be8) 
thrown [t:\workspace\open\src\hotspot\share\interpreter\linkResolver.cpp, line 766]
Event: 9.935 Thread 0x0000025735a0c720 Exception <a 'java/lang/NoSuchMethodError'{0x00000000ef638898}: 'java.lang.Object java.lang.invoke.DirectMethodHandle$Holder.newInvokeSpecial(java.lang.Object, java.lang.Object, int, java.lang.Object)'> (0x00000000ef638898) 
thrown [t:\workspace\open\src\hotspot\share\interpreter\linkResolver.cpp, line 766]
Event: 9.935 Thread 0x0000025735a0c720 Exception <a 'java/lang/NoSuchMethodError'{0x00000000ef63d180}: 'java.lang.Object java.lang.invoke.DirectMethodHandle$Holder.invokeSpecial(java.lang.Object, java.lang.Object, java.lang.Object, int, java.lang.Object)'> (0x00000000ef63d180) 
thrown [t:\workspace\open\src\hotspot\share\interpreter\linkResolver.cpp, line 766]

VM Operations (20 events):
Event: 7.952 Executing VM operation: HandshakeAllThreads
Event: 7.952 Executing VM operation: HandshakeAllThreads done
Event: 7.952 Executing VM operation: HandshakeAllThreads
Event: 7.952 Executing VM operation: HandshakeAllThreads done
Event: 8.295 Executing VM operation: ICBufferFull
Event: 8.296 Executing VM operation: ICBufferFull done
Event: 9.053 Executing VM operation: HandshakeAllThreads
Event: 9.053 Executing VM operation: HandshakeAllThreads done
Event: 9.483 Executing VM operation: CollectForMetadataAllocation
Event: 9.508 Executing VM operation: CollectForMetadataAllocation done
Event: 9.515 Executing VM operation: G1Concurrent
Event: 9.517 Executing VM operation: G1Concurrent done
Event: 9.518 Executing VM operation: G1Concurrent
Event: 9.518 Executing VM operation: G1Concurrent done
Event: 9.632 Executing VM operation: HandshakeAllThreads
Event: 9.632 Executing VM operation: HandshakeAllThreads done
Event: 10.029 Executing VM operation: HandshakeAllThreads
Event: 10.029 Executing VM operation: HandshakeAllThreads done
Event: 10.120 Executing VM operation: HandshakeAllThreads
Event: 10.120 Executing VM operation: HandshakeAllThreads done

Events (20 events):
Event: 9.921 loading class java/nio/file/FileVisitResult
Event: 9.921 loading class java/nio/file/FileVisitResult done
Event: 9.936 Thread 0x000002573993df00 Thread added: 0x000002573993df00
Event: 9.942 loading class sun/nio/fs/WindowsPath$1
Event: 9.942 loading class sun/nio/fs/WindowsPath$1 done
Event: 10.035 loading class java/nio/charset/CharacterCodingException
Event: 10.035 loading class java/nio/charset/CharacterCodingException done
Event: 10.040 Thread 0x000002573993d560 Thread added: 0x000002573993d560
Event: 10.141 loading class java/beans/Transient
Event: 10.141 loading class java/beans/Transient done
Event: 10.146 loading class java/util/stream/Streams$RangeIntSpliterator
Event: 10.178 loading class java/util/stream/Streams$RangeIntSpliterator done
Event: 10.181 loading class java/util/stream/IntPipeline$1
Event: 10.182 loading class java/util/stream/IntPipeline$1 done
Event: 10.182 loading class java/util/stream/Nodes$FixedNodeBuilder
Event: 10.183 loading class java/util/stream/Nodes$ArrayNode
Event: 10.184 loading class java/util/stream/Nodes$ArrayNode done
Event: 10.184 loading class java/util/stream/Nodes$FixedNodeBuilder done
Event: 10.184 loading class java/util/stream/IntPipeline$1$1
Event: 10.184 loading class java/util/stream/IntPipeline$1$1 done


Dynamic libraries:
0x00007ff6da710000 - 0x00007ff6da71e000 	C:\Users\smrhd\.jdks\openjdk-17.0.1\bin\java.exe
0x00007ffa7a7d0000 - 0x00007ffa7a9c5000 	C:\WINDOWS\SYSTEM32\ntdll.dll
0x00007ffa795c0000 - 0x00007ffa7967e000 	C:\WINDOWS\System32\KERNEL32.DLL
0x00007ffa784d0000 - 0x00007ffa78798000 	C:\WINDOWS\System32\KERNELBASE.dll
0x00007ffa77f70000 - 0x00007ffa78070000 	C:\WINDOWS\System32\ucrtbase.dll
0x00007ffa759b0000 - 0x00007ffa759ca000 	C:\Users\smrhd\.jdks\openjdk-17.0.1\bin\VCRUNTIME140.dll
0x00007ffa75970000 - 0x00007ffa75988000 	C:\Users\smrhd\.jdks\openjdk-17.0.1\bin\jli.dll
0x00007ffa792b0000 - 0x00007ffa79450000 	C:\WINDOWS\System32\USER32.dll
0x00007ffa77ef0000 - 0x00007ffa77f12000 	C:\WINDOWS\System32\win32u.dll
0x00007ffa79280000 - 0x00007ffa792ab000 	C:\WINDOWS\System32\GDI32.dll
0x00007ffa78350000 - 0x00007ffa7845b000 	C:\WINDOWS\System32\gdi32full.dll
0x00007ffa77300000 - 0x00007ffa7759a000 	C:\WINDOWS\WinSxS\amd64_microsoft.windows.common-controls_6595b64144ccf1df_6.0.19041.1110_none_60b5254171f9507e\COMCTL32.dll
0x00007ffa782b0000 - 0x00007ffa7834d000 	C:\WINDOWS\System32\msvcp_win.dll
0x00007ffa79520000 - 0x00007ffa795be000 	C:\WINDOWS\System32\msvcrt.dll
0x00007ffa79450000 - 0x00007ffa79480000 	C:\WINDOWS\System32\IMM32.DLL
0x00007ffa75720000 - 0x00007ffa7572c000 	C:\Users\smrhd\.jdks\openjdk-17.0.1\bin\vcruntime140_1.dll
0x00007ffa56ac0000 - 0x00007ffa56b4d000 	C:\Users\smrhd\.jdks\openjdk-17.0.1\bin\msvcp140.dll
0x00007ffa21900000 - 0x00007ffa224be000 	C:\Users\smrhd\.jdks\openjdk-17.0.1\bin\server\jvm.dll
0x00007ffa78cc0000 - 0x00007ffa78d6e000 	C:\WINDOWS\System32\ADVAPI32.dll
0x00007ffa791e0000 - 0x00007ffa7927c000 	C:\WINDOWS\System32\sechost.dll
0x00007ffa789e0000 - 0x00007ffa78b05000 	C:\WINDOWS\System32\RPCRT4.dll
0x00007ffa7a5f0000 - 0x00007ffa7a5f8000 	C:\WINDOWS\System32\PSAPI.DLL
0x00007ffa689b0000 - 0x00007ffa689d7000 	C:\WINDOWS\SYSTEM32\WINMM.dll
0x00007ffa717f0000 - 0x00007ffa717fa000 	C:\WINDOWS\SYSTEM32\VERSION.dll
0x00007ffa69b80000 - 0x00007ffa69b89000 	C:\WINDOWS\SYSTEM32\WSOCK32.dll
0x00007ffa7a450000 - 0x00007ffa7a4bb000 	C:\WINDOWS\System32\WS2_32.dll
0x00007ffa75040000 - 0x00007ffa75052000 	C:\WINDOWS\SYSTEM32\kernel.appcore.dll
0x00007ffa75580000 - 0x00007ffa7558a000 	C:\Users\smrhd\.jdks\openjdk-17.0.1\bin\jimage.dll
0x00007ffa77890000 - 0x00007ffa77a74000 	C:\WINDOWS\SYSTEM32\DBGHELP.DLL
0x00007ffa77860000 - 0x00007ffa7788c000 	C:\WINDOWS\SYSTEM32\dbgcore.DLL
0x00007ffa787a0000 - 0x00007ffa78822000 	C:\WINDOWS\System32\bcryptPrimitives.dll
0x00007ffa75550000 - 0x00007ffa75575000 	C:\Users\smrhd\.jdks\openjdk-17.0.1\bin\java.dll
0x00007ffa569e0000 - 0x00007ffa56ab6000 	C:\Users\smrhd\.jdks\openjdk-17.0.1\bin\svml.dll
0x00007ffa79690000 - 0x00007ffa79dd4000 	C:\WINDOWS\System32\SHELL32.dll
0x00007ffa759d0000 - 0x00007ffa76164000 	C:\WINDOWS\SYSTEM32\windows.storage.dll
0x00007ffa79e40000 - 0x00007ffa7a194000 	C:\WINDOWS\System32\combase.dll
0x00007ffa77260000 - 0x00007ffa7728c000 	C:\WINDOWS\SYSTEM32\Wldp.dll
0x00007ffa7a680000 - 0x00007ffa7a72d000 	C:\WINDOWS\System32\SHCORE.dll
0x00007ffa79de0000 - 0x00007ffa79e35000 	C:\WINDOWS\System32\shlwapi.dll
0x00007ffa77e30000 - 0x00007ffa77e4f000 	C:\WINDOWS\SYSTEM32\profapi.dll
0x00007ffa72ca0000 - 0x00007ffa72cb9000 	C:\Users\smrhd\.jdks\openjdk-17.0.1\bin\net.dll
0x00007ffa6a6d0000 - 0x00007ffa6a7d9000 	C:\WINDOWS\SYSTEM32\WINHTTP.dll
0x00007ffa76e80000 - 0x00007ffa76eea000 	C:\WINDOWS\system32\mswsock.dll
0x00007ffa64210000 - 0x00007ffa64225000 	C:\Users\smrhd\.jdks\openjdk-17.0.1\bin\nio.dll
0x00007ffa634e0000 - 0x00007ffa634f8000 	C:\Users\smrhd\.jdks\openjdk-17.0.1\bin\zip.dll
0x00007ffa75520000 - 0x00007ffa75530000 	C:\Users\smrhd\.jdks\openjdk-17.0.1\bin\verify.dll
0x00007ffa48840000 - 0x00007ffa48867000 	C:\Users\smrhd\.gradle\native\e1d6ef7f7dcc3fd88c89a11ec53ec762bb8ba0a96d01ffa2cd45eb1d1d8dd5c5\windows-amd64\native-platform.dll
0x00007ffa56870000 - 0x00007ffa569b4000 	C:\Users\smrhd\.gradle\native\0d407fdbe67a94daf76414ababcb853783967236a71b16ec16e742cd7a986fd3\windows-amd64\native-platform-file-events.dll
0x00007ffa754c0000 - 0x00007ffa754c9000 	C:\Users\smrhd\.jdks\openjdk-17.0.1\bin\management.dll
0x00007ffa752d0000 - 0x00007ffa752db000 	C:\Users\smrhd\.jdks\openjdk-17.0.1\bin\management_ext.dll
0x00007ffa77c70000 - 0x00007ffa77c88000 	C:\WINDOWS\SYSTEM32\CRYPTSP.dll
0x00007ffa76940000 - 0x00007ffa76974000 	C:\WINDOWS\system32\rsaenh.dll
0x00007ffa78070000 - 0x00007ffa78097000 	C:\WINDOWS\System32\bcrypt.dll
0x00007ffa77db0000 - 0x00007ffa77dde000 	C:\WINDOWS\SYSTEM32\USERENV.dll
0x00007ffa77230000 - 0x00007ffa7723c000 	C:\WINDOWS\SYSTEM32\CRYPTBASE.dll
0x00007ffa76c90000 - 0x00007ffa76ccb000 	C:\WINDOWS\SYSTEM32\IPHLPAPI.DLL
0x00007ffa79680000 - 0x00007ffa79688000 	C:\WINDOWS\System32\NSI.dll
0x00007ffa71110000 - 0x00007ffa71127000 	C:\WINDOWS\SYSTEM32\dhcpcsvc6.DLL
0x00007ffa710f0000 - 0x00007ffa7110d000 	C:\WINDOWS\SYSTEM32\dhcpcsvc.DLL
0x00007ffa76cd0000 - 0x00007ffa76d9a000 	C:\WINDOWS\SYSTEM32\DNSAPI.dll
0x00007ffa72c90000 - 0x00007ffa72c9e000 	C:\Users\smrhd\.jdks\openjdk-17.0.1\bin\sunmscapi.dll
0x00007ffa78150000 - 0x00007ffa782a6000 	C:\WINDOWS\System32\CRYPT32.dll
0x00007ffa772d0000 - 0x00007ffa772f7000 	C:\WINDOWS\SYSTEM32\ncrypt.dll
0x00007ffa77290000 - 0x00007ffa772cb000 	C:\WINDOWS\SYSTEM32\NTASN1.dll
0x00007ffa63190000 - 0x00007ffa63197000 	C:\WINDOWS\system32\wshunix.dll

dbghelp: loaded successfully - version: 4.0.5 - missing functions: none
symbol engine: initialized successfully - sym options: 0x614 - pdb path: .;C:\Users\smrhd\.jdks\openjdk-17.0.1\bin;C:\WINDOWS\SYSTEM32;C:\WINDOWS\WinSxS\amd64_microsoft.windows.common-controls_6595b64144ccf1df_6.0.19041.1110_none_60b5254171f9507e;C:\Users\smrhd\.jdks\openjdk-17.0.1\bin\server;C:\Users\smrhd\.gradle\native\e1d6ef7f7dcc3fd88c89a11ec53ec762bb8ba0a96d01ffa2cd45eb1d1d8dd5c5\windows-amd64;C:\Users\smrhd\.gradle\native\0d407fdbe67a94daf76414ababcb853783967236a71b16ec16e742cd7a986fd3\windows-amd64

VM Arguments:
jvm_args: --add-opens=java.base/java.util=ALL-UNNAMED --add-opens=java.base/java.lang=ALL-UNNAMED --add-opens=java.base/java.lang.invoke=ALL-UNNAMED --add-opens=java.base/java.util=ALL-UNNAMED --add-opens=java.prefs/java.util.prefs=ALL-UNNAMED --add-opens=java.prefs/java.util.prefs=ALL-UNNAMED --add-opens=java.base/java.nio.charset=ALL-UNNAMED --add-opens=java.base/java.net=ALL-UNNAMED --add-opens=java.base/java.util.concurrent.atomic=ALL-UNNAMED -XX:MaxMetaspaceSize=256m -XX:+HeapDumpOnOutOfMemoryError -Xms256m -Xmx512m -Dfile.encoding=x-windows-949 -Duser.country=KR -Duser.language=ko -Duser.variant 
java_command: org.gradle.launcher.daemon.bootstrap.GradleDaemon 7.4
java_class_path (initial): C:\Users\smrhd\.gradle\wrapper\dists\gradle-7.4-bin\c0gwcg53nkjbqw7r0h0umtfvt\gradle-7.4\lib\gradle-launcher-7.4.jar
Launcher Type: SUN_STANDARD

[Global flags]
     intx CICompilerCount                          = 4                                         {product} {ergonomic}
   size_t CompressedClassSpaceSize                 = 218103808                                 {product} {ergonomic}
     uint ConcGCThreads                            = 3                                         {product} {ergonomic}
     uint G1ConcRefinementThreads                  = 10                                        {product} {ergonomic}
   size_t G1HeapRegionSize                         = 1048576                                   {product} {ergonomic}
    uintx GCDrainStackTargetSize                   = 64                                        {product} {ergonomic}
     bool HeapDumpOnOutOfMemoryError               = true                                   {manageable} {command line}
   size_t InitialHeapSize                          = 268435456                                 {product} {command line}
   size_t MarkStackSize                            = 4194304                                   {product} {ergonomic}
   size_t MaxHeapSize                              = 536870912                                 {product} {command line}
   size_t MaxMetaspaceSize                         = 268435456                                 {product} {command line}
   size_t MaxNewSize                               = 321912832                                 {product} {ergonomic}
   size_t MinHeapDeltaBytes                        = 1048576                                   {product} {ergonomic}
   size_t MinHeapSize                              = 268435456                                 {product} {command line}
    uintx NonNMethodCodeHeapSize                   = 5839372                                {pd product} {ergonomic}
    uintx NonProfiledCodeHeapSize                  = 122909434                              {pd product} {ergonomic}
    uintx ProfiledCodeHeapSize                     = 122909434                              {pd product} {ergonomic}
    uintx ReservedCodeCacheSize                    = 251658240                              {pd product} {ergonomic}
     bool SegmentedCodeCache                       = true                                      {product} {ergonomic}
   size_t SoftMaxHeapSize                          = 536870912                              {manageable} {ergonomic}
     bool UseCompressedClassPointers               = true                           {product lp64_product} {ergonomic}
     bool UseCompressedOops                        = true                           {product lp64_product} {ergonomic}
     bool UseG1GC                                  = true                                      {product} {ergonomic}
     bool UseLargePagesIndividualAllocation        = false                                  {pd product} {ergonomic}

Logging:
Log output configuration:
 #0: stdout all=warning uptime,level,tags
 #1: stderr all=off uptime,level,tags

Environment Variables:
PATH=C:\Python310\Scripts\;C:\Python310\;C:\oraclexe\app\oracle\product\11.2.0\server\bin;C:\Program Files (x86)\Common Files\Oracle\Java\javapath;C:\WINDOWS\system32;C:\WINDOWS;C:\WINDOWS\System32\Wbem;C:\WINDOWS\System32\WindowsPowerShell\v1.0\;C:\WINDOWS\System32\OpenSSH\;C:\Users\smrhd\anaconda3\Lib\site-packages\graphviz;C:\Program Files (x86)\PuTTY\;C:\Program Files\nodejs\;C:\ProgramData\chocolatey\bin;C:\Program Files\Amazon\AWSCLI\bin\;C:\Program Files\Git\cmd;C:\Program Files\TortoiseGit\bin;C:\Program Files\MySQL\MySQL Shell 8.0\bin\;C:\Users\smrhd\AppData\Local\Microsoft\WindowsApps;C:\Program Files\Bandizip\;C:\Users\smrhd\AppData\Local\Programs\Microsoft VS Code\bin;C:\Program Files\Graphviz\bin;;C:\Program Files\JetBrains\IntelliJ IDEA 2021.3.1\bin;;C:\Users\smrhd\AppData\Roaming\npm
USERNAME=smrhd
OS=Windows_NT
PROCESSOR_IDENTIFIER=Intel64 Family 6 Model 158 Stepping 10, GenuineIntel



---------------  S Y S T E M  ---------------

OS:
 Windows 10 , 64 bit Build 19041 (10.0.19041.1566)
OS uptime: 0 days 20:06 hours

CPU: total 12 (initial active 12) (6 cores per cpu, 2 threads per core) family 6 model 158 stepping 10 microcode 0xb4, cx8, cmov, fxsr, ht, mmx, 3dnowpref, sse, sse2, sse3, ssse3, sse4.1, sse4.2, popcnt, lzcnt, tsc, tscinvbit, avx, avx2, aes, erms, clmul, bmi1, bmi2, rtm, adx, fma, vzeroupper, clflush, clflushopt

Memory: 4k page, system-wide physical 16225M (845M free)
TotalPageFile size 32609M (AvailPageFile size 12406M)
current process WorkingSet (physical memory assigned to process): 4371M, peak: 4371M
current process commit charge ("private bytes"): 4562M, peak: 4562M

vm_info: OpenJDK 64-Bit Server VM (17.0.1+12-39) for windows-amd64 JRE (17.0.1+12-39), built on Sep 27 2021 18:39:29 by "mach5one" with MS VC++ 16.8 (VS2019)

END.
