#
# A fatal error has been detected by the Java Runtime Environment:
#
#  EXCEPTION_ACCESS_VIOLATION (0xc0000005) at pc=0x0000015f53c1bdb0, pid=8396, tid=9996
#
# JRE version: OpenJDK Runtime Environment (17.0.1+12) (build 17.0.1+12-39)
# Java VM: OpenJDK 64-Bit Server VM (17.0.1+12-39, mixed mode, sharing, tiered, compressed oops, compressed class ptrs, g1 gc, windows-amd64)
# Problematic frame:
# C  0x0000015f53c1bdb0
#
# No core dump will be written. Minidumps are not enabled by default on client versions of Windows
#
# If you would like to submit a bug report, please visit:
#   https://bugreport.java.com/bugreport/crash.jsp
#

---------------  S U M M A R Y ------------

Command Line: --add-opens=java.base/java.util=ALL-UNNAMED --add-opens=java.base/java.lang=ALL-UNNAMED --add-opens=java.base/java.lang.invoke=ALL-UNNAMED --add-opens=java.base/java.util=ALL-UNNAMED --add-opens=java.prefs/java.util.prefs=ALL-UNNAMED --add-opens=java.prefs/java.util.prefs=ALL-UNNAMED --add-opens=java.base/java.nio.charset=ALL-UNNAMED --add-opens=java.base/java.net=ALL-UNNAMED --add-opens=java.base/java.util.concurrent.atomic=ALL-UNNAMED -XX:MaxMetaspaceSize=256m -XX:+HeapDumpOnOutOfMemoryError -Xms256m -Xmx512m -Dfile.encoding=x-windows-949 -Duser.country=KR -Duser.language=ko -Duser.variant org.gradle.launcher.daemon.bootstrap.GradleDaemon 7.4

Host: Intel(R) Core(TM) i7-8700 CPU @ 3.20GHz, 12 cores, 15G,  Windows 10 , 64 bit Build 19041 (10.0.19041.1566)
Time: Wed Mar 23 15:05:29 2022  Windows 10 , 64 bit Build 19041 (10.0.19041.1566) elapsed time: 70.374158 seconds (0d 0h 1m 10s)

---------------  T H R E A D  ---------------

Current thread (0x0000015f50aa5f90):  JavaThread "C2 CompilerThread2" daemon [_thread_in_native, id=9996, stack(0x000000285f000000,0x000000285f100000)]


Current CompileTask:
C2:  70374 5728       4       groovy.lang.MetaClassImpl::inheritInterfaceNewMetaMethods (195 bytes)

Stack: [0x000000285f000000,0x000000285f100000],  sp=0x000000285f0fb308,  free space=1004k
Native frames: (J=compiled Java code, j=interpreted, Vv=VM code, C=native code)
C  0x0000015f53c1bdb0


siginfo: EXCEPTION_ACCESS_VIOLATION (0xc0000005), data execution prevention violation at address 0x0000015f53c1bdb0


Register to memory mapping:

RIP=0x0000015f53c1bdb0 points into unknown readable memory: 0x00007ffaa1676e48 | 48 6e 67 a1 fa 7f 00 00
RAX=0x0000015f528e76f0 points into unknown readable memory: 0x0000015f583a3108 | 08 31 3a 58 5f 01 00 00
RBX=0x000000285f0fbf58 is pointing into the stack for thread: 0x0000015f50aa5f90
RCX=0x0000015f52927d30 points into unknown readable memory: 0x0000015f5567de10 | 10 de 67 55 5f 01 00 00
RDX=0x0 is NULL
RSP=0x000000285f0fb308 is pointing into the stack for thread: 0x0000015f50aa5f90
RBP=0x0000000000003302 is an unknown value
RSI=0x000000002a9e0cfb is an unknown value
RDI=0x0000015f52927d30 points into unknown readable memory: 0x0000015f5567de10 | 10 de 67 55 5f 01 00 00
R8 =0x0000015f55a3cf90 points into unknown readable memory: 0x00007ffaa15fb650 | 50 b6 5f a1 fa 7f 00 00
R9 =0x0000015f584de490 points into unknown readable memory: 0x0000015f5009bc50 | 50 bc 09 50 5f 01 00 00
R10=0x0000000000000cfb is an unknown value
R11=0x0000000000007fff is an unknown value
R12=0x0000000000001999 is an unknown value
R13=0x0000000000000ccd is an unknown value
R14=0x0000015f52883138 points into unknown readable memory: 0x0000000000000000 | 00 00 00 00 00 00 00 00
R15=0x0000000000004000 is an unknown value


Registers:
RAX=0x0000015f528e76f0, RBX=0x000000285f0fbf58, RCX=0x0000015f52927d30, RDX=0x0000000000000000
RSP=0x000000285f0fb308, RBP=0x0000000000003302, RSI=0x000000002a9e0cfb, RDI=0x0000015f52927d30
R8 =0x0000015f55a3cf90, R9 =0x0000015f584de490, R10=0x0000000000000cfb, R11=0x0000000000007fff
R12=0x0000000000001999, R13=0x0000000000000ccd, R14=0x0000015f52883138, R15=0x0000000000004000
RIP=0x0000015f53c1bdb0, EFLAGS=0x0000000000010287

Top of Stack: (sp=0x000000285f0fb308)
0x000000285f0fb308:   00007ffaa14449bb 000000285f0fbf58
0x000000285f0fb318:   0000000053dd0c98 0000000000040000
0x000000285f0fb328:   000000285f0fbf58 0000015f54106a50
0x000000285f0fb338:   0000000000001999 0000000000000000
0x000000285f0fb348:   00007ffaa1444da3 0000000000000003
0x000000285f0fb358:   0000000000000100 000000285f0fbf58
0x000000285f0fb368:   0000015f3488e260 0000015f55e11238
0x000000285f0fb378:   0000000000002918 0000015f3488e260
0x000000285f0fb388:   0000000000000000 0000015f54106a50
0x000000285f0fb398:   00007ffaa1446652 0000015f54106a50
0x000000285f0fb3a8:   0000015f00000100 0000000000000523
0x000000285f0fb3b8:   000000285f0fb5d0 000000285f0fb5d0
0x000000285f0fb3c8:   00007ffaa144536a 000000285f0fe550
0x000000285f0fb3d8:   0000000000000523 0000015f54106a50
0x000000285f0fb3e8:   0000000000000048 0000000000000048
0x000000285f0fb3f8:   0000000000000018 00007ffaa16893d0 

Instructions: (pc=0x0000015f53c1bdb0)
0x0000015f53c1bcb0:   6c 74 73 3b 00 06 2a 2b b5 00 05 b1 00 00 00 02
0x0000015f53c1bcc0:   00 45 00 00 00 0a 00 02 00 00 00 49 00 05 00 4a
0x0000015f53c1bcd0:   00 46 00 00 00 16 00 02 00 00 00 06 00 47 00 48
0x0000015f53c1bce0:   00 00 00 00 00 06 00 37 00 38 00 01 00 0a 00 4e
0x0000015f53c1bcf0:   00 4f 00 01 00 44 00 00 00 41 00 04 00 01 00 00
0x0000015f53c1bd00:   00 13 bb 00 0e 59 b7 00 0f 4b bb 00 10 59 2a 12
0x0000015f53c1bd10:   11 b7 00 12 b0 00 00 00 02 00 45 00 00 00 0a 00
0x0000015f53c1bd20:   02 00 00 00 4d 00 08 00 4e 00 46 00 00 00 0c 00
0x0000015f53c1bd30:   01 00 08 00 0b 00 50 00 51 00 00 00 01 00 52 00
0x0000015f53c1bd40:   53 00 02 00 44 00 00 00 49 00 01 00 01 00 00 00
0x0000015f53c1bd50:   12 2a b4 00 13 c6 00 0a 2a b4 00 13 a7 00 06 b8
0x0000015f53c1bd60:   00 14 b0 00 00 00 03 00 45 00 00 00 06 00 01 00
0x0000015f53c1bd70:   00 00 53 00 46 00 00 00 0c 00 01 00 00 00 12 00
0x0000015f53c1bd80:   47 00 48 00 00 00 54 00 00 00 07 00 02 0e 42 07
0x0000015f53c1bd90:   00 55 00 3b 00 00 00 02 d1 12 dd 54 ed ec 42 08
0x0000015f53c1bda0:   f0 83 a2 53 5f 01 00 00 d8 7f 00 00 00 00 00 00
0x0000015f53c1bdb0:   48 6e 67 a1 fa 7f 00 00 f0 bd c1 53 5f 01 00 00
0x0000015f53c1bdc0:   00 00 00 00 00 00 00 00 01 00 00 00 01 00 00 00
0x0000015f53c1bdd0:   00 00 00 00 00 00 00 00 00 00 00 00 04 00 00 00
0x0000015f53c1bde0:   10 10 00 00 00 00 00 00 28 e5 55 4f 5f 01 00 00
0x0000015f53c1bdf0:   c0 d4 c1 53 5f 01 00 00 60 91 68 a1 fa 7f 00 00
0x0000015f53c1be00:   48 be c1 53 5f 01 00 00 60 48 d2 51 5f 01 00 00
0x0000015f53c1be10:   b5 00 00 00 00 02 00 00 26 01 00 00 00 02 00 00
0x0000015f53c1be20:   01 00 00 00 e0 00 00 00 00 00 00 00 28 00 00 00
0x0000015f53c1be30:   00 00 00 00 08 00 00 00 00 00 00 00 00 00 00 00
0x0000015f53c1be40:   00 00 80 bf 28 00 00 00 f8 bd c1 53 5f 01 00 00
0x0000015f53c1be50:   68 ce c1 53 5f 01 00 00 68 de c1 53 5f 01 00 00
0x0000015f53c1be60:   a8 e8 c1 53 5f 01 00 00 70 fa c1 53 5f 01 00 00
0x0000015f53c1be70:   c0 62 7d 55 5f 01 00 00 e0 69 7d 55 5f 01 00 00
0x0000015f53c1be80:   00 71 7d 55 5f 01 00 00 a0 79 7d 55 5f 01 00 00
0x0000015f53c1be90:   d8 80 7d 55 5f 01 00 00 d0 89 7d 55 5f 01 00 00
0x0000015f53c1bea0:   98 07 a1 53 5f 01 00 00 10 c8 57 54 5f 01 00 00 


Stack slot to memory mapping:
stack at sp + 0 slots: 0x00007ffaa14449bb jvm.dll
stack at sp + 1 slots: 0x000000285f0fbf58 is pointing into the stack for thread: 0x0000015f50aa5f90
stack at sp + 2 slots: 0x0000000053dd0c98 is an unknown value
stack at sp + 3 slots: 0x0000000000040000 is an unknown value
stack at sp + 4 slots: 0x000000285f0fbf58 is pointing into the stack for thread: 0x0000015f50aa5f90
stack at sp + 5 slots: 0x0000015f54106a50 points into unknown readable memory: 0x00007ffaa1660aa8 | a8 0a 66 a1 fa 7f 00 00
stack at sp + 6 slots: 0x0000000000001999 is an unknown value
stack at sp + 7 slots: 0x0 is NULL


---------------  P R O C E S S  ---------------

Threads class SMR info:
_java_thread_list=0x0000015f50c0be70, length=70, elements={
0x0000015f3488e3a0, 0x0000015f4f4fd7e0, 0x0000015f4f4fe170, 0x0000015f4f518f70,
0x0000015f4f51c5c0, 0x0000015f4f51ca90, 0x0000015f4f51df70, 0x0000015f4f52c850,
0x0000015f4f530310, 0x0000015f4f530820, 0x0000015f501076c0, 0x0000015f501083b0,
0x0000015f518c4820, 0x0000015f50b7c890, 0x0000015f51eb1950, 0x0000015f51eb0140,
0x0000015f51eafc70, 0x0000015f51eb0fb0, 0x0000015f51eadf90, 0x0000015f51eae930,
0x0000015f51eae460, 0x0000015f51eaf2d0, 0x0000015f51eb1480, 0x0000015f51eaee00,
0x0000015f51eb0ae0, 0x0000015f522af720, 0x0000015f522b2270, 0x0000015f522b2740,
0x0000015f522b1da0, 0x0000015f522aed80, 0x0000015f522af250, 0x0000015f522b0a60,
0x0000015f522afbf0, 0x0000015f522b18d0, 0x0000015f522b00c0, 0x0000015f522b1400,
0x0000015f522b0590, 0x0000015f522b0f30, 0x0000015f51f70910, 0x0000015f51f73e00,
0x0000015f51f73930, 0x0000015f51f6c5b0, 0x0000015f51f6ec30, 0x0000015f51f725f0,
0x0000015f51f73460, 0x0000015f51f6f5d0, 0x0000015f51f6faa0, 0x0000015f51f6ca80,
0x0000015f51f6d420, 0x0000015f51f72120, 0x0000015f51f6cf50, 0x0000015f51f6e290,
0x0000015f51f6ff70, 0x0000015f51f70440, 0x0000015f51f71780, 0x0000015f51f71c50,
0x0000015f52a311b0, 0x0000015f52a2f4d0, 0x0000015f52a31680, 0x0000015f52a2eb30,
0x0000015f52a2f000, 0x0000015f52a2f9a0, 0x0000015f52a33830, 0x0000015f52a2fe70,
0x0000015f52a33d00, 0x0000015f52a324f0, 0x0000015f52a30810, 0x0000015f52a2e190,
0x0000015f50aa5570, 0x0000015f50aa5f90
}

Java Threads: ( => current thread )
  0x0000015f3488e3a0 JavaThread "main" [_thread_blocked, id=320, stack(0x0000002859a00000,0x0000002859b00000)]
  0x0000015f4f4fd7e0 JavaThread "Reference Handler" daemon [_thread_blocked, id=2140, stack(0x000000285a100000,0x000000285a200000)]
  0x0000015f4f4fe170 JavaThread "Finalizer" daemon [_thread_blocked, id=9560, stack(0x000000285a200000,0x000000285a300000)]
  0x0000015f4f518f70 JavaThread "Signal Dispatcher" daemon [_thread_blocked, id=5392, stack(0x000000285a300000,0x000000285a400000)]
  0x0000015f4f51c5c0 JavaThread "Attach Listener" daemon [_thread_blocked, id=11164, stack(0x000000285a400000,0x000000285a500000)]
  0x0000015f4f51ca90 JavaThread "Service Thread" daemon [_thread_blocked, id=6104, stack(0x000000285a500000,0x000000285a600000)]
  0x0000015f4f51df70 JavaThread "Monitor Deflation Thread" daemon [_thread_blocked, id=2440, stack(0x000000285a600000,0x000000285a700000)]
  0x0000015f4f52c850 JavaThread "C2 CompilerThread0" daemon [_thread_in_native, id=10524, stack(0x000000285a700000,0x000000285a800000)]
  0x0000015f4f530310 JavaThread "C1 CompilerThread0" daemon [_thread_blocked, id=11160, stack(0x000000285a800000,0x000000285a900000)]
  0x0000015f4f530820 JavaThread "Sweeper thread" daemon [_thread_blocked, id=9576, stack(0x000000285a900000,0x000000285aa00000)]
  0x0000015f501076c0 JavaThread "Common-Cleaner" daemon [_thread_blocked, id=3460, stack(0x000000285aa00000,0x000000285ab00000)]
  0x0000015f501083b0 JavaThread "Notification Thread" daemon [_thread_blocked, id=8288, stack(0x000000285ab00000,0x000000285ac00000)]
  0x0000015f518c4820 JavaThread "Daemon health stats" [_thread_blocked, id=10504, stack(0x000000285b300000,0x000000285b400000)]
  0x0000015f50b7c890 JavaThread "Incoming local TCP Connector on port 49938" [_thread_in_native, id=2220, stack(0x000000285b400000,0x000000285b500000)]
  0x0000015f51eb1950 JavaThread "Daemon periodic checks" [_thread_blocked, id=11136, stack(0x000000285ad00000,0x000000285ae00000)]
  0x0000015f51eb0140 JavaThread "Daemon" [_thread_blocked, id=11040, stack(0x000000285b500000,0x000000285b600000)]
  0x0000015f51eafc70 JavaThread "Handler for socket connection from /127.0.0.1:49938 to /127.0.0.1:49939" [_thread_in_native, id=11036, stack(0x000000285b600000,0x000000285b700000)]
  0x0000015f51eb0fb0 JavaThread "Cancel handler" [_thread_blocked, id=8692, stack(0x000000285b700000,0x000000285b800000)]
  0x0000015f51eadf90 JavaThread "Daemon worker" [_thread_in_vm, id=8208, stack(0x000000285b800000,0x000000285b900000)]
  0x0000015f51eae930 JavaThread "Asynchronous log dispatcher for DefaultDaemonConnection: socket connection from /127.0.0.1:49938 to /127.0.0.1:49939" [_thread_blocked, id=9428, stack(0x000000285b900000,0x000000285ba00000)]
  0x0000015f51eae460 JavaThread "Daemon client event forwarder" [_thread_blocked, id=7184, stack(0x000000285bb00000,0x000000285bc00000)]
  0x0000015f51eaf2d0 JavaThread "Cache worker for journal cache (C:\Users\smrhd\.gradle\caches\journal-1)" [_thread_blocked, id=7428, stack(0x000000285bc00000,0x000000285bd00000)]
  0x0000015f51eb1480 JavaThread "File lock request listener" [_thread_in_native, id=1920, stack(0x000000285bd00000,0x000000285be00000)]
  0x0000015f51eaee00 JavaThread "Cache worker for file hash cache (C:\Users\smrhd\.gradle\caches\7.4\fileHashes)" [_thread_blocked, id=9096, stack(0x000000285be00000,0x000000285bf00000)]
  0x0000015f51eb0ae0 JavaThread "File watcher server" daemon [_thread_in_native, id=10808, stack(0x000000285bf00000,0x000000285c000000)]
  0x0000015f522af720 JavaThread "File watcher consumer" daemon [_thread_blocked, id=10140, stack(0x000000285c000000,0x000000285c100000)]
  0x0000015f522b2270 JavaThread "jar transforms" [_thread_blocked, id=11092, stack(0x000000285c100000,0x000000285c200000)]
  0x0000015f522b2740 JavaThread "jar transforms Thread 2" [_thread_blocked, id=7480, stack(0x000000285c200000,0x000000285c300000)]
  0x0000015f522b1da0 JavaThread "jar transforms Thread 3" [_thread_blocked, id=6608, stack(0x000000285c300000,0x000000285c400000)]
  0x0000015f522aed80 JavaThread "jar transforms Thread 4" [_thread_blocked, id=6568, stack(0x000000285c400000,0x000000285c500000)]
  0x0000015f522af250 JavaThread "jar transforms Thread 5" [_thread_blocked, id=10288, stack(0x000000285c500000,0x000000285c600000)]
  0x0000015f522b0a60 JavaThread "jar transforms Thread 6" [_thread_blocked, id=10580, stack(0x000000285c600000,0x000000285c700000)]
  0x0000015f522afbf0 JavaThread "jar transforms Thread 7" [_thread_blocked, id=11124, stack(0x000000285c700000,0x000000285c800000)]
  0x0000015f522b18d0 JavaThread "jar transforms Thread 8" [_thread_blocked, id=10228, stack(0x000000285c800000,0x000000285c900000)]
  0x0000015f522b00c0 JavaThread "jar transforms Thread 9" [_thread_blocked, id=10884, stack(0x000000285c900000,0x000000285ca00000)]
  0x0000015f522b1400 JavaThread "jar transforms Thread 10" [_thread_blocked, id=10308, stack(0x000000285ca00000,0x000000285cb00000)]
  0x0000015f522b0590 JavaThread "jar transforms Thread 11" [_thread_blocked, id=10248, stack(0x000000285cb00000,0x000000285cc00000)]
  0x0000015f522b0f30 JavaThread "jar transforms Thread 12" [_thread_blocked, id=8108, stack(0x000000285cc00000,0x000000285cd00000)]
  0x0000015f51f70910 JavaThread "Cache worker for checksums cache (C:\Users\smrhd\Desktop\mindchat\backend\.gradle\7.4\checksums)" [_thread_blocked, id=10940, stack(0x0000002859800000,0x0000002859900000)]
  0x0000015f51f73e00 JavaThread "Cache worker for cache directory md-rule (C:\Users\smrhd\.gradle\caches\7.4\md-rule)" [_thread_blocked, id=7280, stack(0x000000285cd00000,0x000000285ce00000)]
  0x0000015f51f73930 JavaThread "Cache worker for file hash cache (C:\Users\smrhd\Desktop\mindchat\backend\.gradle\7.4\fileHashes)" [_thread_blocked, id=9448, stack(0x000000285d400000,0x000000285d500000)]
  0x0000015f51f6c5b0 JavaThread "Cache worker for cache directory md-supplier (C:\Users\smrhd\.gradle\caches\7.4\md-supplier)" [_thread_blocked, id=9692, stack(0x000000285d500000,0x000000285d600000)]
  0x0000015f51f6ec30 JavaThread "Cache worker for execution history cache (C:\Users\smrhd\.gradle\caches\7.4\executionHistory)" [_thread_blocked, id=10532, stack(0x000000285d600000,0x000000285d700000)]
  0x0000015f51f725f0 JavaThread "Cache worker for file content cache (C:\Users\smrhd\.gradle\caches\7.4\fileContent)" [_thread_blocked, id=11132, stack(0x000000285d900000,0x000000285da00000)]
  0x0000015f51f73460 JavaThread "Cache worker for dependencies-accessors (C:\Users\smrhd\Desktop\mindchat\backend\.gradle\7.4\dependencies-accessors)" [_thread_blocked, id=8964, stack(0x000000285da00000,0x000000285db00000)]
  0x0000015f51f6f5d0 JavaThread "Cache worker for Build Output Cleanup Cache (C:\Users\smrhd\Desktop\mindchat\backend\.gradle\buildOutputCleanup)" [_thread_blocked, id=8544, stack(0x0000002859700000,0x0000002859800000)]
  0x0000015f51f6faa0 JavaThread "Unconstrained build operations" [_thread_blocked, id=9400, stack(0x0000002859900000,0x0000002859a00000)]
  0x0000015f51f6ca80 JavaThread "Unconstrained build operations Thread 2" [_thread_blocked, id=9408, stack(0x000000285db00000,0x000000285dc00000)]
  0x0000015f51f6d420 JavaThread "Unconstrained build operations Thread 3" [_thread_blocked, id=6512, stack(0x000000285dc00000,0x000000285dd00000)]
  0x0000015f51f72120 JavaThread "Unconstrained build operations Thread 4" [_thread_blocked, id=9396, stack(0x000000285dd00000,0x000000285de00000)]
  0x0000015f51f6cf50 JavaThread "Unconstrained build operations Thread 5" [_thread_blocked, id=10920, stack(0x000000285de00000,0x000000285df00000)]
  0x0000015f51f6e290 JavaThread "Unconstrained build operations Thread 6" [_thread_blocked, id=884, stack(0x000000285df00000,0x000000285e000000)]
  0x0000015f51f6ff70 JavaThread "Unconstrained build operations Thread 7" [_thread_blocked, id=10416, stack(0x000000285e000000,0x000000285e100000)]
  0x0000015f51f70440 JavaThread "Unconstrained build operations Thread 8" [_thread_blocked, id=1220, stack(0x000000285e100000,0x000000285e200000)]
  0x0000015f51f71780 JavaThread "Unconstrained build operations Thread 9" [_thread_blocked, id=1908, stack(0x000000285e200000,0x000000285e300000)]
  0x0000015f51f71c50 JavaThread "Unconstrained build operations Thread 10" [_thread_blocked, id=3052, stack(0x000000285e300000,0x000000285e400000)]
  0x0000015f52a311b0 JavaThread "Unconstrained build operations Thread 11" [_thread_blocked, id=10820, stack(0x000000285e400000,0x000000285e500000)]
  0x0000015f52a2f4d0 JavaThread "Unconstrained build operations Thread 12" [_thread_blocked, id=7492, stack(0x000000285e500000,0x000000285e600000)]
  0x0000015f52a31680 JavaThread "Unconstrained build operations Thread 13" [_thread_blocked, id=6940, stack(0x000000285e600000,0x000000285e700000)]
  0x0000015f52a2eb30 JavaThread "Unconstrained build operations Thread 14" [_thread_blocked, id=10424, stack(0x000000285e700000,0x000000285e800000)]
  0x0000015f52a2f000 JavaThread "Unconstrained build operations Thread 15" [_thread_blocked, id=10276, stack(0x000000285e800000,0x000000285e900000)]
  0x0000015f52a2f9a0 JavaThread "Unconstrained build operations Thread 16" [_thread_blocked, id=2132, stack(0x000000285e900000,0x000000285ea00000)]
  0x0000015f52a33830 JavaThread "Unconstrained build operations Thread 17" [_thread_blocked, id=7228, stack(0x000000285ea00000,0x000000285eb00000)]
  0x0000015f52a2fe70 JavaThread "Unconstrained build operations Thread 18" [_thread_blocked, id=2768, stack(0x000000285eb00000,0x000000285ec00000)]
  0x0000015f52a33d00 JavaThread "Unconstrained build operations Thread 19" [_thread_blocked, id=4028, stack(0x000000285ec00000,0x000000285ed00000)]
  0x0000015f52a324f0 JavaThread "Memory manager" [_thread_blocked, id=11056, stack(0x000000285ee00000,0x000000285ef00000)]
  0x0000015f52a30810 JavaThread "included builds" [_thread_blocked, id=2548, stack(0x000000285ed00000,0x000000285ee00000)]
  0x0000015f52a2e190 JavaThread "Cache worker for execution history cache (C:\Users\smrhd\Desktop\mindchat\backend\.gradle\7.4\executionHistory)" [_thread_blocked, id=10812, stack(0x000000285fb00000,0x000000285fc00000)]
  0x0000015f50aa5570 JavaThread "C2 CompilerThread1" daemon [_thread_in_native, id=8728, stack(0x000000285ef00000,0x000000285f000000)]
=>0x0000015f50aa5f90 JavaThread "C2 CompilerThread2" daemon [_thread_in_native, id=9996, stack(0x000000285f000000,0x000000285f100000)]

Other Threads:
  0x0000015f4f4f5cd0 VMThread "VM Thread" [stack: 0x000000285a000000,0x000000285a100000] [id=264]
  0x0000015f348c5d10 WatcherThread [stack: 0x000000285ac00000,0x000000285ad00000] [id=1008]
  0x0000015f348b5050 GCTaskThread "GC Thread#0" [stack: 0x0000002859b00000,0x0000002859c00000] [id=568]
  0x0000015f50490f20 GCTaskThread "GC Thread#1" [stack: 0x000000285ae00000,0x000000285af00000] [id=4156]
  0x0000015f50491f40 GCTaskThread "GC Thread#2" [stack: 0x000000285af00000,0x000000285b000000] [id=11020]
  0x0000015f50490c70 GCTaskThread "GC Thread#3" [stack: 0x000000285b000000,0x000000285b100000] [id=10964]
  0x0000015f50490710 GCTaskThread "GC Thread#4" [stack: 0x000000285b100000,0x000000285b200000] [id=3840]
  0x0000015f50491c90 GCTaskThread "GC Thread#5" [stack: 0x000000285b200000,0x000000285b300000] [id=10968]
  0x0000015f5167c520 GCTaskThread "GC Thread#6" [stack: 0x000000285ce00000,0x000000285cf00000] [id=708]
  0x0000015f5167ca80 GCTaskThread "GC Thread#7" [stack: 0x000000285cf00000,0x000000285d000000] [id=10004]
  0x0000015f5167e810 GCTaskThread "GC Thread#8" [stack: 0x000000285d000000,0x000000285d100000] [id=5132]
  0x0000015f5167ba60 GCTaskThread "GC Thread#9" [stack: 0x000000285d100000,0x000000285d200000] [id=8452]
  0x0000015f348baeb0 ConcurrentGCThread "G1 Main Marker" [stack: 0x0000002859c00000,0x0000002859d00000] [id=680]
  0x0000015f348bb7d0 ConcurrentGCThread "G1 Conc#0" [stack: 0x0000002859d00000,0x0000002859e00000] [id=10128]
  0x0000015f5167e2b0 ConcurrentGCThread "G1 Conc#1" [stack: 0x000000285d200000,0x000000285d300000] [id=3808]
  0x0000015f5167cd30 ConcurrentGCThread "G1 Conc#2" [stack: 0x000000285d300000,0x000000285d400000] [id=9644]
  0x0000015f4f3b60d0 ConcurrentGCThread "G1 Refine#0" [stack: 0x0000002859e00000,0x0000002859f00000] [id=8240]
  0x0000015f524898a0 ConcurrentGCThread "G1 Refine#1" [stack: 0x000000285f400000,0x000000285f500000] [id=10712]
  0x0000015f4f3b8620 ConcurrentGCThread "G1 Service" [stack: 0x0000002859f00000,0x000000285a000000] [id=11236]

Threads with active compile tasks:
C2 CompilerThread0    70509 5830       4       org.objectweb.asm.Frame::execute (2318 bytes)
C2 CompilerThread1    70509 5808 %     4       org.gradle.internal.instantiation.generator.AbstractClassGenerator::inspectType @ 107 (560 bytes)
C2 CompilerThread2    70509 5728       4       groovy.lang.MetaClassImpl::inheritInterfaceNewMetaMethods (195 bytes)

VM state: not at safepoint (normal execution)

VM Mutex/Monitor currently owned by a thread: None

Heap address: 0x00000000e0000000, size: 512 MB, Compressed Oops mode: 32-bit

CDS archive(s) mapped at: [0x0000000800000000-0x0000000800bc0000-0x0000000800bc0000), size 12320768, SharedBaseAddress: 0x0000000800000000, ArchiveRelocationMode: 0.
Compressed class space mapped at: 0x0000000800c00000-0x000000080dc00000, reserved size: 218103808
Narrow klass base: 0x0000000800000000, Narrow klass shift: 0, Narrow klass range: 0x100000000

GC Precious Log:
 CPUs: 12 total, 12 available
 Memory: 16225M
 Large Page Support: Disabled
 NUMA Support: Disabled
 Compressed Oops: Enabled (32-bit)
 Heap Region Size: 1M
 Heap Min Capacity: 256M
 Heap Initial Capacity: 256M
 Heap Max Capacity: 512M
 Pre-touch: Disabled
 Parallel Workers: 10
 Concurrent Workers: 3
 Concurrent Refinement Workers: 10
 Periodic GC: Disabled

Heap:
 garbage-first heap   total 262144K, used 158720K [0x00000000e0000000, 0x0000000100000000)
  region size 1024K, 65 young (66560K), 13 survivors (13312K)
 Metaspace       used 50675K, committed 51328K, reserved 262144K
  class space    used 7168K, committed 7424K, reserved 212992K

Heap Regions: E=young(eden), S=young(survivor), O=old, HS=humongous(starts), HC=humongous(continues), CS=collection set, F=free, OA=open archive, CA=closed archive, TAMS=top-at-mark-start (previous, next)
|   0|0x00000000e0000000, 0x00000000e0000000, 0x00000000e0100000|  0%| F|  |TAMS 0x00000000e0000000, 0x00000000e0000000| Untracked 
|   1|0x00000000e0100000, 0x00000000e0200000, 0x00000000e0200000|100%| O|  |TAMS 0x00000000e0200000, 0x00000000e0100000| Untracked 
|   2|0x00000000e0200000, 0x00000000e0300000, 0x00000000e0300000|100%| O|  |TAMS 0x00000000e0300000, 0x00000000e0200000| Untracked 
|   3|0x00000000e0300000, 0x00000000e0400000, 0x00000000e0400000|100%|HS|  |TAMS 0x00000000e0400000, 0x00000000e0300000| Complete 
|   4|0x00000000e0400000, 0x00000000e0500000, 0x00000000e0500000|100%|HC|  |TAMS 0x00000000e0500000, 0x00000000e0400000| Complete 
|   5|0x00000000e0500000, 0x00000000e0600000, 0x00000000e0600000|100%|HC|  |TAMS 0x00000000e0600000, 0x00000000e0500000| Complete 
|   6|0x00000000e0600000, 0x00000000e0700000, 0x00000000e0700000|100%| O|  |TAMS 0x00000000e0700000, 0x00000000e0600000| Untracked 
|   7|0x00000000e0700000, 0x00000000e0800000, 0x00000000e0800000|100%| O|  |TAMS 0x00000000e0800000, 0x00000000e0700000| Untracked 
|   8|0x00000000e0800000, 0x00000000e0900000, 0x00000000e0900000|100%| O|  |TAMS 0x00000000e0900000, 0x00000000e0800000| Untracked 
|   9|0x00000000e0900000, 0x00000000e0a00000, 0x00000000e0a00000|100%| O|  |TAMS 0x00000000e0a00000, 0x00000000e0900000| Untracked 
|  10|0x00000000e0a00000, 0x00000000e0b00000, 0x00000000e0b00000|100%| O|  |TAMS 0x00000000e0a66000, 0x00000000e0a00000| Untracked 
|  11|0x00000000e0b00000, 0x00000000e0c00000, 0x00000000e0c00000|100%|HS|  |TAMS 0x00000000e0c00000, 0x00000000e0b00000| Complete 
|  12|0x00000000e0c00000, 0x00000000e0d00000, 0x00000000e0d00000|100%|HC|  |TAMS 0x00000000e0d00000, 0x00000000e0c00000| Complete 
|  13|0x00000000e0d00000, 0x00000000e0e00000, 0x00000000e0e00000|100%|HS|  |TAMS 0x00000000e0e00000, 0x00000000e0d00000| Complete 
|  14|0x00000000e0e00000, 0x00000000e0f00000, 0x00000000e0f00000|100%|HC|  |TAMS 0x00000000e0f00000, 0x00000000e0e00000| Complete 
|  15|0x00000000e0f00000, 0x00000000e1000000, 0x00000000e1000000|100%|HC|  |TAMS 0x00000000e1000000, 0x00000000e0f00000| Complete 
|  16|0x00000000e1000000, 0x00000000e1100000, 0x00000000e1100000|100%|HS|  |TAMS 0x00000000e1100000, 0x00000000e1000000| Complete 
|  17|0x00000000e1100000, 0x00000000e1200000, 0x00000000e1200000|100%|HC|  |TAMS 0x00000000e1200000, 0x00000000e1100000| Complete 
|  18|0x00000000e1200000, 0x00000000e1300000, 0x00000000e1300000|100%|HC|  |TAMS 0x00000000e1300000, 0x00000000e1200000| Complete 
|  19|0x00000000e1300000, 0x00000000e1400000, 0x00000000e1400000|100%|HS|  |TAMS 0x00000000e1400000, 0x00000000e1300000| Complete 
|  20|0x00000000e1400000, 0x00000000e1500000, 0x00000000e1500000|100%|HC|  |TAMS 0x00000000e1500000, 0x00000000e1400000| Complete 
|  21|0x00000000e1500000, 0x00000000e1600000, 0x00000000e1600000|100%|HC|  |TAMS 0x00000000e1600000, 0x00000000e1500000| Complete 
|  22|0x00000000e1600000, 0x00000000e1700000, 0x00000000e1700000|100%|HC|  |TAMS 0x00000000e1700000, 0x00000000e1600000| Complete 
|  23|0x00000000e1700000, 0x00000000e1800000, 0x00000000e1800000|100%|HS|  |TAMS 0x00000000e1800000, 0x00000000e1700000| Complete 
|  24|0x00000000e1800000, 0x00000000e1900000, 0x00000000e1900000|100%|HC|  |TAMS 0x00000000e1900000, 0x00000000e1800000| Complete 
|  25|0x00000000e1900000, 0x00000000e1a00000, 0x00000000e1a00000|100%|HC|  |TAMS 0x00000000e1a00000, 0x00000000e1900000| Complete 
|  26|0x00000000e1a00000, 0x00000000e1b00000, 0x00000000e1b00000|100%|HC|  |TAMS 0x00000000e1b00000, 0x00000000e1a00000| Complete 
|  27|0x00000000e1b00000, 0x00000000e1c00000, 0x00000000e1c00000|100%|HC|  |TAMS 0x00000000e1c00000, 0x00000000e1b00000| Complete 
|  28|0x00000000e1c00000, 0x00000000e1d00000, 0x00000000e1d00000|100%|HS|  |TAMS 0x00000000e1d00000, 0x00000000e1c00000| Complete 
|  29|0x00000000e1d00000, 0x00000000e1e00000, 0x00000000e1e00000|100%|HS|  |TAMS 0x00000000e1e00000, 0x00000000e1d00000| Complete 
|  30|0x00000000e1e00000, 0x00000000e1f00000, 0x00000000e1f00000|100%|HS|  |TAMS 0x00000000e1e00000, 0x00000000e1e00000| Complete 
|  31|0x00000000e1f00000, 0x00000000e2000000, 0x00000000e2000000|100%|HC|  |TAMS 0x00000000e1f00000, 0x00000000e1f00000| Complete 
|  32|0x00000000e2000000, 0x00000000e2100000, 0x00000000e2100000|100%|HS|  |TAMS 0x00000000e2100000, 0x00000000e2000000| Complete 
|  33|0x00000000e2100000, 0x00000000e2200000, 0x00000000e2200000|100%|HC|  |TAMS 0x00000000e2200000, 0x00000000e2100000| Complete 
|  34|0x00000000e2200000, 0x00000000e2300000, 0x00000000e2300000|100%|HS|  |TAMS 0x00000000e2300000, 0x00000000e2200000| Complete 
|  35|0x00000000e2300000, 0x00000000e2400000, 0x00000000e2400000|100%|HC|  |TAMS 0x00000000e2400000, 0x00000000e2300000| Complete 
|  36|0x00000000e2400000, 0x00000000e2500000, 0x00000000e2500000|100%|HC|  |TAMS 0x00000000e2500000, 0x00000000e2400000| Complete 
|  37|0x00000000e2500000, 0x00000000e2600000, 0x00000000e2600000|100%|HS|  |TAMS 0x00000000e2600000, 0x00000000e2500000| Complete 
|  38|0x00000000e2600000, 0x00000000e2700000, 0x00000000e2700000|100%|HC|  |TAMS 0x00000000e2700000, 0x00000000e2600000| Complete 
|  39|0x00000000e2700000, 0x00000000e2800000, 0x00000000e2800000|100%|HC|  |TAMS 0x00000000e2800000, 0x00000000e2700000| Complete 
|  40|0x00000000e2800000, 0x00000000e2900000, 0x00000000e2900000|100%|HC|  |TAMS 0x00000000e2900000, 0x00000000e2800000| Complete 
|  41|0x00000000e2900000, 0x00000000e2a00000, 0x00000000e2a00000|100%|HC|  |TAMS 0x00000000e2a00000, 0x00000000e2900000| Complete 
|  42|0x00000000e2a00000, 0x00000000e2b00000, 0x00000000e2b00000|100%|HS|  |TAMS 0x00000000e2b00000, 0x00000000e2a00000| Complete 
|  43|0x00000000e2b00000, 0x00000000e2c00000, 0x00000000e2c00000|100%|HC|  |TAMS 0x00000000e2c00000, 0x00000000e2b00000| Complete 
|  44|0x00000000e2c00000, 0x00000000e2d00000, 0x00000000e2d00000|100%|HC|  |TAMS 0x00000000e2d00000, 0x00000000e2c00000| Complete 
|  45|0x00000000e2d00000, 0x00000000e2e00000, 0x00000000e2e00000|100%| O|  |TAMS 0x00000000e2d00000, 0x00000000e2d00000| Untracked 
|  46|0x00000000e2e00000, 0x00000000e2f00000, 0x00000000e2f00000|100%| O|  |TAMS 0x00000000e2e00000, 0x00000000e2e00000| Untracked 
|  47|0x00000000e2f00000, 0x00000000e3000000, 0x00000000e3000000|100%| O|  |TAMS 0x00000000e2f00000, 0x00000000e2f00000| Untracked 
|  48|0x00000000e3000000, 0x00000000e3100000, 0x00000000e3100000|100%| O|  |TAMS 0x00000000e3000000, 0x00000000e3000000| Untracked 
|  49|0x00000000e3100000, 0x00000000e3200000, 0x00000000e3200000|100%| O|  |TAMS 0x00000000e3100000, 0x00000000e3100000| Untracked 
|  50|0x00000000e3200000, 0x00000000e3300000, 0x00000000e3300000|100%| O|  |TAMS 0x00000000e3200000, 0x00000000e3200000| Untracked 
|  51|0x00000000e3300000, 0x00000000e3400000, 0x00000000e3400000|100%| O|  |TAMS 0x00000000e3300000, 0x00000000e3300000| Untracked 
|  52|0x00000000e3400000, 0x00000000e3500000, 0x00000000e3500000|100%| O|  |TAMS 0x00000000e3400000, 0x00000000e3400000| Untracked 
|  53|0x00000000e3500000, 0x00000000e3600000, 0x00000000e3600000|100%| O|  |TAMS 0x00000000e3500000, 0x00000000e3500000| Untracked 
|  54|0x00000000e3600000, 0x00000000e3700000, 0x00000000e3700000|100%| O|  |TAMS 0x00000000e3600000, 0x00000000e3600000| Untracked 
|  55|0x00000000e3700000, 0x00000000e3800000, 0x00000000e3800000|100%| O|  |TAMS 0x00000000e3700000, 0x00000000e3700000| Untracked 
|  56|0x00000000e3800000, 0x00000000e3900000, 0x00000000e3900000|100%| O|  |TAMS 0x00000000e3800000, 0x00000000e3800000| Untracked 
|  57|0x00000000e3900000, 0x00000000e3a00000, 0x00000000e3a00000|100%| O|  |TAMS 0x00000000e3900000, 0x00000000e3900000| Untracked 
|  58|0x00000000e3a00000, 0x00000000e3b00000, 0x00000000e3b00000|100%| O|  |TAMS 0x00000000e3a00000, 0x00000000e3a00000| Untracked 
|  59|0x00000000e3b00000, 0x00000000e3c00000, 0x00000000e3c00000|100%|HS|  |TAMS 0x00000000e3b00000, 0x00000000e3b00000| Complete 
|  60|0x00000000e3c00000, 0x00000000e3d00000, 0x00000000e3d00000|100%|HC|  |TAMS 0x00000000e3c00000, 0x00000000e3c00000| Complete 
|  61|0x00000000e3d00000, 0x00000000e3e00000, 0x00000000e3e00000|100%|HC|  |TAMS 0x00000000e3d00000, 0x00000000e3d00000| Complete 
|  62|0x00000000e3e00000, 0x00000000e3f00000, 0x00000000e3f00000|100%|HC|  |TAMS 0x00000000e3e00000, 0x00000000e3e00000| Complete 
|  63|0x00000000e3f00000, 0x00000000e4000000, 0x00000000e4000000|100%|HC|  |TAMS 0x00000000e3f00000, 0x00000000e3f00000| Complete 
|  64|0x00000000e4000000, 0x00000000e4100000, 0x00000000e4100000|100%|HS|  |TAMS 0x00000000e4000000, 0x00000000e4000000| Complete 
|  65|0x00000000e4100000, 0x00000000e4200000, 0x00000000e4200000|100%|HC|  |TAMS 0x00000000e4100000, 0x00000000e4100000| Complete 
|  66|0x00000000e4200000, 0x00000000e4300000, 0x00000000e4300000|100%|HC|  |TAMS 0x00000000e4200000, 0x00000000e4200000| Complete 
|  67|0x00000000e4300000, 0x00000000e4400000, 0x00000000e4400000|100%|HS|  |TAMS 0x00000000e4300000, 0x00000000e4300000| Complete 
|  68|0x00000000e4400000, 0x00000000e4500000, 0x00000000e4500000|100%|HC|  |TAMS 0x00000000e4400000, 0x00000000e4400000| Complete 
|  69|0x00000000e4500000, 0x00000000e4600000, 0x00000000e4600000|100%|HC|  |TAMS 0x00000000e4500000, 0x00000000e4500000| Complete 
|  70|0x00000000e4600000, 0x00000000e4700000, 0x00000000e4700000|100%|HS|  |TAMS 0x00000000e4600000, 0x00000000e4600000| Complete 
|  71|0x00000000e4700000, 0x00000000e4800000, 0x00000000e4800000|100%|HC|  |TAMS 0x00000000e4700000, 0x00000000e4700000| Complete 
|  72|0x00000000e4800000, 0x00000000e4900000, 0x00000000e4900000|100%|HC|  |TAMS 0x00000000e4800000, 0x00000000e4800000| Complete 
|  73|0x00000000e4900000, 0x00000000e4a00000, 0x00000000e4a00000|100%|HC|  |TAMS 0x00000000e4900000, 0x00000000e4900000| Complete 
|  74|0x00000000e4a00000, 0x00000000e4b00000, 0x00000000e4b00000|100%|HS|  |TAMS 0x00000000e4a00000, 0x00000000e4a00000| Complete 
|  75|0x00000000e4b00000, 0x00000000e4c00000, 0x00000000e4c00000|100%|HC|  |TAMS 0x00000000e4b00000, 0x00000000e4b00000| Complete 
|  76|0x00000000e4c00000, 0x00000000e4d00000, 0x00000000e4d00000|100%|HC|  |TAMS 0x00000000e4c00000, 0x00000000e4c00000| Complete 
|  77|0x00000000e4d00000, 0x00000000e4e00000, 0x00000000e4e00000|100%|HC|  |TAMS 0x00000000e4d00000, 0x00000000e4d00000| Complete 
|  78|0x00000000e4e00000, 0x00000000e4f00000, 0x00000000e4f00000|100%|HC|  |TAMS 0x00000000e4e00000, 0x00000000e4e00000| Complete 
|  79|0x00000000e4f00000, 0x00000000e5000000, 0x00000000e5000000|100%|HS|  |TAMS 0x00000000e4f00000, 0x00000000e4f00000| Complete 
|  80|0x00000000e5000000, 0x00000000e5100000, 0x00000000e5100000|100%|HS|  |TAMS 0x00000000e5000000, 0x00000000e5000000| Complete 
|  81|0x00000000e5100000, 0x00000000e5200000, 0x00000000e5200000|100%| O|  |TAMS 0x00000000e5100000, 0x00000000e5100000| Untracked 
|  82|0x00000000e5200000, 0x00000000e5300000, 0x00000000e5300000|100%| O|  |TAMS 0x00000000e5200000, 0x00000000e5200000| Untracked 
|  83|0x00000000e5300000, 0x00000000e5400000, 0x00000000e5400000|100%| O|  |TAMS 0x00000000e5300000, 0x00000000e5300000| Untracked 
|  84|0x00000000e5400000, 0x00000000e5500000, 0x00000000e5500000|100%| O|  |TAMS 0x00000000e5400000, 0x00000000e5400000| Untracked 
|  85|0x00000000e5500000, 0x00000000e5600000, 0x00000000e5600000|100%| O|  |TAMS 0x00000000e5500000, 0x00000000e5500000| Untracked 
|  86|0x00000000e5600000, 0x00000000e5700000, 0x00000000e5700000|100%| O|  |TAMS 0x00000000e5600000, 0x00000000e5600000| Untracked 
|  87|0x00000000e5700000, 0x00000000e5800000, 0x00000000e5800000|100%| O|  |TAMS 0x00000000e5700000, 0x00000000e5700000| Untracked 
|  88|0x00000000e5800000, 0x00000000e5900000, 0x00000000e5900000|100%| O|  |TAMS 0x00000000e5800000, 0x00000000e5800000| Untracked 
|  89|0x00000000e5900000, 0x00000000e5a00000, 0x00000000e5a00000|100%| O|  |TAMS 0x00000000e5900000, 0x00000000e5900000| Untracked 
|  90|0x00000000e5a00000, 0x00000000e5b00000, 0x00000000e5b00000|100%| O|  |TAMS 0x00000000e5a00000, 0x00000000e5a00000| Untracked 
|  91|0x00000000e5b00000, 0x00000000e5c00000, 0x00000000e5c00000|100%| O|  |TAMS 0x00000000e5b00000, 0x00000000e5b00000| Untracked 
|  92|0x00000000e5c00000, 0x00000000e5c00000, 0x00000000e5d00000|  0%| F|  |TAMS 0x00000000e5c00000, 0x00000000e5c00000| Untracked 
|  93|0x00000000e5d00000, 0x00000000e5d00000, 0x00000000e5e00000|  0%| F|  |TAMS 0x00000000e5d00000, 0x00000000e5d00000| Untracked 
|  94|0x00000000e5e00000, 0x00000000e5e00000, 0x00000000e5f00000|  0%| F|  |TAMS 0x00000000e5e00000, 0x00000000e5e00000| Untracked 
|  95|0x00000000e5f00000, 0x00000000e5f00000, 0x00000000e6000000|  0%| F|  |TAMS 0x00000000e5f00000, 0x00000000e5f00000| Untracked 
|  96|0x00000000e6000000, 0x00000000e6000000, 0x00000000e6100000|  0%| F|  |TAMS 0x00000000e6000000, 0x00000000e6000000| Untracked 
|  97|0x00000000e6100000, 0x00000000e6100000, 0x00000000e6200000|  0%| F|  |TAMS 0x00000000e6100000, 0x00000000e6100000| Untracked 
|  98|0x00000000e6200000, 0x00000000e6200000, 0x00000000e6300000|  0%| F|  |TAMS 0x00000000e6200000, 0x00000000e6200000| Untracked 
|  99|0x00000000e6300000, 0x00000000e6300000, 0x00000000e6400000|  0%| F|  |TAMS 0x00000000e6300000, 0x00000000e6300000| Untracked 
| 100|0x00000000e6400000, 0x00000000e6400000, 0x00000000e6500000|  0%| F|  |TAMS 0x00000000e6400000, 0x00000000e6400000| Untracked 
| 101|0x00000000e6500000, 0x00000000e6500000, 0x00000000e6600000|  0%| F|  |TAMS 0x00000000e6500000, 0x00000000e6500000| Untracked 
| 102|0x00000000e6600000, 0x00000000e6600000, 0x00000000e6700000|  0%| F|  |TAMS 0x00000000e6600000, 0x00000000e6600000| Untracked 
| 103|0x00000000e6700000, 0x00000000e6700000, 0x00000000e6800000|  0%| F|  |TAMS 0x00000000e6700000, 0x00000000e6700000| Untracked 
| 104|0x00000000e6800000, 0x00000000e6800000, 0x00000000e6900000|  0%| F|  |TAMS 0x00000000e6800000, 0x00000000e6800000| Untracked 
| 105|0x00000000e6900000, 0x00000000e6900000, 0x00000000e6a00000|  0%| F|  |TAMS 0x00000000e6900000, 0x00000000e6900000| Untracked 
| 106|0x00000000e6a00000, 0x00000000e6a00000, 0x00000000e6b00000|  0%| F|  |TAMS 0x00000000e6a00000, 0x00000000e6a00000| Untracked 
| 107|0x00000000e6b00000, 0x00000000e6b00000, 0x00000000e6c00000|  0%| F|  |TAMS 0x00000000e6b00000, 0x00000000e6b00000| Untracked 
| 108|0x00000000e6c00000, 0x00000000e6c00000, 0x00000000e6d00000|  0%| F|  |TAMS 0x00000000e6c00000, 0x00000000e6c00000| Untracked 
| 109|0x00000000e6d00000, 0x00000000e6d00000, 0x00000000e6e00000|  0%| F|  |TAMS 0x00000000e6d00000, 0x00000000e6d00000| Untracked 
| 110|0x00000000e6e00000, 0x00000000e6e00000, 0x00000000e6f00000|  0%| F|  |TAMS 0x00000000e6e00000, 0x00000000e6e00000| Untracked 
| 111|0x00000000e6f00000, 0x00000000e6f00000, 0x00000000e7000000|  0%| F|  |TAMS 0x00000000e6f00000, 0x00000000e6f00000| Untracked 
| 112|0x00000000e7000000, 0x00000000e7000000, 0x00000000e7100000|  0%| F|  |TAMS 0x00000000e7000000, 0x00000000e7000000| Untracked 
| 113|0x00000000e7100000, 0x00000000e7100000, 0x00000000e7200000|  0%| F|  |TAMS 0x00000000e7100000, 0x00000000e7100000| Untracked 
| 114|0x00000000e7200000, 0x00000000e7200000, 0x00000000e7300000|  0%| F|  |TAMS 0x00000000e7200000, 0x00000000e7200000| Untracked 
| 115|0x00000000e7300000, 0x00000000e7300000, 0x00000000e7400000|  0%| F|  |TAMS 0x00000000e7300000, 0x00000000e7300000| Untracked 
| 116|0x00000000e7400000, 0x00000000e7400000, 0x00000000e7500000|  0%| F|  |TAMS 0x00000000e7400000, 0x00000000e7400000| Untracked 
| 117|0x00000000e7500000, 0x00000000e7500000, 0x00000000e7600000|  0%| F|  |TAMS 0x00000000e7500000, 0x00000000e7500000| Untracked 
| 118|0x00000000e7600000, 0x00000000e7600000, 0x00000000e7700000|  0%| F|  |TAMS 0x00000000e7600000, 0x00000000e7600000| Untracked 
| 119|0x00000000e7700000, 0x00000000e7700000, 0x00000000e7800000|  0%| F|  |TAMS 0x00000000e7700000, 0x00000000e7700000| Untracked 
| 120|0x00000000e7800000, 0x00000000e7800000, 0x00000000e7900000|  0%| F|  |TAMS 0x00000000e7800000, 0x00000000e7800000| Untracked 
| 121|0x00000000e7900000, 0x00000000e7900000, 0x00000000e7a00000|  0%| F|  |TAMS 0x00000000e7900000, 0x00000000e7900000| Untracked 
| 122|0x00000000e7a00000, 0x00000000e7a00000, 0x00000000e7b00000|  0%| F|  |TAMS 0x00000000e7a00000, 0x00000000e7a00000| Untracked 
| 123|0x00000000e7b00000, 0x00000000e7b00000, 0x00000000e7c00000|  0%| F|  |TAMS 0x00000000e7b00000, 0x00000000e7b00000| Untracked 
| 124|0x00000000e7c00000, 0x00000000e7c00000, 0x00000000e7d00000|  0%| F|  |TAMS 0x00000000e7c00000, 0x00000000e7c00000| Untracked 
| 125|0x00000000e7d00000, 0x00000000e7d00000, 0x00000000e7e00000|  0%| F|  |TAMS 0x00000000e7d00000, 0x00000000e7d00000| Untracked 
| 126|0x00000000e7e00000, 0x00000000e7f00000, 0x00000000e7f00000|100%| S|CS|TAMS 0x00000000e7e00000, 0x00000000e7e00000| Complete 
| 127|0x00000000e7f00000, 0x00000000e8000000, 0x00000000e8000000|100%| S|CS|TAMS 0x00000000e7f00000, 0x00000000e7f00000| Complete 
| 128|0x00000000e8000000, 0x00000000e8100000, 0x00000000e8100000|100%| S|CS|TAMS 0x00000000e8000000, 0x00000000e8000000| Complete 
| 129|0x00000000e8100000, 0x00000000e8200000, 0x00000000e8200000|100%| S|CS|TAMS 0x00000000e8100000, 0x00000000e8100000| Complete 
| 130|0x00000000e8200000, 0x00000000e8300000, 0x00000000e8300000|100%| S|CS|TAMS 0x00000000e8200000, 0x00000000e8200000| Complete 
| 131|0x00000000e8300000, 0x00000000e8400000, 0x00000000e8400000|100%| S|CS|TAMS 0x00000000e8300000, 0x00000000e8300000| Complete 
| 132|0x00000000e8400000, 0x00000000e8500000, 0x00000000e8500000|100%| S|CS|TAMS 0x00000000e8400000, 0x00000000e8400000| Complete 
| 133|0x00000000e8500000, 0x00000000e8600000, 0x00000000e8600000|100%| S|CS|TAMS 0x00000000e8500000, 0x00000000e8500000| Complete 
| 134|0x00000000e8600000, 0x00000000e8700000, 0x00000000e8700000|100%| S|CS|TAMS 0x00000000e8600000, 0x00000000e8600000| Complete 
| 135|0x00000000e8700000, 0x00000000e8800000, 0x00000000e8800000|100%| S|CS|TAMS 0x00000000e8700000, 0x00000000e8700000| Complete 
| 136|0x00000000e8800000, 0x00000000e8900000, 0x00000000e8900000|100%| S|CS|TAMS 0x00000000e8800000, 0x00000000e8800000| Complete 
| 137|0x00000000e8900000, 0x00000000e8a00000, 0x00000000e8a00000|100%| S|CS|TAMS 0x00000000e8900000, 0x00000000e8900000| Complete 
| 138|0x00000000e8a00000, 0x00000000e8b00000, 0x00000000e8b00000|100%| S|CS|TAMS 0x00000000e8a00000, 0x00000000e8a00000| Complete 
| 139|0x00000000e8b00000, 0x00000000e8b00000, 0x00000000e8c00000|  0%| F|  |TAMS 0x00000000e8b00000, 0x00000000e8b00000| Untracked 
| 140|0x00000000e8c00000, 0x00000000e8c00000, 0x00000000e8d00000|  0%| F|  |TAMS 0x00000000e8c00000, 0x00000000e8c00000| Untracked 
| 141|0x00000000e8d00000, 0x00000000e8d00000, 0x00000000e8e00000|  0%| F|  |TAMS 0x00000000e8d00000, 0x00000000e8d00000| Untracked 
| 142|0x00000000e8e00000, 0x00000000e8e00000, 0x00000000e8f00000|  0%| F|  |TAMS 0x00000000e8e00000, 0x00000000e8e00000| Untracked 
| 143|0x00000000e8f00000, 0x00000000e8f00000, 0x00000000e9000000|  0%| F|  |TAMS 0x00000000e8f00000, 0x00000000e8f00000| Untracked 
| 144|0x00000000e9000000, 0x00000000e9000000, 0x00000000e9100000|  0%| F|  |TAMS 0x00000000e9000000, 0x00000000e9000000| Untracked 
| 145|0x00000000e9100000, 0x00000000e9100000, 0x00000000e9200000|  0%| F|  |TAMS 0x00000000e9100000, 0x00000000e9100000| Untracked 
| 146|0x00000000e9200000, 0x00000000e9200000, 0x00000000e9300000|  0%| F|  |TAMS 0x00000000e9200000, 0x00000000e9200000| Untracked 
| 147|0x00000000e9300000, 0x00000000e9300000, 0x00000000e9400000|  0%| F|  |TAMS 0x00000000e9300000, 0x00000000e9300000| Untracked 
| 148|0x00000000e9400000, 0x00000000e9400000, 0x00000000e9500000|  0%| F|  |TAMS 0x00000000e9400000, 0x00000000e9400000| Untracked 
| 149|0x00000000e9500000, 0x00000000e9500000, 0x00000000e9600000|  0%| F|  |TAMS 0x00000000e9500000, 0x00000000e9500000| Untracked 
| 150|0x00000000e9600000, 0x00000000e9600000, 0x00000000e9700000|  0%| F|  |TAMS 0x00000000e9600000, 0x00000000e9600000| Untracked 
| 151|0x00000000e9700000, 0x00000000e9700000, 0x00000000e9800000|  0%| F|  |TAMS 0x00000000e9700000, 0x00000000e9700000| Untracked 
| 152|0x00000000e9800000, 0x00000000e9800000, 0x00000000e9900000|  0%| F|  |TAMS 0x00000000e9800000, 0x00000000e9800000| Untracked 
| 153|0x00000000e9900000, 0x00000000e9900000, 0x00000000e9a00000|  0%| F|  |TAMS 0x00000000e9900000, 0x00000000e9900000| Untracked 
| 154|0x00000000e9a00000, 0x00000000e9a00000, 0x00000000e9b00000|  0%| F|  |TAMS 0x00000000e9a00000, 0x00000000e9a00000| Untracked 
| 155|0x00000000e9b00000, 0x00000000e9b00000, 0x00000000e9c00000|  0%| F|  |TAMS 0x00000000e9b00000, 0x00000000e9b00000| Untracked 
| 156|0x00000000e9c00000, 0x00000000e9c00000, 0x00000000e9d00000|  0%| F|  |TAMS 0x00000000e9c00000, 0x00000000e9c00000| Untracked 
| 157|0x00000000e9d00000, 0x00000000e9d00000, 0x00000000e9e00000|  0%| F|  |TAMS 0x00000000e9d00000, 0x00000000e9d00000| Untracked 
| 158|0x00000000e9e00000, 0x00000000e9e00000, 0x00000000e9f00000|  0%| F|  |TAMS 0x00000000e9e00000, 0x00000000e9e00000| Untracked 
| 159|0x00000000e9f00000, 0x00000000e9f00000, 0x00000000ea000000|  0%| F|  |TAMS 0x00000000e9f00000, 0x00000000e9f00000| Untracked 
| 160|0x00000000ea000000, 0x00000000ea000000, 0x00000000ea100000|  0%| F|  |TAMS 0x00000000ea000000, 0x00000000ea000000| Untracked 
| 161|0x00000000ea100000, 0x00000000ea100000, 0x00000000ea200000|  0%| F|  |TAMS 0x00000000ea100000, 0x00000000ea100000| Untracked 
| 162|0x00000000ea200000, 0x00000000ea200000, 0x00000000ea300000|  0%| F|  |TAMS 0x00000000ea200000, 0x00000000ea200000| Untracked 
| 163|0x00000000ea300000, 0x00000000ea300000, 0x00000000ea400000|  0%| F|  |TAMS 0x00000000ea300000, 0x00000000ea300000| Untracked 
| 164|0x00000000ea400000, 0x00000000ea400000, 0x00000000ea500000|  0%| F|  |TAMS 0x00000000ea400000, 0x00000000ea400000| Untracked 
| 165|0x00000000ea500000, 0x00000000ea500000, 0x00000000ea600000|  0%| F|  |TAMS 0x00000000ea500000, 0x00000000ea500000| Untracked 
| 166|0x00000000ea600000, 0x00000000ea600000, 0x00000000ea700000|  0%| F|  |TAMS 0x00000000ea600000, 0x00000000ea600000| Untracked 
| 167|0x00000000ea700000, 0x00000000ea700000, 0x00000000ea800000|  0%| F|  |TAMS 0x00000000ea700000, 0x00000000ea700000| Untracked 
| 168|0x00000000ea800000, 0x00000000ea800000, 0x00000000ea900000|  0%| F|  |TAMS 0x00000000ea800000, 0x00000000ea800000| Untracked 
| 169|0x00000000ea900000, 0x00000000ea900000, 0x00000000eaa00000|  0%| F|  |TAMS 0x00000000ea900000, 0x00000000ea900000| Untracked 
| 170|0x00000000eaa00000, 0x00000000eaa00000, 0x00000000eab00000|  0%| F|  |TAMS 0x00000000eaa00000, 0x00000000eaa00000| Untracked 
| 171|0x00000000eab00000, 0x00000000eab00000, 0x00000000eac00000|  0%| F|  |TAMS 0x00000000eab00000, 0x00000000eab00000| Untracked 
| 172|0x00000000eac00000, 0x00000000eac00000, 0x00000000ead00000|  0%| F|  |TAMS 0x00000000eac00000, 0x00000000eac00000| Untracked 
| 173|0x00000000ead00000, 0x00000000ead00000, 0x00000000eae00000|  0%| F|  |TAMS 0x00000000ead00000, 0x00000000ead00000| Untracked 
| 174|0x00000000eae00000, 0x00000000eae00000, 0x00000000eaf00000|  0%| F|  |TAMS 0x00000000eae00000, 0x00000000eae00000| Untracked 
| 175|0x00000000eaf00000, 0x00000000eaf00000, 0x00000000eb000000|  0%| F|  |TAMS 0x00000000eaf00000, 0x00000000eaf00000| Untracked 
| 176|0x00000000eb000000, 0x00000000eb000000, 0x00000000eb100000|  0%| F|  |TAMS 0x00000000eb000000, 0x00000000eb000000| Untracked 
| 177|0x00000000eb100000, 0x00000000eb100000, 0x00000000eb200000|  0%| F|  |TAMS 0x00000000eb100000, 0x00000000eb100000| Untracked 
| 178|0x00000000eb200000, 0x00000000eb200000, 0x00000000eb300000|  0%| F|  |TAMS 0x00000000eb200000, 0x00000000eb200000| Untracked 
| 179|0x00000000eb300000, 0x00000000eb300000, 0x00000000eb400000|  0%| F|  |TAMS 0x00000000eb300000, 0x00000000eb300000| Untracked 
| 180|0x00000000eb400000, 0x00000000eb400000, 0x00000000eb500000|  0%| F|  |TAMS 0x00000000eb400000, 0x00000000eb400000| Untracked 
| 181|0x00000000eb500000, 0x00000000eb500000, 0x00000000eb600000|  0%| F|  |TAMS 0x00000000eb500000, 0x00000000eb500000| Untracked 
| 182|0x00000000eb600000, 0x00000000eb600000, 0x00000000eb700000|  0%| F|  |TAMS 0x00000000eb600000, 0x00000000eb600000| Untracked 
| 183|0x00000000eb700000, 0x00000000eb700000, 0x00000000eb800000|  0%| F|  |TAMS 0x00000000eb700000, 0x00000000eb700000| Untracked 
| 184|0x00000000eb800000, 0x00000000eb800000, 0x00000000eb900000|  0%| F|  |TAMS 0x00000000eb800000, 0x00000000eb800000| Untracked 
| 185|0x00000000eb900000, 0x00000000eb900000, 0x00000000eba00000|  0%| F|  |TAMS 0x00000000eb900000, 0x00000000eb900000| Untracked 
| 186|0x00000000eba00000, 0x00000000eba00000, 0x00000000ebb00000|  0%| F|  |TAMS 0x00000000eba00000, 0x00000000eba00000| Untracked 
| 187|0x00000000ebb00000, 0x00000000ebb00000, 0x00000000ebc00000|  0%| F|  |TAMS 0x00000000ebb00000, 0x00000000ebb00000| Untracked 
| 188|0x00000000ebc00000, 0x00000000ebc00000, 0x00000000ebd00000|  0%| F|  |TAMS 0x00000000ebc00000, 0x00000000ebc00000| Untracked 
| 189|0x00000000ebd00000, 0x00000000ebd00000, 0x00000000ebe00000|  0%| F|  |TAMS 0x00000000ebd00000, 0x00000000ebd00000| Untracked 
| 190|0x00000000ebe00000, 0x00000000ebe00000, 0x00000000ebf00000|  0%| F|  |TAMS 0x00000000ebe00000, 0x00000000ebe00000| Untracked 
| 191|0x00000000ebf00000, 0x00000000ebf00000, 0x00000000ec000000|  0%| F|  |TAMS 0x00000000ebf00000, 0x00000000ebf00000| Untracked 
| 192|0x00000000ec000000, 0x00000000ec000000, 0x00000000ec100000|  0%| F|  |TAMS 0x00000000ec000000, 0x00000000ec000000| Untracked 
| 193|0x00000000ec100000, 0x00000000ec100000, 0x00000000ec200000|  0%| F|  |TAMS 0x00000000ec100000, 0x00000000ec100000| Untracked 
| 194|0x00000000ec200000, 0x00000000ec200000, 0x00000000ec300000|  0%| F|  |TAMS 0x00000000ec200000, 0x00000000ec200000| Untracked 
| 195|0x00000000ec300000, 0x00000000ec300000, 0x00000000ec400000|  0%| F|  |TAMS 0x00000000ec300000, 0x00000000ec300000| Untracked 
| 196|0x00000000ec400000, 0x00000000ec400000, 0x00000000ec500000|  0%| F|  |TAMS 0x00000000ec400000, 0x00000000ec400000| Untracked 
| 197|0x00000000ec500000, 0x00000000ec500000, 0x00000000ec600000|  0%| F|  |TAMS 0x00000000ec500000, 0x00000000ec500000| Untracked 
| 198|0x00000000ec600000, 0x00000000ec600000, 0x00000000ec700000|  0%| F|  |TAMS 0x00000000ec600000, 0x00000000ec600000| Untracked 
| 199|0x00000000ec700000, 0x00000000ec700000, 0x00000000ec800000|  0%| F|  |TAMS 0x00000000ec700000, 0x00000000ec700000| Untracked 
| 200|0x00000000ec800000, 0x00000000ec800000, 0x00000000ec900000|  0%| F|  |TAMS 0x00000000ec800000, 0x00000000ec800000| Untracked 
| 201|0x00000000ec900000, 0x00000000ec900000, 0x00000000eca00000|  0%| F|  |TAMS 0x00000000ec900000, 0x00000000ec900000| Untracked 
| 202|0x00000000eca00000, 0x00000000eca00000, 0x00000000ecb00000|  0%| F|  |TAMS 0x00000000eca00000, 0x00000000eca00000| Untracked 
| 203|0x00000000ecb00000, 0x00000000ecb00000, 0x00000000ecc00000|  0%| F|  |TAMS 0x00000000ecb00000, 0x00000000ecb00000| Untracked 
| 204|0x00000000ecc00000, 0x00000000ecc80800, 0x00000000ecd00000| 50%| E|  |TAMS 0x00000000ecc00000, 0x00000000ecc00000| Complete 
| 205|0x00000000ecd00000, 0x00000000ece00000, 0x00000000ece00000|100%| E|CS|TAMS 0x00000000ecd00000, 0x00000000ecd00000| Complete 
| 206|0x00000000ece00000, 0x00000000ecf00000, 0x00000000ecf00000|100%| E|CS|TAMS 0x00000000ece00000, 0x00000000ece00000| Complete 
| 207|0x00000000ecf00000, 0x00000000ed000000, 0x00000000ed000000|100%| E|CS|TAMS 0x00000000ecf00000, 0x00000000ecf00000| Complete 
| 208|0x00000000ed000000, 0x00000000ed100000, 0x00000000ed100000|100%| E|CS|TAMS 0x00000000ed000000, 0x00000000ed000000| Complete 
| 209|0x00000000ed100000, 0x00000000ed200000, 0x00000000ed200000|100%| E|CS|TAMS 0x00000000ed100000, 0x00000000ed100000| Complete 
| 210|0x00000000ed200000, 0x00000000ed300000, 0x00000000ed300000|100%| E|CS|TAMS 0x00000000ed200000, 0x00000000ed200000| Complete 
| 211|0x00000000ed300000, 0x00000000ed400000, 0x00000000ed400000|100%| E|CS|TAMS 0x00000000ed300000, 0x00000000ed300000| Complete 
| 212|0x00000000ed400000, 0x00000000ed500000, 0x00000000ed500000|100%| E|CS|TAMS 0x00000000ed400000, 0x00000000ed400000| Complete 
| 213|0x00000000ed500000, 0x00000000ed600000, 0x00000000ed600000|100%| E|CS|TAMS 0x00000000ed500000, 0x00000000ed500000| Complete 
| 214|0x00000000ed600000, 0x00000000ed700000, 0x00000000ed700000|100%| E|CS|TAMS 0x00000000ed600000, 0x00000000ed600000| Complete 
| 215|0x00000000ed700000, 0x00000000ed800000, 0x00000000ed800000|100%| E|CS|TAMS 0x00000000ed700000, 0x00000000ed700000| Complete 
| 216|0x00000000ed800000, 0x00000000ed900000, 0x00000000ed900000|100%| E|CS|TAMS 0x00000000ed800000, 0x00000000ed800000| Complete 
| 217|0x00000000ed900000, 0x00000000eda00000, 0x00000000eda00000|100%| E|CS|TAMS 0x00000000ed900000, 0x00000000ed900000| Complete 
| 218|0x00000000eda00000, 0x00000000edb00000, 0x00000000edb00000|100%| E|CS|TAMS 0x00000000eda00000, 0x00000000eda00000| Complete 
| 219|0x00000000edb00000, 0x00000000edc00000, 0x00000000edc00000|100%| E|CS|TAMS 0x00000000edb00000, 0x00000000edb00000| Complete 
| 220|0x00000000edc00000, 0x00000000edd00000, 0x00000000edd00000|100%| E|CS|TAMS 0x00000000edc00000, 0x00000000edc00000| Complete 
| 221|0x00000000edd00000, 0x00000000ede00000, 0x00000000ede00000|100%| E|CS|TAMS 0x00000000edd00000, 0x00000000edd00000| Complete 
| 222|0x00000000ede00000, 0x00000000edf00000, 0x00000000edf00000|100%| E|CS|TAMS 0x00000000ede00000, 0x00000000ede00000| Complete 
| 223|0x00000000edf00000, 0x00000000ee000000, 0x00000000ee000000|100%| E|CS|TAMS 0x00000000edf00000, 0x00000000edf00000| Complete 
| 224|0x00000000ee000000, 0x00000000ee100000, 0x00000000ee100000|100%| E|CS|TAMS 0x00000000ee000000, 0x00000000ee000000| Complete 
| 225|0x00000000ee100000, 0x00000000ee200000, 0x00000000ee200000|100%| E|CS|TAMS 0x00000000ee100000, 0x00000000ee100000| Complete 
| 226|0x00000000ee200000, 0x00000000ee300000, 0x00000000ee300000|100%| E|CS|TAMS 0x00000000ee200000, 0x00000000ee200000| Complete 
| 227|0x00000000ee300000, 0x00000000ee400000, 0x00000000ee400000|100%| E|CS|TAMS 0x00000000ee300000, 0x00000000ee300000| Complete 
| 228|0x00000000ee400000, 0x00000000ee500000, 0x00000000ee500000|100%| E|CS|TAMS 0x00000000ee400000, 0x00000000ee400000| Complete 
| 229|0x00000000ee500000, 0x00000000ee600000, 0x00000000ee600000|100%| E|CS|TAMS 0x00000000ee500000, 0x00000000ee500000| Complete 
| 230|0x00000000ee600000, 0x00000000ee700000, 0x00000000ee700000|100%| E|CS|TAMS 0x00000000ee600000, 0x00000000ee600000| Complete 
| 231|0x00000000ee700000, 0x00000000ee800000, 0x00000000ee800000|100%| E|CS|TAMS 0x00000000ee700000, 0x00000000ee700000| Complete 
| 232|0x00000000ee800000, 0x00000000ee900000, 0x00000000ee900000|100%| E|CS|TAMS 0x00000000ee800000, 0x00000000ee800000| Complete 
| 233|0x00000000ee900000, 0x00000000eea00000, 0x00000000eea00000|100%| E|CS|TAMS 0x00000000ee900000, 0x00000000ee900000| Complete 
| 234|0x00000000eea00000, 0x00000000eeb00000, 0x00000000eeb00000|100%| E|CS|TAMS 0x00000000eea00000, 0x00000000eea00000| Complete 
| 235|0x00000000eeb00000, 0x00000000eec00000, 0x00000000eec00000|100%| E|CS|TAMS 0x00000000eeb00000, 0x00000000eeb00000| Complete 
| 236|0x00000000eec00000, 0x00000000eed00000, 0x00000000eed00000|100%| E|CS|TAMS 0x00000000eec00000, 0x00000000eec00000| Complete 
| 237|0x00000000eed00000, 0x00000000eee00000, 0x00000000eee00000|100%| E|CS|TAMS 0x00000000eed00000, 0x00000000eed00000| Complete 
| 238|0x00000000eee00000, 0x00000000eef00000, 0x00000000eef00000|100%| E|CS|TAMS 0x00000000eee00000, 0x00000000eee00000| Complete 
| 239|0x00000000eef00000, 0x00000000ef000000, 0x00000000ef000000|100%| E|CS|TAMS 0x00000000eef00000, 0x00000000eef00000| Complete 
| 240|0x00000000ef000000, 0x00000000ef100000, 0x00000000ef100000|100%| E|CS|TAMS 0x00000000ef000000, 0x00000000ef000000| Complete 
| 241|0x00000000ef100000, 0x00000000ef200000, 0x00000000ef200000|100%| E|CS|TAMS 0x00000000ef100000, 0x00000000ef100000| Complete 
| 242|0x00000000ef200000, 0x00000000ef300000, 0x00000000ef300000|100%| E|CS|TAMS 0x00000000ef200000, 0x00000000ef200000| Complete 
| 243|0x00000000ef300000, 0x00000000ef400000, 0x00000000ef400000|100%| E|CS|TAMS 0x00000000ef300000, 0x00000000ef300000| Complete 
| 244|0x00000000ef400000, 0x00000000ef500000, 0x00000000ef500000|100%| E|CS|TAMS 0x00000000ef400000, 0x00000000ef400000| Complete 
| 245|0x00000000ef500000, 0x00000000ef600000, 0x00000000ef600000|100%| E|CS|TAMS 0x00000000ef500000, 0x00000000ef500000| Complete 
| 246|0x00000000ef600000, 0x00000000ef700000, 0x00000000ef700000|100%| E|CS|TAMS 0x00000000ef600000, 0x00000000ef600000| Complete 
| 247|0x00000000ef700000, 0x00000000ef800000, 0x00000000ef800000|100%| E|CS|TAMS 0x00000000ef700000, 0x00000000ef700000| Complete 
| 248|0x00000000ef800000, 0x00000000ef900000, 0x00000000ef900000|100%| E|CS|TAMS 0x00000000ef800000, 0x00000000ef800000| Complete 
| 249|0x00000000ef900000, 0x00000000efa00000, 0x00000000efa00000|100%| E|CS|TAMS 0x00000000ef900000, 0x00000000ef900000| Complete 
| 250|0x00000000efa00000, 0x00000000efb00000, 0x00000000efb00000|100%| E|CS|TAMS 0x00000000efa00000, 0x00000000efa00000| Complete 
| 251|0x00000000efb00000, 0x00000000efc00000, 0x00000000efc00000|100%| E|CS|TAMS 0x00000000efb00000, 0x00000000efb00000| Complete 
| 252|0x00000000efc00000, 0x00000000efd00000, 0x00000000efd00000|100%| E|CS|TAMS 0x00000000efc00000, 0x00000000efc00000| Complete 
| 253|0x00000000efd00000, 0x00000000efe00000, 0x00000000efe00000|100%| E|CS|TAMS 0x00000000efd00000, 0x00000000efd00000| Complete 
| 254|0x00000000efe00000, 0x00000000eff00000, 0x00000000eff00000|100%| E|CS|TAMS 0x00000000efe00000, 0x00000000efe00000| Complete 
| 255|0x00000000eff00000, 0x00000000f0000000, 0x00000000f0000000|100%| E|CS|TAMS 0x00000000eff00000, 0x00000000eff00000| Complete 

Card table byte_map: [0x0000015f4b6e0000,0x0000015f4b7e0000] _byte_map_base: 0x0000015f4afe0000

Marking Bits (Prev, Next): (CMBitMap*) 0x0000015f348b6580, (CMBitMap*) 0x0000015f348b65c0
 Prev Bits: [0x0000015f4b8e0000, 0x0000015f4c0e0000)
 Next Bits: [0x0000015f4c0e0000, 0x0000015f4c8e0000)

Polling page: 0x0000015f32700000

Metaspace:

Usage:
  Non-class:     42.49 MB used.
      Class:      7.00 MB used.
       Both:     49.49 MB used.

Virtual space:
  Non-class space:       48.00 MB reserved,      42.88 MB ( 89%) committed,  6 nodes.
      Class space:      208.00 MB reserved,       7.25 MB (  3%) committed,  1 nodes.
             Both:      256.00 MB reserved,      50.12 MB ( 20%) committed. 

Chunk freelists:
   Non-Class:  240.00 KB
       Class:  656.00 KB
        Both:  896.00 KB

MaxMetaspaceSize: 256.00 MB
CompressedClassSpaceSize: 208.00 MB
Initial GC threshold: 21.00 MB
Current GC threshold: 58.69 MB
CDS: on
MetaspaceReclaimPolicy: balanced
 - commit_granule_bytes: 65536.
 - commit_granule_words: 8192.
 - virtual_space_node_default_size: 1048576.
 - enlarge_chunks_in_place: 1.
 - new_chunks_are_fully_committed: 0.
 - uncommit_free_chunks: 1.
 - use_allocation_guard: 0.
 - handle_deallocations: 1.


Internal statistics:

num_allocs_failed_limit: 6.
num_arena_births: 660.
num_arena_deaths: 0.
num_vsnodes_births: 7.
num_vsnodes_deaths: 0.
num_space_committed: 802.
num_space_uncommitted: 0.
num_chunks_returned_to_freelist: 6.
num_chunks_taken_from_freelist: 2768.
num_chunk_merges: 6.
num_chunk_splits: 1749.
num_chunks_enlarged: 1086.
num_purges: 0.
num_inconsistent_stats: 0.

CodeHeap 'non-profiled nmethods': size=120000Kb used=3089Kb max_used=3227Kb free=116910Kb
 bounds [0x0000015f43b60000, 0x0000015f43e90000, 0x0000015f4b090000]
CodeHeap 'profiled nmethods': size=120000Kb used=10591Kb max_used=10807Kb free=109408Kb
 bounds [0x0000015f3c630000, 0x0000015f3d0d0000, 0x0000015f43b60000]
CodeHeap 'non-nmethods': size=5760Kb used=2334Kb max_used=2424Kb free=3425Kb
 bounds [0x0000015f3c090000, 0x0000015f3c300000, 0x0000015f3c630000]
 total_blobs=5968 nmethods=5115 adapters=764
 compilation: enabled
              stopped_count=0, restarted_count=0
 full_count=0

Compilation events (20 events):
Event: 70.288 Thread 0x0000015f4f530310 5793       1       org.gradle.api.internal.collections.AbstractIterationOrderRetainingElementSource::getMutationGuard (5 bytes)
Event: 70.288 Thread 0x0000015f4f530310 nmethod 5793 0x0000015f43bde490 code [0x0000015f43bde620, 0x0000015f43bde6f8]
Event: 70.290 Thread 0x0000015f4f530310 5796       3       java.lang.AbstractStringBuilder::append (45 bytes)
Event: 70.291 Thread 0x0000015f4f530310 nmethod 5796 0x0000015f3cb01010 code [0x0000015f3cb011e0, 0x0000015f3cb01528]
Event: 70.291 Thread 0x0000015f4f52c850 nmethod 5722 0x0000015f43c99e10 code [0x0000015f43c9a6a0, 0x0000015f43ca13f0]
Event: 70.292 Thread 0x0000015f4f52c850 5723       4       java.beans.Introspector::addMethod (196 bytes)
Event: 70.292 Thread 0x0000015f4f530310 5797       3       org.gradle.api.internal.collections.CollectionFilter$1::execute (24 bytes)
Event: 70.292 Thread 0x0000015f4f530310 nmethod 5797 0x0000015f3cb00a90 code [0x0000015f3cb00c40, 0x0000015f3cb00eb8]
Event: 70.292 Thread 0x0000015f4f530310 5798       1       org.gradle.api.internal.DefaultMutationGuard::access$000 (5 bytes)
Event: 70.292 Thread 0x0000015f4f530310 nmethod 5798 0x0000015f43c99b10 code [0x0000015f43c99ca0, 0x0000015f43c99d58]
Event: 70.295 Thread 0x0000015f4f530310 5799       3       java.util.HashMap$TreeNode::tieBreakOrder (49 bytes)
Event: 70.295 Thread 0x0000015f4f530310 nmethod 5799 0x0000015f3cb00110 code [0x0000015f3cb00320, 0x0000015f3cb00848]
Event: 70.295 Thread 0x0000015f4f530310 5800       3       sun.reflect.generics.tree.Wildcard::make (10 bytes)
Event: 70.295 Thread 0x0000015f4f530310 nmethod 5800 0x0000015f3caffb90 code [0x0000015f3caffd40, 0x0000015f3caffff8]
Event: 70.295 Thread 0x0000015f4f530310 5801       3       sun.reflect.generics.tree.Wildcard::<init> (15 bytes)
Event: 70.295 Thread 0x0000015f4f530310 nmethod 5801 0x0000015f3caff710 code [0x0000015f3caff8c0, 0x0000015f3caffad8]
Event: 70.296 Thread 0x0000015f4f530310 5802       1       org.gradle.api.internal.tasks.properties.annotations.OutputPropertyRoleAnnotationHandler::getAnnotationTypes (5 bytes)
Event: 70.296 Thread 0x0000015f4f530310 nmethod 5802 0x0000015f43c99810 code [0x0000015f43c999a0, 0x0000015f43c99a78]
Event: 70.296 Thread 0x0000015f4f530310 5803       3       org.gradle.util.internal.CollectionUtils::collectArray (49 bytes)
Event: 70.297 Thread 0x0000015f4f530310 nmethod 5803 0x0000015f3cafef10 code [0x0000015f3caff0e0, 0x0000015f3caff548]

GC Heap History (10 events):
Event: 5.249 GC heap before
{Heap before GC invocations=0 (full 0):
 garbage-first heap   total 262144K, used 28672K [0x00000000e0000000, 0x0000000100000000)
  region size 1024K, 23 young (23552K), 0 survivors (0K)
 Metaspace       used 2978K, committed 3136K, reserved 221184K
  class space    used 385K, committed 448K, reserved 212992K
}
Event: 5.252 GC heap after
{Heap after GC invocations=1 (full 0):
 garbage-first heap   total 262144K, used 9300K [0x00000000e0000000, 0x0000000100000000)
  region size 1024K, 3 young (3072K), 3 survivors (3072K)
 Metaspace       used 2978K, committed 3136K, reserved 221184K
  class space    used 385K, committed 448K, reserved 212992K
}
Event: 7.737 GC heap before
{Heap before GC invocations=1 (full 0):
 garbage-first heap   total 262144K, used 36948K [0x00000000e0000000, 0x0000000100000000)
  region size 1024K, 30 young (30720K), 3 survivors (3072K)
 Metaspace       used 3876K, committed 4096K, reserved 221184K
  class space    used 479K, committed 576K, reserved 212992K
}
Event: 7.740 GC heap after
{Heap after GC invocations=2 (full 0):
 garbage-first heap   total 262144K, used 12505K [0x00000000e0000000, 0x0000000100000000)
  region size 1024K, 2 young (2048K), 2 survivors (2048K)
 Metaspace       used 3876K, committed 4096K, reserved 221184K
  class space    used 479K, committed 576K, reserved 212992K
}
Event: 31.947 GC heap before
{Heap before GC invocations=2 (full 0):
 garbage-first heap   total 262144K, used 145625K [0x00000000e0000000, 0x0000000100000000)
  region size 1024K, 115 young (117760K), 2 survivors (2048K)
 Metaspace       used 21182K, committed 21504K, reserved 237568K
  class space    used 3157K, committed 3328K, reserved 212992K
}
Event: 31.957 GC heap after
{Heap after GC invocations=3 (full 0):
 garbage-first heap   total 262144K, used 44753K [0x00000000e0000000, 0x0000000100000000)
  region size 1024K, 16 young (16384K), 16 survivors (16384K)
 Metaspace       used 21182K, committed 21504K, reserved 237568K
  class space    used 3157K, committed 3328K, reserved 212992K
}
Event: 57.153 GC heap before
{Heap before GC invocations=4 (full 0):
 garbage-first heap   total 262144K, used 173777K [0x00000000e0000000, 0x0000000100000000)
  region size 1024K, 128 young (131072K), 16 survivors (16384K)
 Metaspace       used 35593K, committed 35968K, reserved 245760K
  class space    used 4937K, committed 5120K, reserved 212992K
}
Event: 57.166 GC heap after
{Heap after GC invocations=5 (full 0):
 garbage-first heap   total 262144K, used 69698K [0x00000000e0000000, 0x0000000100000000)
  region size 1024K, 13 young (13312K), 13 survivors (13312K)
 Metaspace       used 35593K, committed 35968K, reserved 245760K
  class space    used 4937K, committed 5120K, reserved 212992K
}
Event: 69.423 GC heap before
{Heap before GC invocations=6 (full 0):
 garbage-first heap   total 262144K, used 211010K [0x00000000e0000000, 0x0000000100000000)
  region size 1024K, 127 young (130048K), 13 survivors (13312K)
 Metaspace       used 46983K, committed 47616K, reserved 253952K
  class space    used 6572K, committed 6848K, reserved 212992K
}
Event: 69.433 GC heap after
{Heap after GC invocations=7 (full 0):
 garbage-first heap   total 262144K, used 106496K [0x00000000e0000000, 0x0000000100000000)
  region size 1024K, 13 young (13312K), 13 survivors (13312K)
 Metaspace       used 46983K, committed 47616K, reserved 253952K
  class space    used 6572K, committed 6848K, reserved 212992K
}

Deoptimization events (20 events):
Event: 70.101 Thread 0x0000015f51eadf90 DEOPT PACKING pc=0x0000015f3cba0aee sp=0x000000285b8f8f90
Event: 70.101 Thread 0x0000015f51eadf90 DEOPT UNPACKING pc=0x0000015f3c0e2b43 sp=0x000000285b8f8440 mode 0
Event: 70.103 Thread 0x0000015f51eadf90 Uncommon trap: trap_request=0xffffffde fr.pc=0x0000015f43decda4 relative=0x0000000000001b44
Event: 70.103 Thread 0x0000015f51eadf90 Uncommon trap: reason=class_check action=maybe_recompile pc=0x0000015f43decda4 method=org.codehaus.groovy.reflection.ParameterTypes.getParametersTypes0()V @ 16 c2
Event: 70.103 Thread 0x0000015f51eadf90 DEOPT PACKING pc=0x0000015f43decda4 sp=0x000000285b8f8fd0
Event: 70.103 Thread 0x0000015f51eadf90 DEOPT UNPACKING pc=0x0000015f3c0e23a3 sp=0x000000285b8f8fb8 mode 2
Event: 70.103 Thread 0x0000015f51eadf90 Uncommon trap: trap_request=0xffffffde fr.pc=0x0000015f43decda4 relative=0x0000000000001b44
Event: 70.103 Thread 0x0000015f51eadf90 Uncommon trap: reason=class_check action=maybe_recompile pc=0x0000015f43decda4 method=org.codehaus.groovy.reflection.ParameterTypes.getParametersTypes0()V @ 16 c2
Event: 70.103 Thread 0x0000015f51eadf90 DEOPT PACKING pc=0x0000015f43decda4 sp=0x000000285b8f8fd0
Event: 70.103 Thread 0x0000015f51eadf90 DEOPT UNPACKING pc=0x0000015f3c0e23a3 sp=0x000000285b8f8fb8 mode 2
Event: 70.221 Thread 0x0000015f51eadf90 DEOPT PACKING pc=0x0000015f3caa4650 sp=0x000000285b8f80a0
Event: 70.221 Thread 0x0000015f51eadf90 DEOPT UNPACKING pc=0x0000015f3c0e2b43 sp=0x000000285b8f7580 mode 0
Event: 70.223 Thread 0x0000015f51eadf90 Uncommon trap: trap_request=0xffffff45 fr.pc=0x0000015f43e71ba4 relative=0x0000000000000364
Event: 70.223 Thread 0x0000015f51eadf90 Uncommon trap: reason=unstable_if action=reinterpret pc=0x0000015f43e71ba4 method=org.gradle.internal.reflect.PropertyAccessorType.of(Ljava/lang/reflect/Method;)Lorg/gradle/internal/reflect/PropertyAccessorType; @ 56 c2
Event: 70.223 Thread 0x0000015f51eadf90 DEOPT PACKING pc=0x0000015f43e71ba4 sp=0x000000285b8f83e0
Event: 70.223 Thread 0x0000015f51eadf90 DEOPT UNPACKING pc=0x0000015f3c0e23a3 sp=0x000000285b8f83a0 mode 2
Event: 70.272 Thread 0x0000015f51eadf90 Uncommon trap: trap_request=0xffffff45 fr.pc=0x0000015f43b994d0 relative=0x0000000000000510
Event: 70.272 Thread 0x0000015f51eadf90 Uncommon trap: reason=unstable_if action=reinterpret pc=0x0000015f43b994d0 method=java.lang.AbstractStringBuilder.putStringAt(ILjava/lang/String;II)V @ 8 c2
Event: 70.272 Thread 0x0000015f51eadf90 DEOPT PACKING pc=0x0000015f43b994d0 sp=0x000000285b8f7440
Event: 70.272 Thread 0x0000015f51eadf90 DEOPT UNPACKING pc=0x0000015f3c0e23a3 sp=0x000000285b8f7320 mode 2

Classes unloaded (0 events):
No events

Classes redefined (0 events):
No events

Internal exceptions (20 events):
Event: 70.089 Thread 0x0000015f51eadf90 Exception <a 'java/lang/ClassNotFoundException'{0x00000000ee93f468}: org/gradle/api/tasks/testing/Test_DecoratedBeanInfo> (0x00000000ee93f468) 
thrown [t:\workspace\open\src\hotspot\share\classfile\systemDictionary.cpp, line 256]
Event: 70.090 Thread 0x0000015f51eadf90 Exception <a 'java/lang/ClassNotFoundException'{0x00000000ee94cca0}: org/gradle/api/tasks/testing/TestBeanInfo> (0x00000000ee94cca0) 
thrown [t:\workspace\open\src\hotspot\share\classfile\systemDictionary.cpp, line 256]
Event: 70.090 Thread 0x0000015f51eadf90 Exception <a 'java/lang/ClassNotFoundException'{0x00000000ee95a8c8}: org/gradle/api/tasks/testing/AbstractTestTaskBeanInfo> (0x00000000ee95a8c8) 
thrown [t:\workspace\open\src\hotspot\share\classfile\systemDictionary.cpp, line 256]
Event: 70.090 Thread 0x0000015f51eadf90 Exception <a 'java/lang/ClassNotFoundException'{0x00000000ee965f60}: org/gradle/api/internal/ConventionTaskBeanInfo> (0x00000000ee965f60) 
thrown [t:\workspace\open\src\hotspot\share\classfile\systemDictionary.cpp, line 256]
Event: 70.090 Thread 0x0000015f51eadf90 Exception <a 'java/lang/ClassNotFoundException'{0x00000000ee9713b8}: org/gradle/api/DefaultTaskBeanInfo> (0x00000000ee9713b8) 
thrown [t:\workspace\open\src\hotspot\share\classfile\systemDictionary.cpp, line 256]
Event: 70.090 Thread 0x0000015f51eadf90 Exception <a 'java/lang/ClassNotFoundException'{0x00000000ee97ca50}: org/gradle/api/internal/AbstractTaskBeanInfo> (0x00000000ee97ca50) 
thrown [t:\workspace\open\src\hotspot\share\classfile\systemDictionary.cpp, line 256]
Event: 70.091 Thread 0x0000015f51eadf90 Exception <a 'java/lang/ClassNotFoundException'{0x00000000ee988310}: org/gradle/api/internal/AbstractTaskCustomizer> (0x00000000ee988310) 
thrown [t:\workspace\open\src\hotspot\share\classfile\systemDictionary.cpp, line 256]
Event: 70.092 Thread 0x0000015f51eadf90 Exception <a 'java/lang/ClassNotFoundException'{0x00000000ee9e4378}: org/gradle/api/DefaultTaskCustomizer> (0x00000000ee9e4378) 
thrown [t:\workspace\open\src\hotspot\share\classfile\systemDictionary.cpp, line 256]
Event: 70.094 Thread 0x0000015f51eadf90 Exception <a 'java/lang/ClassNotFoundException'{0x00000000ee849c98}: org/gradle/api/internal/ConventionTaskCustomizer> (0x00000000ee849c98) 
thrown [t:\workspace\open\src\hotspot\share\classfile\systemDictionary.cpp, line 256]
Event: 70.094 Thread 0x0000015f51eadf90 Exception <a 'java/lang/ClassNotFoundException'{0x00000000ee867968}: org/gradle/api/tasks/testing/AbstractTestTaskCustomizer> (0x00000000ee867968) 
thrown [t:\workspace\open\src\hotspot\share\classfile\systemDictionary.cpp, line 256]
Event: 70.095 Thread 0x0000015f51eadf90 Exception <a 'java/lang/ClassNotFoundException'{0x00000000ee895828}: org/gradle/api/tasks/testing/TestCustomizer> (0x00000000ee895828) 
thrown [t:\workspace\open\src\hotspot\share\classfile\systemDictionary.cpp, line 256]
Event: 70.098 Thread 0x0000015f51eadf90 Exception <a 'java/lang/ClassNotFoundException'{0x00000000ee7256b0}: org/gradle/api/tasks/testing/Test_DecoratedCustomizer> (0x00000000ee7256b0) 
thrown [t:\workspace\open\src\hotspot\share\classfile\systemDictionary.cpp, line 256]
Event: 70.102 Thread 0x0000015f51eadf90 Exception <a 'java/lang/ClassNotFoundException'{0x00000000ee68d818}: java/util/LinkedHashSetBeanInfo> (0x00000000ee68d818) 
thrown [t:\workspace\open\src\hotspot\share\classfile\systemDictionary.cpp, line 256]
Event: 70.102 Thread 0x0000015f51eadf90 Exception <a 'java/lang/ClassNotFoundException'{0x00000000ee693028}: java/util/HashSetBeanInfo> (0x00000000ee693028) 
thrown [t:\workspace\open\src\hotspot\share\classfile\systemDictionary.cpp, line 256]
Event: 70.102 Thread 0x0000015f51eadf90 Exception <a 'java/lang/ClassNotFoundException'{0x00000000ee698840}: java/util/AbstractSetBeanInfo> (0x00000000ee698840) 
thrown [t:\workspace\open\src\hotspot\share\classfile\systemDictionary.cpp, line 256]
Event: 70.102 Thread 0x0000015f51eadf90 Exception <a 'java/lang/ClassNotFoundException'{0x00000000ee69e2f8}: java/util/AbstractSetCustomizer> (0x00000000ee69e2f8) 
thrown [t:\workspace\open\src\hotspot\share\classfile\systemDictionary.cpp, line 256]
Event: 70.102 Thread 0x0000015f51eadf90 Exception <a 'java/lang/ClassNotFoundException'{0x00000000ee6a7bd0}: java/util/HashSetCustomizer> (0x00000000ee6a7bd0) 
thrown [t:\workspace\open\src\hotspot\share\classfile\systemDictionary.cpp, line 256]
Event: 70.103 Thread 0x0000015f51eadf90 Exception <a 'java/lang/ClassNotFoundException'{0x00000000ee6b7258}: java/util/LinkedHashSetCustomizer> (0x00000000ee6b7258) 
thrown [t:\workspace\open\src\hotspot\share\classfile\systemDictionary.cpp, line 256]
Event: 70.174 Thread 0x0000015f51eadf90 Exception <a 'java/lang/ClassNotFoundException'{0x00000000ee31ae78}: org/codehaus/groovy/runtime/NullObjectBeanInfo> (0x00000000ee31ae78) 
thrown [t:\workspace\open\src\hotspot\share\classfile\systemDictionary.cpp, line 256]
Event: 70.176 Thread 0x0000015f51eadf90 Exception <a 'java/lang/ClassNotFoundException'{0x00000000ee2e3528}: org/codehaus/groovy/runtime/NullObjectCustomizer> (0x00000000ee2e3528) 
thrown [t:\workspace\open\src\hotspot\share\classfile\systemDictionary.cpp, line 256]

VM Operations (20 events):
Event: 68.932 Executing VM operation: Cleanup
Event: 68.932 Executing VM operation: Cleanup done
Event: 69.347 Executing VM operation: HandshakeAllThreads
Event: 69.347 Executing VM operation: HandshakeAllThreads done
Event: 69.423 Executing VM operation: G1CollectForAllocation
Event: 69.433 Executing VM operation: G1CollectForAllocation done
Event: 69.496 Executing VM operation: HandshakeAllThreads
Event: 69.496 Executing VM operation: HandshakeAllThreads done
Event: 69.497 Executing VM operation: HandshakeAllThreads
Event: 69.497 Executing VM operation: HandshakeAllThreads done
Event: 69.506 Executing VM operation: HandshakeAllThreads
Event: 69.506 Executing VM operation: HandshakeAllThreads done
Event: 69.665 Executing VM operation: ICBufferFull
Event: 69.665 Executing VM operation: ICBufferFull done
Event: 69.738 Executing VM operation: HandshakeAllThreads
Event: 69.738 Executing VM operation: HandshakeAllThreads done
Event: 70.122 Executing VM operation: ICBufferFull
Event: 70.122 Executing VM operation: ICBufferFull done
Event: 70.287 Executing VM operation: ICBufferFull
Event: 70.287 Executing VM operation: ICBufferFull done

Events (20 events):
Event: 70.102 loading class java/util/HashSetBeanInfo done
Event: 70.102 loading class java/util/HashSetBeanInfo
Event: 70.102 loading class java/util/HashSetBeanInfo done
Event: 70.102 loading class java/util/AbstractSetBeanInfo
Event: 70.102 loading class java/util/AbstractSetBeanInfo done
Event: 70.102 loading class java/util/AbstractSetBeanInfo
Event: 70.102 loading class java/util/AbstractSetBeanInfo done
Event: 70.102 loading class java/util/AbstractSetCustomizer
Event: 70.102 loading class java/util/AbstractSetCustomizer done
Event: 70.102 loading class java/util/AbstractSetCustomizer
Event: 70.102 loading class java/util/AbstractSetCustomizer done
Event: 70.102 loading class java/util/HashSetCustomizer
Event: 70.102 loading class java/util/HashSetCustomizer done
Event: 70.102 loading class java/util/HashSetCustomizer
Event: 70.102 loading class java/util/HashSetCustomizer done
Event: 70.103 loading class java/util/LinkedHashSetCustomizer
Event: 70.103 loading class java/util/LinkedHashSetCustomizer done
Event: 70.103 loading class java/util/LinkedHashSetCustomizer
Event: 70.103 loading class java/util/LinkedHashSetCustomizer done
Event: 70.178 Thread 0x0000015f50aa5f90 Thread added: 0x0000015f50aa5f90


Dynamic libraries:
0x00007ff6f3dd0000 - 0x00007ff6f3dde000 	C:\Users\smrhd\.jdks\openjdk-17.0.1\bin\java.exe
0x00007ffafd670000 - 0x00007ffafd865000 	C:\WINDOWS\SYSTEM32\ntdll.dll
0x00007ffafbeb0000 - 0x00007ffafbf6e000 	C:\WINDOWS\System32\KERNEL32.DLL
0x00007ffafaef0000 - 0x00007ffafb1b8000 	C:\WINDOWS\System32\KERNELBASE.dll
0x00007ffafb260000 - 0x00007ffafb360000 	C:\WINDOWS\System32\ucrtbase.dll
0x00007ffaf5e00000 - 0x00007ffaf5e18000 	C:\Users\smrhd\.jdks\openjdk-17.0.1\bin\jli.dll
0x00007ffac9220000 - 0x00007ffac923a000 	C:\Users\smrhd\.jdks\openjdk-17.0.1\bin\VCRUNTIME140.dll
0x00007ffafb9c0000 - 0x00007ffafbb60000 	C:\WINDOWS\System32\USER32.dll
0x00007ffafb4e0000 - 0x00007ffafb502000 	C:\WINDOWS\System32\win32u.dll
0x00007ffafb6d0000 - 0x00007ffafb6fb000 	C:\WINDOWS\System32\GDI32.dll
0x00007ffafb510000 - 0x00007ffafb61b000 	C:\WINDOWS\System32\gdi32full.dll
0x00007ffafa1a0000 - 0x00007ffafa43a000 	C:\WINDOWS\WinSxS\amd64_microsoft.windows.common-controls_6595b64144ccf1df_6.0.19041.1110_none_60b5254171f9507e\COMCTL32.dll
0x00007ffafb3f0000 - 0x00007ffafb48d000 	C:\WINDOWS\System32\msvcp_win.dll
0x00007ffafbc10000 - 0x00007ffafbcae000 	C:\WINDOWS\System32\msvcrt.dll
0x00007ffafbd30000 - 0x00007ffafbd60000 	C:\WINDOWS\System32\IMM32.DLL
0x00007ffaf5df0000 - 0x00007ffaf5dfc000 	C:\Users\smrhd\.jdks\openjdk-17.0.1\bin\vcruntime140_1.dll
0x00007ffac43a0000 - 0x00007ffac442d000 	C:\Users\smrhd\.jdks\openjdk-17.0.1\bin\msvcp140.dll
0x00007ffaa0db0000 - 0x00007ffaa196e000 	C:\Users\smrhd\.jdks\openjdk-17.0.1\bin\server\jvm.dll
0x00007ffafbd60000 - 0x00007ffafbe0e000 	C:\WINDOWS\System32\ADVAPI32.dll
0x00007ffafbe10000 - 0x00007ffafbeac000 	C:\WINDOWS\System32\sechost.dll
0x00007ffafc050000 - 0x00007ffafc175000 	C:\WINDOWS\System32\RPCRT4.dll
0x00007ffafb700000 - 0x00007ffafb708000 	C:\WINDOWS\System32\PSAPI.DLL
0x00007ffaea120000 - 0x00007ffaea129000 	C:\WINDOWS\SYSTEM32\WSOCK32.dll
0x00007ffafcb20000 - 0x00007ffafcb8b000 	C:\WINDOWS\System32\WS2_32.dll
0x00007ffaf4ca0000 - 0x00007ffaf4caa000 	C:\WINDOWS\SYSTEM32\VERSION.dll
0x00007ffaebd40000 - 0x00007ffaebd67000 	C:\WINDOWS\SYSTEM32\WINMM.dll
0x00007ffaf8670000 - 0x00007ffaf8682000 	C:\WINDOWS\SYSTEM32\kernel.appcore.dll
0x00007ffad6d00000 - 0x00007ffad6d0a000 	C:\Users\smrhd\.jdks\openjdk-17.0.1\bin\jimage.dll
0x00007ffafa710000 - 0x00007ffafa8f4000 	C:\WINDOWS\SYSTEM32\DBGHELP.DLL
0x00007ffafa6e0000 - 0x00007ffafa70c000 	C:\WINDOWS\SYSTEM32\dbgcore.DLL
0x00007ffafb360000 - 0x00007ffafb3e2000 	C:\WINDOWS\System32\bcryptPrimitives.dll
0x00007ffac8710000 - 0x00007ffac8735000 	C:\Users\smrhd\.jdks\openjdk-17.0.1\bin\java.dll
0x00007ffab4250000 - 0x00007ffab4326000 	C:\Users\smrhd\.jdks\openjdk-17.0.1\bin\svml.dll
0x00007ffafc3d0000 - 0x00007ffafcb14000 	C:\WINDOWS\System32\SHELL32.dll
0x00007ffaf8870000 - 0x00007ffaf9004000 	C:\WINDOWS\SYSTEM32\windows.storage.dll
0x00007ffafd2d0000 - 0x00007ffafd624000 	C:\WINDOWS\System32\combase.dll
0x00007ffafa100000 - 0x00007ffafa12c000 	C:\WINDOWS\SYSTEM32\Wldp.dll
0x00007ffafbb60000 - 0x00007ffafbc0d000 	C:\WINDOWS\System32\SHCORE.dll
0x00007ffafb960000 - 0x00007ffafb9b5000 	C:\WINDOWS\System32\shlwapi.dll
0x00007ffafacd0000 - 0x00007ffafacef000 	C:\WINDOWS\SYSTEM32\profapi.dll
0x00007ffac9200000 - 0x00007ffac9219000 	C:\Users\smrhd\.jdks\openjdk-17.0.1\bin\net.dll
0x00007ffaee1a0000 - 0x00007ffaee2a9000 	C:\WINDOWS\SYSTEM32\WINHTTP.dll
0x00007ffaf9fa0000 - 0x00007ffafa00a000 	C:\WINDOWS\system32\mswsock.dll
0x00007ffac4380000 - 0x00007ffac4395000 	C:\Users\smrhd\.jdks\openjdk-17.0.1\bin\nio.dll
0x00007ffac4360000 - 0x00007ffac4378000 	C:\Users\smrhd\.jdks\openjdk-17.0.1\bin\zip.dll
0x00007ffad4ed0000 - 0x00007ffad4ee0000 	C:\Users\smrhd\.jdks\openjdk-17.0.1\bin\verify.dll
0x00007ffacf4d0000 - 0x00007ffacf4f7000 	C:\Users\smrhd\.gradle\native\e1d6ef7f7dcc3fd88c89a11ec53ec762bb8ba0a96d01ffa2cd45eb1d1d8dd5c5\windows-amd64\native-platform.dll
0x00007ffab4100000 - 0x00007ffab4244000 	C:\Users\smrhd\.gradle\native\0d407fdbe67a94daf76414ababcb853783967236a71b16ec16e742cd7a986fd3\windows-amd64\native-platform-file-events.dll
0x00007ffae80e0000 - 0x00007ffae80e9000 	C:\Users\smrhd\.jdks\openjdk-17.0.1\bin\management.dll
0x00007ffad0410000 - 0x00007ffad041b000 	C:\Users\smrhd\.jdks\openjdk-17.0.1\bin\management_ext.dll
0x00007ffafaaa0000 - 0x00007ffafaab8000 	C:\WINDOWS\SYSTEM32\CRYPTSP.dll
0x00007ffaf97a0000 - 0x00007ffaf97d4000 	C:\WINDOWS\system32\rsaenh.dll
0x00007ffafb230000 - 0x00007ffafb257000 	C:\WINDOWS\System32\bcrypt.dll
0x00007ffafac50000 - 0x00007ffafac7e000 	C:\WINDOWS\SYSTEM32\USERENV.dll
0x00007ffafa0f0000 - 0x00007ffafa0fc000 	C:\WINDOWS\SYSTEM32\CRYPTBASE.dll
0x00007ffaf9b50000 - 0x00007ffaf9b8b000 	C:\WINDOWS\SYSTEM32\IPHLPAPI.DLL
0x00007ffafc3c0000 - 0x00007ffafc3c8000 	C:\WINDOWS\System32\NSI.dll
0x00007ffaf3be0000 - 0x00007ffaf3bf7000 	C:\WINDOWS\SYSTEM32\dhcpcsvc6.DLL
0x00007ffaf3bc0000 - 0x00007ffaf3bdd000 	C:\WINDOWS\SYSTEM32\dhcpcsvc.DLL
0x00007ffaf9b90000 - 0x00007ffaf9c5a000 	C:\WINDOWS\SYSTEM32\DNSAPI.dll
0x00007ffad0400000 - 0x00007ffad040e000 	C:\Users\smrhd\.jdks\openjdk-17.0.1\bin\sunmscapi.dll
0x00007ffafad90000 - 0x00007ffafaee6000 	C:\WINDOWS\System32\CRYPT32.dll
0x00007ffafa170000 - 0x00007ffafa197000 	C:\WINDOWS\SYSTEM32\ncrypt.dll
0x00007ffafa130000 - 0x00007ffafa16b000 	C:\WINDOWS\SYSTEM32\NTASN1.dll
0x00007ffad03f0000 - 0x00007ffad03f7000 	C:\WINDOWS\system32\wshunix.dll

dbghelp: loaded successfully - version: 4.0.5 - missing functions: none
symbol engine: initialized successfully - sym options: 0x614 - pdb path: .;C:\Users\smrhd\.jdks\openjdk-17.0.1\bin;C:\WINDOWS\SYSTEM32;C:\WINDOWS\WinSxS\amd64_microsoft.windows.common-controls_6595b64144ccf1df_6.0.19041.1110_none_60b5254171f9507e;C:\Users\smrhd\.jdks\openjdk-17.0.1\bin\server;C:\Users\smrhd\.gradle\native\e1d6ef7f7dcc3fd88c89a11ec53ec762bb8ba0a96d01ffa2cd45eb1d1d8dd5c5\windows-amd64;C:\Users\smrhd\.gradle\native\0d407fdbe67a94daf76414ababcb853783967236a71b16ec16e742cd7a986fd3\windows-amd64

VM Arguments:
jvm_args: --add-opens=java.base/java.util=ALL-UNNAMED --add-opens=java.base/java.lang=ALL-UNNAMED --add-opens=java.base/java.lang.invoke=ALL-UNNAMED --add-opens=java.base/java.util=ALL-UNNAMED --add-opens=java.prefs/java.util.prefs=ALL-UNNAMED --add-opens=java.prefs/java.util.prefs=ALL-UNNAMED --add-opens=java.base/java.nio.charset=ALL-UNNAMED --add-opens=java.base/java.net=ALL-UNNAMED --add-opens=java.base/java.util.concurrent.atomic=ALL-UNNAMED -XX:MaxMetaspaceSize=256m -XX:+HeapDumpOnOutOfMemoryError -Xms256m -Xmx512m -Dfile.encoding=x-windows-949 -Duser.country=KR -Duser.language=ko -Duser.variant 
java_command: org.gradle.launcher.daemon.bootstrap.GradleDaemon 7.4
java_class_path (initial): C:\Users\smrhd\.gradle\wrapper\dists\gradle-7.4-bin\c0gwcg53nkjbqw7r0h0umtfvt\gradle-7.4\lib\gradle-launcher-7.4.jar
Launcher Type: SUN_STANDARD

[Global flags]
     intx CICompilerCount                          = 4                                         {product} {ergonomic}
   size_t CompressedClassSpaceSize                 = 218103808                                 {product} {ergonomic}
     uint ConcGCThreads                            = 3                                         {product} {ergonomic}
     uint G1ConcRefinementThreads                  = 10                                        {product} {ergonomic}
   size_t G1HeapRegionSize                         = 1048576                                   {product} {ergonomic}
    uintx GCDrainStackTargetSize                   = 64                                        {product} {ergonomic}
     bool HeapDumpOnOutOfMemoryError               = true                                   {manageable} {command line}
   size_t InitialHeapSize                          = 268435456                                 {product} {command line}
   size_t MarkStackSize                            = 4194304                                   {product} {ergonomic}
   size_t MaxHeapSize                              = 536870912                                 {product} {command line}
   size_t MaxMetaspaceSize                         = 268435456                                 {product} {command line}
   size_t MaxNewSize                               = 321912832                                 {product} {ergonomic}
   size_t MinHeapDeltaBytes                        = 1048576                                   {product} {ergonomic}
   size_t MinHeapSize                              = 268435456                                 {product} {command line}
    uintx NonNMethodCodeHeapSize                   = 5839372                                {pd product} {ergonomic}
    uintx NonProfiledCodeHeapSize                  = 122909434                              {pd product} {ergonomic}
    uintx ProfiledCodeHeapSize                     = 122909434                              {pd product} {ergonomic}
    uintx ReservedCodeCacheSize                    = 251658240                              {pd product} {ergonomic}
     bool SegmentedCodeCache                       = true                                      {product} {ergonomic}
   size_t SoftMaxHeapSize                          = 536870912                              {manageable} {ergonomic}
     bool UseCompressedClassPointers               = true                           {product lp64_product} {ergonomic}
     bool UseCompressedOops                        = true                           {product lp64_product} {ergonomic}
     bool UseG1GC                                  = true                                      {product} {ergonomic}
     bool UseLargePagesIndividualAllocation        = false                                  {pd product} {ergonomic}

Logging:
Log output configuration:
 #0: stdout all=warning uptime,level,tags
 #1: stderr all=off uptime,level,tags

Environment Variables:
PATH=C:\Python310\Scripts\;C:\Python310\;C:\oraclexe\app\oracle\product\11.2.0\server\bin;C:\Program Files (x86)\Common Files\Oracle\Java\javapath;C:\WINDOWS\system32;C:\WINDOWS;C:\WINDOWS\System32\Wbem;C:\WINDOWS\System32\WindowsPowerShell\v1.0\;C:\WINDOWS\System32\OpenSSH\;C:\Users\smrhd\anaconda3\Lib\site-packages\graphviz;C:\Program Files (x86)\PuTTY\;C:\Program Files\nodejs\;C:\ProgramData\chocolatey\bin;C:\Program Files\Amazon\AWSCLI\bin\;C:\Program Files\Git\cmd;C:\Program Files\TortoiseGit\bin;C:\Program Files\MySQL\MySQL Shell 8.0\bin\;C:\Users\smrhd\AppData\Local\Microsoft\WindowsApps;C:\Program Files\Bandizip\;C:\Users\smrhd\AppData\Local\Programs\Microsoft VS Code\bin;C:\Program Files\Graphviz\bin;;C:\Program Files\JetBrains\IntelliJ IDEA 2021.3.1\bin;;C:\Users\smrhd\AppData\Roaming\npm
USERNAME=smrhd
OS=Windows_NT
PROCESSOR_IDENTIFIER=Intel64 Family 6 Model 158 Stepping 10, GenuineIntel



---------------  S Y S T E M  ---------------

OS:
 Windows 10 , 64 bit Build 19041 (10.0.19041.1566)
OS uptime: 0 days 0:14 hours

CPU: total 12 (initial active 12) (6 cores per cpu, 2 threads per core) family 6 model 158 stepping 10 microcode 0xb4, cx8, cmov, fxsr, ht, mmx, 3dnowpref, sse, sse2, sse3, ssse3, sse4.1, sse4.2, popcnt, lzcnt, tsc, tscinvbit, avx, avx2, aes, erms, clmul, bmi1, bmi2, rtm, adx, fma, vzeroupper, clflush, clflushopt

Memory: 4k page, system-wide physical 16225M (9449M free)
TotalPageFile size 32609M (AvailPageFile size 25589M)
current process WorkingSet (physical memory assigned to process): 412M, peak: 426M
current process commit charge ("private bytes"): 493M, peak: 506M

vm_info: OpenJDK 64-Bit Server VM (17.0.1+12-39) for windows-amd64 JRE (17.0.1+12-39), built on Sep 27 2021 18:39:29 by "mach5one" with MS VC++ 16.8 (VS2019)

END.
